{
    "items": [
        {
            "tags": [
                "class",
                "delphi",
                "subclass",
                "delphi-7"
            ],
            "owner": {
                "reputation": 20,
                "user_id": 1543486,
                "user_type": "registered",
                "accept_rate": 71,
                "profile_image": "https://www.gravatar.com/avatar/3aa1a60e4871f9229bca50f5edb93d85?s=128&d=identicon&r=PG",
                "display_name": "Andr&#233;",
                "link": "https://stackoverflow.com/users/1543486/andr%c3%a9"
            },
            "is_answered": false,
            "view_count": 90,
            "closed_date": 1526455079,
            "answer_count": 0,
            "score": -4,
            "last_activity_date": 1526431274,
            "creation_date": 1526425160,
            "last_edit_date": 1526431274,
            "question_id": 50360250,
            "body_markdown": "How can I create a static class like this in Delphi 7?\r\n\r\n    TFunction(TComboBox).Save\r\n    TFunction(TComboBox).Name\r\n\r\nExample method *Save* e *Name*\r\n\r\nIt would be a TCombox type object that I would indicate and then wanted to have additional functions that I could implement knowing the source of that TComboBox\r\n\r\nExample\r\n\r\n    type\r\n      TAction = class\r\n      private\r\n      public\r\n        class function Name: string;\r\n    end;\r\n\r\n    type\r\n      TFunction = class\r\n      private\r\n      public\r\n       class function Jogo(T:TComboBox):TAction;\r\n    end;",
            "link": "https://stackoverflow.com/questions/50360250/class-with-subclass-delphi",
            "closed_reason": "unclear what you&#39;re asking",
            "title": "Class with subclass Delphi?",
            "body": "<p>How can I create a static class like this in Delphi 7?</p>\n\n<pre><code>TFunction(TComboBox).Save\nTFunction(TComboBox).Name\n</code></pre>\n\n<p>Example method <em>Save</em> e <em>Name</em></p>\n\n<p>It would be a TCombox type object that I would indicate and then wanted to have additional functions that I could implement knowing the source of that TComboBox</p>\n\n<p>Example</p>\n\n<pre><code>type\n  TAction = class\n  private\n  public\n    class function Name: string;\nend;\n\ntype\n  TFunction = class\n  private\n  public\n   class function Jogo(T:TComboBox):TAction;\nend;\n</code></pre>\n"
        },
        {
            "tags": [
                "c++",
                "visual-studio-code",
                "include-path"
            ],
            "owner": {
                "reputation": 165,
                "user_id": 4352047,
                "user_type": "registered",
                "accept_rate": 75,
                "profile_image": "https://www.gravatar.com/avatar/b3a311219193f8cce63994c4705c3cf6?s=128&d=identicon&r=PG&f=1",
                "display_name": "Deftness",
                "link": "https://stackoverflow.com/users/4352047/deftness"
            },
            "is_answered": true,
            "view_count": 13709,
            "accepted_answer_id": 36133658,
            "answer_count": 2,
            "score": 5,
            "last_activity_date": 1526431242,
            "creation_date": 1458528386,
            "question_id": 36122358,
            "body_markdown": "I&#39;m currently using https://marketplace.visualstudio.com/items?itemName=mitaki28.vscode-clang which is great as a nice little tool for accessing member functions. \r\n\r\nI am however having one issue with a project I am importing. While the above clang feature works, I am having particular problem with using include directories. My project structure is as follows:\r\n\r\n\r\n    |- src/\r\n       |- main.cpp\r\n    |- include/\r\n       |- MyHelper.h\r\n    |- CMakeLists.txt\r\n\r\nIs there a way to configure my include directories in Visual Studio Code such that in `main.cpp` I can just do: \r\n`#include &quot;MyHelper.h&quot;` instead of `#include &quot;include/MyHelper.h&quot;?` \r\n\r\nIn the editor, it highlights my include statement saying it&#39;s unable to find the file. While the editor is not a big deal (my project compiles), the subsequent issue is the vscode-clang plugin does not work because it does not see the file.\r\n\r\nPerhaps even have it use the config from my CMakeLists.txt in the editor for necessary includes?\r\n\r\nThanks!",
            "link": "https://stackoverflow.com/questions/36122358/visual-studio-code-c-include-path",
            "title": "Visual Studio Code: C++ include path",
            "body": "<p>I'm currently using <a href=\"https://marketplace.visualstudio.com/items?itemName=mitaki28.vscode-clang\" rel=\"noreferrer\">https://marketplace.visualstudio.com/items?itemName=mitaki28.vscode-clang</a> which is great as a nice little tool for accessing member functions. </p>\n\n<p>I am however having one issue with a project I am importing. While the above clang feature works, I am having particular problem with using include directories. My project structure is as follows:</p>\n\n<pre><code>|- src/\n   |- main.cpp\n|- include/\n   |- MyHelper.h\n|- CMakeLists.txt\n</code></pre>\n\n<p>Is there a way to configure my include directories in Visual Studio Code such that in <code>main.cpp</code> I can just do: \n<code>#include \"MyHelper.h\"</code> instead of <code>#include \"include/MyHelper.h\"?</code> </p>\n\n<p>In the editor, it highlights my include statement saying it's unable to find the file. While the editor is not a big deal (my project compiles), the subsequent issue is the vscode-clang plugin does not work because it does not see the file.</p>\n\n<p>Perhaps even have it use the config from my CMakeLists.txt in the editor for necessary includes?</p>\n\n<p>Thanks!</p>\n"
        },
        {
            "tags": [
                "php",
                "security"
            ],
            "owner": {
                "reputation": 3,
                "user_id": 4877981,
                "user_type": "registered",
                "profile_image": "https://www.gravatar.com/avatar/9c48740ac1ee14f5e42d755ce4e45dd8?s=128&d=identicon&r=PG&f=1",
                "display_name": "Laaz",
                "link": "https://stackoverflow.com/users/4877981/laaz"
            },
            "is_answered": false,
            "view_count": 28,
            "answer_count": 1,
            "score": 0,
            "last_activity_date": 1526431237,
            "creation_date": 1526430842,
            "question_id": 50360888,
            "body_markdown": "I&#39;m trying to sanitize the output of something from the database into a paramater of a function but for some reason it does not work if the output is something like for example this **&#39;|\\&quot;&quot;@sa** but if it it this **###** it works... Meaning for some reason the htmlspecialchars is not doing what is supposed to do... what am i doing wrong?\r\n\r\n    echo(&quot;&lt;a onClick&#39;(deleteCateg(\\&quot;$row[id]\\&quot;,\\&quot;&quot;.htmlspecialchars(&quot;$row[nome]&quot;,ENT_QUOTES).&quot;\\&quot;))&#39; class=&#39;glyphicon glyphicon-trash&#39; style=&#39;color:red&#39;&gt;&lt;/a&gt;&quot;);\r\n\r\nThanks for the help!",
            "link": "https://stackoverflow.com/questions/50360888/htmlspecialchars-isnt-working-inside-onclick-function-parameter",
            "title": "htmlspecialchars isn&#39;t working inside onclick function parameter",
            "body": "<p>I'm trying to sanitize the output of something from the database into a paramater of a function but for some reason it does not work if the output is something like for example this <strong>'|\\\"\"@sa</strong> but if it it this <strong>###</strong> it works... Meaning for some reason the htmlspecialchars is not doing what is supposed to do... what am i doing wrong?</p>\n\n<pre><code>echo(\"&lt;a onClick'(deleteCateg(\\\"$row[id]\\\",\\\"\".htmlspecialchars(\"$row[nome]\",ENT_QUOTES).\"\\\"))' class='glyphicon glyphicon-trash' style='color:red'&gt;&lt;/a&gt;\");\n</code></pre>\n\n<p>Thanks for the help!</p>\n"
        },
        {
            "tags": [
                "python",
                "recursion",
                "python-sphinx"
            ],
            "owner": {
                "reputation": 11,
                "user_id": 8318075,
                "user_type": "registered",
                "profile_image": "https://lh6.googleusercontent.com/-rEoqp-FZEDs/AAAAAAAAAAI/AAAAAAAAALI/h99kA3gfzSM/photo.jpg?sz=128",
                "display_name": "Ankush Shingade",
                "link": "https://stackoverflow.com/users/8318075/ankush-shingade"
            },
            "is_answered": false,
            "view_count": 108,
            "answer_count": 1,
            "score": 2,
            "last_activity_date": 1526431213,
            "creation_date": 1500279540,
            "last_edit_date": 1500282170,
            "question_id": 45139170,
            "body_markdown": "I am using `Sphinx` documentation tool. While making `HTML` files using `RST` files, following error is shown with a hint to solve the error:\r\n\r\n&gt; *Recursion error: maximum recursion depth exceeded in `cmp` This can happen with very large or deeply nested source files.\r\n\r\n&gt; You can carefully increase the default Python recursion limit of 1000 in\r\n`conf.py` with Example:\r\n\r\n    import sys; sys.setrecursionlimit(1500)*\r\n\r\nI have tried increasing the *sys.setrecursionlimit()*, but this solution is not working out.\r\n\r\nApart from this, I tried changing the theme for HTML output. But the error remains; regardless of HTML theme.\r\n\r\n",
            "link": "https://stackoverflow.com/questions/45139170/im-using-sphinx-documentation-tool-which-shows-error-maximum-recursion-depth",
            "title": "I&#39;m using Sphinx documentation tool which shows error: &quot;maximum recursion depth exceeded in cmp&quot;",
            "body": "<p>I am using <code>Sphinx</code> documentation tool. While making <code>HTML</code> files using <code>RST</code> files, following error is shown with a hint to solve the error:</p>\n\n<blockquote>\n  <p>Recursion error: maximum recursion depth exceeded in <code>cmp</code> This can happen with very large or deeply nested source files.</p>\n  \n  <p>You can carefully increase the default Python recursion limit of 1000 in\n  <code>conf.py</code> with Example:</p>\n  \n  <p><code>import sys; sys.setrecursionlimit(1500)</code></p>\n</blockquote>\n\n<p>I have tried increasing the <code>sys.setrecursionlimit()</code>, but this solution is not working out.</p>\n\n<p>Apart from this, I tried changing the theme for HTML output. But the error remains; regardless of HTML theme.</p>\n"
        },
        {
            "tags": [
                "rust",
                "borrow-checker"
            ],
            "owner": {
                "reputation": 24091,
                "user_id": 1094403,
                "user_type": "registered",
                "accept_rate": 83,
                "profile_image": "https://www.gravatar.com/avatar/3770aa7eae5c211921493abd0d2c9f5a?s=128&d=identicon&r=PG",
                "display_name": "Luis Casillas",
                "link": "https://stackoverflow.com/users/1094403/luis-casillas"
            },
            "is_answered": true,
            "view_count": 119,
            "answer_count": 4,
            "score": 3,
            "last_activity_date": 1526431204,
            "creation_date": 1473194269,
            "last_edit_date": 1526430879,
            "question_id": 39357459,
            "body_markdown": "I&#39;m trying to implement lazy &quot;thunks&quot; in Rust and I just can&#39;t figure out how to get my code to pass the borrow checker.  The basic idea is that a `Thunk&lt;T&gt;` can only be in one of two `ThunkState`s:\r\n\r\n1. `Forced` which carries its value of type `T`;\r\n2. `Unforced`, which carries a boxed closure that returns a `T`.\r\n\r\nMy na&#239;ve code goes like this:\r\n    \r\n    pub struct Thunk&lt;T&gt;(ThunkState&lt;T&gt;);\r\n    \r\n    enum ThunkState&lt;T&gt; {\r\n        Forced(T),\r\n        Unforced(Box&lt;Fn() -&gt; T&gt;),\r\n    }\r\n    \r\n    impl&lt;T&gt; Thunk&lt;T&gt; {\r\n        pub fn new&lt;F&gt;(f: F) -&gt; Thunk&lt;T&gt;\r\n        where\r\n            F: Fn() -&gt; T + &#39;static,\r\n        {\r\n            Thunk(ThunkState::Unforced(Box::new(f)))\r\n        }\r\n    \r\n        pub fn get(&amp;mut self) -&gt; &amp;T {\r\n            match self.0 {\r\n                ThunkState::Forced(ref t) =&gt; &amp;t,\r\n                ThunkState::Unforced(ref f) =&gt; {\r\n                    // TROUBLE HERE\r\n                    self.0 = ThunkState::Forced(f());\r\n                    self.get()\r\n                }\r\n            }\r\n        }\r\n    }\r\n\r\nI get the following two compilation errors:\r\n\r\n&lt;!-- language: none --&gt;\r\n\r\n    error[E0506]: cannot assign to `self.0` because it is borrowed\r\n      --&gt; src/main.rs:21:17\r\n       |\r\n    19 |             ThunkState::Unforced(ref f) =&gt; {\r\n       |                                  ----- borrow of `self.0` occurs here\r\n    20 |                 // TROUBLE HERE\r\n    21 |                 self.0 = ThunkState::Forced(f());\r\n       |                 ^^^^^^^^^^^^^^^^^^^^^^^^^^^^^^^^ assignment to borrowed `self.0` occurs here\r\n    \r\n    error[E0502]: cannot borrow `*self` as mutable because `self.0.0` is also borrowed as immutable\r\n      --&gt; src/main.rs:22:17\r\n       |\r\n    19 |             ThunkState::Unforced(ref f) =&gt; {\r\n       |                                  ----- immutable borrow occurs here\r\n    ...\r\n    22 |                 self.get()\r\n       |                 ^^^^ mutable borrow occurs here\r\n    23 |             }\r\n    24 |         }\r\n       |         - immutable borrow ends here\r\n\r\nI&#39;ve gone through various iterations of trying out stuff (e.g., `match *self.0`, using `&amp;mut` in the `ThunkState` patterns, and a few variations), but try as I may, I can&#39;t figure out how to fix it. \r\n\r\n1. Am I attempting to do something that doesn&#39;t make sense?\r\n2. If not, what makes this example so tricky, and how do I get it right?\r\n\r\nStaring at it a bit more, I&#39;ve formulated the following hypothesis: the assignment to `self.0` would invalidate the `f` reference in that match branch.  Is this right?  And if so, then how do I achieve what I&#39;m trying to do—discard the closure after I use it?",
            "link": "https://stackoverflow.com/questions/39357459/borrow-checker-problems-while-trying-to-mutate-a-struct-in-a-match",
            "title": "Borrow checker problems while trying to mutate a struct in a match",
            "body": "<p>I'm trying to implement lazy \"thunks\" in Rust and I just can't figure out how to get my code to pass the borrow checker.  The basic idea is that a <code>Thunk&lt;T&gt;</code> can only be in one of two <code>ThunkState</code>s:</p>\n\n<ol>\n<li><code>Forced</code> which carries its value of type <code>T</code>;</li>\n<li><code>Unforced</code>, which carries a boxed closure that returns a <code>T</code>.</li>\n</ol>\n\n<p>My naïve code goes like this:</p>\n\n<pre><code>pub struct Thunk&lt;T&gt;(ThunkState&lt;T&gt;);\n\nenum ThunkState&lt;T&gt; {\n    Forced(T),\n    Unforced(Box&lt;Fn() -&gt; T&gt;),\n}\n\nimpl&lt;T&gt; Thunk&lt;T&gt; {\n    pub fn new&lt;F&gt;(f: F) -&gt; Thunk&lt;T&gt;\n    where\n        F: Fn() -&gt; T + 'static,\n    {\n        Thunk(ThunkState::Unforced(Box::new(f)))\n    }\n\n    pub fn get(&amp;mut self) -&gt; &amp;T {\n        match self.0 {\n            ThunkState::Forced(ref t) =&gt; &amp;t,\n            ThunkState::Unforced(ref f) =&gt; {\n                // TROUBLE HERE\n                self.0 = ThunkState::Forced(f());\n                self.get()\n            }\n        }\n    }\n}\n</code></pre>\n\n<p>I get the following two compilation errors:</p>\n\n<pre class=\"lang-none prettyprint-override\"><code>error[E0506]: cannot assign to `self.0` because it is borrowed\n  --&gt; src/main.rs:21:17\n   |\n19 |             ThunkState::Unforced(ref f) =&gt; {\n   |                                  ----- borrow of `self.0` occurs here\n20 |                 // TROUBLE HERE\n21 |                 self.0 = ThunkState::Forced(f());\n   |                 ^^^^^^^^^^^^^^^^^^^^^^^^^^^^^^^^ assignment to borrowed `self.0` occurs here\n\nerror[E0502]: cannot borrow `*self` as mutable because `self.0.0` is also borrowed as immutable\n  --&gt; src/main.rs:22:17\n   |\n19 |             ThunkState::Unforced(ref f) =&gt; {\n   |                                  ----- immutable borrow occurs here\n...\n22 |                 self.get()\n   |                 ^^^^ mutable borrow occurs here\n23 |             }\n24 |         }\n   |         - immutable borrow ends here\n</code></pre>\n\n<p>I've gone through various iterations of trying out stuff (e.g., <code>match *self.0</code>, using <code>&amp;mut</code> in the <code>ThunkState</code> patterns, and a few variations), but try as I may, I can't figure out how to fix it. </p>\n\n<ol>\n<li>Am I attempting to do something that doesn't make sense?</li>\n<li>If not, what makes this example so tricky, and how do I get it right?</li>\n</ol>\n\n<p>Staring at it a bit more, I've formulated the following hypothesis: the assignment to <code>self.0</code> would invalidate the <code>f</code> reference in that match branch.  Is this right?  And if so, then how do I achieve what I'm trying to do—discard the closure after I use it?</p>\n"
        },
        {
            "tags": [
                "node.js",
                "actions-on-google",
                "dialogflow"
            ],
            "owner": {
                "reputation": 1,
                "user_id": 9613074,
                "user_type": "registered",
                "profile_image": "https://lh3.googleusercontent.com/-HWJ9gs1-MX8/AAAAAAAAAAI/AAAAAAAAACk/1_A3s5NDap8/photo.jpg?sz=128",
                "display_name": "Roberto Pettinau",
                "link": "https://stackoverflow.com/users/9613074/roberto-pettinau"
            },
            "is_answered": false,
            "view_count": 260,
            "answer_count": 1,
            "score": 0,
            "last_activity_date": 1526431177,
            "creation_date": 1523137447,
            "question_id": 49712249,
            "body_markdown": "Trying to use actions-on-google to get the user&#39;s position, but I can&#39;t seem to even make this work, any help?   \r\n\r\n    &#39;use strict&#39;;\r\n    \r\n    const functions = require(&#39;firebase-functions&#39;);\r\n    const DialogflowApp = require(&#39;actions-on-google&#39;).DialogflowApp;\r\n    \r\n    exports.dialogflowFirebaseFulfillment = functions.https.onRequest((request, response) =&gt; \r\n    {\r\n        const app = new DialogflowApp({request, response});\r\n        ...\r\n    }\r\n\r\nTypeError: DialogflowApp is not a constructor\r\n    at exports.dialogflowFirebaseFulfillment.functions.https.onRequest ",
            "link": "https://stackoverflow.com/questions/49712249/cloud-functions-for-firebase-typeerror-dialogflowapp-is-not-a-constructor",
            "title": "Cloud Functions for Firebase: &quot;TypeError: DialogflowApp is not a constructor&quot;",
            "body": "<p>Trying to use actions-on-google to get the user's position, but I can't seem to even make this work, any help?   </p>\n\n<pre><code>'use strict';\n\nconst functions = require('firebase-functions');\nconst DialogflowApp = require('actions-on-google').DialogflowApp;\n\nexports.dialogflowFirebaseFulfillment = functions.https.onRequest((request, response) =&gt; \n{\n    const app = new DialogflowApp({request, response});\n    ...\n}\n</code></pre>\n\n<p>TypeError: DialogflowApp is not a constructor\n    at exports.dialogflowFirebaseFulfillment.functions.https.onRequest </p>\n"
        },
        {
            "tags": [
                "python"
            ],
            "owner": {
                "reputation": 1,
                "user_id": 8444255,
                "user_type": "registered",
                "profile_image": "https://i.stack.imgur.com/BhVQZ.jpg?s=128&g=1",
                "display_name": "Atlas",
                "link": "https://stackoverflow.com/users/8444255/atlas"
            },
            "is_answered": false,
            "view_count": 21,
            "closed_date": 1526431952,
            "answer_count": 0,
            "score": -1,
            "last_activity_date": 1526431154,
            "creation_date": 1526431154,
            "question_id": 50360934,
            "body_markdown": "Just curious, how do programs such as Blender integrate python so that it can be independently used (Without the need to install python). Also how are python dependencies installed when your python program is installed, for instance if I wanted pygame included.\n\n",
            "link": "https://stackoverflow.com/questions/50360934/python-in-applications",
            "closed_reason": "too broad",
            "title": "Python in applications",
            "body": "<p>Just curious, how do programs such as Blender integrate python so that it can be independently used (Without the need to install python). Also how are python dependencies installed when your python program is installed, for instance if I wanted pygame included.</p>\n"
        },
        {
            "tags": [
                "jenkins",
                "jenkins-pipeline",
                "jenkins-declarative-pipeline"
            ],
            "owner": {
                "reputation": 358,
                "user_id": 4827680,
                "user_type": "registered",
                "accept_rate": 46,
                "profile_image": "https://i.stack.imgur.com/CGgEf.jpg?s=128&g=1",
                "display_name": "Novitoll",
                "link": "https://stackoverflow.com/users/4827680/novitoll"
            },
            "is_answered": false,
            "view_count": 56,
            "answer_count": 1,
            "score": 0,
            "last_activity_date": 1526431151,
            "creation_date": 1524384961,
            "question_id": 49963896,
            "body_markdown": "In my prev Jenkinsfile, I used to have this:\r\n\r\n    withCredentials([[ $class: &#39;AmazonWebServicesCredentialsBinding&#39;,\r\n                       credentialsId : &#39;aws&#39;,                                                 \r\n                       accessKeyVariable: &#39;KEY_1&#39;,\r\n                       secretKeyVariable: &#39;KEY_2&#39;\r\n                                         ]]) {\r\n        node(..) { .. } }\r\n\r\ne.g. all stages where I need to use AWS creds are wrapped with withCreds, however with declarative syntax, I have to use that `withCredentials` block **per stage** which is not acceptable.  I read that there is some `credentials(&#39;aws&#39;)` option in `environments {}` block, though I can&#39;t figure out how I can specify my cred class there and seems, it&#39;s wrong thing to look at.\r\n\r\n    pipeline {\r\n       stages {\r\n           stage(&#39;A&#39;) {\r\n               steps {\r\n                  withCredentials([[ $class: &#39;AmazonWebServicesCredentialsBinding&#39;,\r\n                       credentialsId : &#39;aws&#39;,                                                 \r\n                       accessKeyVariable: &#39;KEY_1&#39;,\r\n                       secretKeyVariable: &#39;KEY_2&#39;\r\n                                         ]]) { .. }\r\n               }\r\n           }\r\n           stage(&#39;B&#39;) {\r\n               steps {\r\n                  withCredentials([[ $class: &#39;AmazonWebServicesCredentialsBinding&#39;,\r\n                       credentialsId : &#39;aws&#39;,                                                 \r\n                       accessKeyVariable: &#39;KEY_1&#39;,\r\n                       secretKeyVariable: &#39;KEY_2&#39;\r\n                                         ]]) { .. }\r\n               }\r\n           }\r\n       }\r\n    \r\n    }\r\n\r\nPlease let me know how I can wrap my several stages `withCredentials` in Jenkins declarative syntax. Thanks",
            "link": "https://stackoverflow.com/questions/49963896/jenkins-declarative-pipeline-use-withcredential-of-aws",
            "title": "Jenkins declarative pipeline - use withcredential of AWS",
            "body": "<p>In my prev Jenkinsfile, I used to have this:</p>\n\n<pre><code>withCredentials([[ $class: 'AmazonWebServicesCredentialsBinding',\n                   credentialsId : 'aws',                                                 \n                   accessKeyVariable: 'KEY_1',\n                   secretKeyVariable: 'KEY_2'\n                                     ]]) {\n    node(..) { .. } }\n</code></pre>\n\n<p>e.g. all stages where I need to use AWS creds are wrapped with withCreds, however with declarative syntax, I have to use that <code>withCredentials</code> block <strong>per stage</strong> which is not acceptable.  I read that there is some <code>credentials('aws')</code> option in <code>environments {}</code> block, though I can't figure out how I can specify my cred class there and seems, it's wrong thing to look at.</p>\n\n<pre><code>pipeline {\n   stages {\n       stage('A') {\n           steps {\n              withCredentials([[ $class: 'AmazonWebServicesCredentialsBinding',\n                   credentialsId : 'aws',                                                 \n                   accessKeyVariable: 'KEY_1',\n                   secretKeyVariable: 'KEY_2'\n                                     ]]) { .. }\n           }\n       }\n       stage('B') {\n           steps {\n              withCredentials([[ $class: 'AmazonWebServicesCredentialsBinding',\n                   credentialsId : 'aws',                                                 \n                   accessKeyVariable: 'KEY_1',\n                   secretKeyVariable: 'KEY_2'\n                                     ]]) { .. }\n           }\n       }\n   }\n\n}\n</code></pre>\n\n<p>Please let me know how I can wrap my several stages <code>withCredentials</code> in Jenkins declarative syntax. Thanks</p>\n"
        },
        {
            "tags": [
                "python",
                "amazon-web-services",
                "lambda",
                "amazon-dynamodb"
            ],
            "owner": {
                "reputation": 6,
                "user_id": 9788235,
                "user_type": "registered",
                "profile_image": "https://lh3.googleusercontent.com/-ewA3gtKw95Q/AAAAAAAAAAI/AAAAAAAAABU/he161--N1F8/photo.jpg?sz=128",
                "display_name": "Nacho Norris",
                "link": "https://stackoverflow.com/users/9788235/nacho-norris"
            },
            "is_answered": false,
            "view_count": 24,
            "answer_count": 1,
            "score": 0,
            "last_activity_date": 1526431145,
            "creation_date": 1526414550,
            "last_edit_date": 1526428124,
            "question_id": 50358354,
            "body_markdown": "I want to query my DynamoDB with a lambda function running python.\r\n\r\nDynamoDB Table (Name: Testing-Table):\r\n\r\n - **user_id** (String) **PrimaryKey**\r\n - status (String)\r\n - destination (String)\r\n\r\nI want to query the table as it is in my code. I want the lambda function to return me all the **user_id**&#39;s that has their **status** attribute with **active**.\r\n\r\n    table = dynamodb.Table(&#39;Testing-Table&#39;)\r\n    def lambda_handler(event, context):\r\n    \r\n    response = table.query (\r\n        KeyConditionExpression=Key(&#39;status&#39;).eq(&#39;active&#39;)\r\n    )\r\n    \r\n    for i in response[&#39;Items&#39;]:\r\n        print(i[&#39;user_id&#39;],&quot;:&quot;,i[&#39;status&#39;])\r\n\r\n    #return &#39;listing results&#39;\r\n\r\nI&#39;ve also added a new index:\r\n[Indexes][1]\r\n\r\n\r\n  [1]: https://i.stack.imgur.com/cNRmp.png\r\n\r\nI tried creating a table with **status** as primary key, and my code worked... but primarykey&#39;s must be unique, so when I try to create a new item in my table, I cant set **status** as active again.\r\n\r\nIf necessary, I will add more information to the question. I would thank for a little help.\r\n\r\n--**Edit**--\r\nMy code works *only* if **status** is the PrimaryKey of my table.\r\n\r\n*My question is*: Can I query my DynamoDB table using **status** PartitionKey instead of the PrimaryKey **used_id**? And most important...How is it done?\r\n",
            "link": "https://stackoverflow.com/questions/50358354/querying-dynamodb-without-primarykey-with-lambda",
            "title": "Querying DynamoDB without PrimaryKey with Lambda",
            "body": "<p>I want to query my DynamoDB with a lambda function running python.</p>\n\n<p>DynamoDB Table (Name: Testing-Table):</p>\n\n<ul>\n<li><strong>user_id</strong> (String) <strong>PrimaryKey</strong></li>\n<li>status (String)</li>\n<li>destination (String)</li>\n</ul>\n\n<p>I want to query the table as it is in my code. I want the lambda function to return me all the <strong>user_id</strong>'s that has their <strong>status</strong> attribute with <strong>active</strong>.</p>\n\n<pre><code>table = dynamodb.Table('Testing-Table')\ndef lambda_handler(event, context):\n\nresponse = table.query (\n    KeyConditionExpression=Key('status').eq('active')\n)\n\nfor i in response['Items']:\n    print(i['user_id'],\":\",i['status'])\n\n#return 'listing results'\n</code></pre>\n\n<p>I've also added a new index:\n<a href=\"https://i.stack.imgur.com/cNRmp.png\" rel=\"nofollow noreferrer\">Indexes</a></p>\n\n<p>I tried creating a table with <strong>status</strong> as primary key, and my code worked... but primarykey's must be unique, so when I try to create a new item in my table, I cant set <strong>status</strong> as active again.</p>\n\n<p>If necessary, I will add more information to the question. I would thank for a little help.</p>\n\n<p>--<strong>Edit</strong>--\nMy code works <em>only</em> if <strong>status</strong> is the PrimaryKey of my table.</p>\n\n<p><em>My question is</em>: Can I query my DynamoDB table using <strong>status</strong> PartitionKey instead of the PrimaryKey <strong>used_id</strong>? And most important...How is it done?</p>\n"
        },
        {
            "tags": [
                "javascript",
                "ecmascript-6",
                "jasmine",
                "babeljs",
                "commonjs"
            ],
            "owner": {
                "reputation": 308,
                "user_id": 194255,
                "user_type": "registered",
                "accept_rate": 58,
                "profile_image": "https://i.stack.imgur.com/CpzYp.jpg?s=128&g=1",
                "display_name": "Johnny",
                "link": "https://stackoverflow.com/users/194255/johnny"
            },
            "is_answered": false,
            "view_count": 12,
            "answer_count": 0,
            "score": 0,
            "last_activity_date": 1526431145,
            "creation_date": 1526430827,
            "last_edit_date": 1526431145,
            "question_id": 50360886,
            "body_markdown": "I&#39;ll start with the setup, before I get into the problem. Let&#39;s start with the base file whose named exports we&#39;ll want to spy on:\r\n\r\n    // fileA.js\r\n    export function bar() {}\r\n    export function foo() {}\r\n\r\nAnd then have two variations of classes that import these, one in CommonJS style, and one in ES6 style:\r\n\r\n    // es6Baz.js\r\n    import * as A from &#39;fileA&#39;\r\n    \r\n    export default class Baz {\r\n      callFoo() { A.foo(); }\r\n    }\r\n\r\n    // commonBaz.js\r\n    const A = require(&#39;fileA&#39;);\r\n    \r\n    export default class Baz {\r\n      callFoo() { A.foo(); }\r\n    }\r\n\r\nThen likewise, test files for these two same variants:\r\n\r\n    // testEs6A.js\r\n    import Baz from &#39;es6Baz&#39;;\r\n    import * as A from &#39;fileA&#39;;    \r\n\r\n    it(&#39;test&#39;, () =&gt; {\r\n      spyOn(A, &#39;foo&#39;);\r\n      const b = new Baz();\r\n      b.callFoo();\r\n      expect(A.foo).toHaveBeenCalled();  // this will fail\r\n    });\r\n\r\n    // testCommonA.js\r\n    import Baz from &#39;es6Baz&#39;;\r\n    const A = require(&#39;fileA&#39;);   \r\n\r\n    it(&#39;test&#39;, () =&gt; {\r\n      spyOn(A, &#39;foo&#39;);\r\n      const b = new Baz();\r\n      b.callFoo();\r\n      expect(A.foo).toHaveBeenCalled(); // this will pass\r\n    });\r\n\r\n**The main question here is**: why does mocking work with the CommonJS approach, but not the ES6 one, assuming we&#39;re using Babel to compile?\r\n\r\nMy understanding was that ES6 live binds, while CommonJS copies, so I was surprised the former failed, and even more surprised the latter succeeded. My best guess is that a * import results in a locally namespaced object that&#39;s different in the files this is done in (i.e. `A` in `es6Baz.js` is not the same as `A` in `testEst6A.js`), but is that actually the case? And why would the `require` work, when this doesn&#39;t?",
            "link": "https://stackoverflow.com/questions/50360886/jasmine-mockability-of-imported-vs-required-named-exports",
            "title": "Jasmine mockability of imported vs required named exports",
            "body": "<p>I'll start with the setup, before I get into the problem. Let's start with the base file whose named exports we'll want to spy on:</p>\n\n<pre><code>// fileA.js\nexport function bar() {}\nexport function foo() {}\n</code></pre>\n\n<p>And then have two variations of classes that import these, one in CommonJS style, and one in ES6 style:</p>\n\n<pre><code>// es6Baz.js\nimport * as A from 'fileA'\n\nexport default class Baz {\n  callFoo() { A.foo(); }\n}\n\n// commonBaz.js\nconst A = require('fileA');\n\nexport default class Baz {\n  callFoo() { A.foo(); }\n}\n</code></pre>\n\n<p>Then likewise, test files for these two same variants:</p>\n\n<pre><code>// testEs6A.js\nimport Baz from 'es6Baz';\nimport * as A from 'fileA';    \n\nit('test', () =&gt; {\n  spyOn(A, 'foo');\n  const b = new Baz();\n  b.callFoo();\n  expect(A.foo).toHaveBeenCalled();  // this will fail\n});\n\n// testCommonA.js\nimport Baz from 'es6Baz';\nconst A = require('fileA');   \n\nit('test', () =&gt; {\n  spyOn(A, 'foo');\n  const b = new Baz();\n  b.callFoo();\n  expect(A.foo).toHaveBeenCalled(); // this will pass\n});\n</code></pre>\n\n<p><strong>The main question here is</strong>: why does mocking work with the CommonJS approach, but not the ES6 one, assuming we're using Babel to compile?</p>\n\n<p>My understanding was that ES6 live binds, while CommonJS copies, so I was surprised the former failed, and even more surprised the latter succeeded. My best guess is that a * import results in a locally namespaced object that's different in the files this is done in (i.e. <code>A</code> in <code>es6Baz.js</code> is not the same as <code>A</code> in <code>testEst6A.js</code>), but is that actually the case? And why would the <code>require</code> work, when this doesn't?</p>\n"
        },
        {
            "tags": [
                "javascript",
                "ajax"
            ],
            "owner": {
                "reputation": 1,
                "user_id": 9797119,
                "user_type": "registered",
                "profile_image": "https://www.gravatar.com/avatar/e560017959a35157cdae3863bf1bfbc3?s=128&d=identicon&r=PG",
                "display_name": "Meister Roy",
                "link": "https://stackoverflow.com/users/9797119/meister-roy"
            },
            "is_answered": false,
            "view_count": 17,
            "closed_date": 1526433090,
            "answer_count": 0,
            "score": -1,
            "last_activity_date": 1526431138,
            "creation_date": 1526431138,
            "question_id": 50360929,
            "body_markdown": "What is literal meaning of asynchronous from the web developer perspective?\r\n\r\nPlease give an analogy.",
            "link": "https://stackoverflow.com/questions/50360929/what-is-asynchronous-literal-meaning-and-analogy",
            "closed_reason": "too broad",
            "title": "What is asynchronous literal meaning and analogy",
            "body": "<p>What is literal meaning of asynchronous from the web developer perspective?</p>\n\n<p>Please give an analogy.</p>\n"
        },
        {
            "tags": [
                "javascript",
                "html",
                "css",
                "html5",
                "css3"
            ],
            "owner": {
                "reputation": 30,
                "user_id": 6867326,
                "user_type": "registered",
                "accept_rate": 67,
                "profile_image": "https://www.gravatar.com/avatar/45e5e63e10908b64646d2a5457ef0c46?s=128&d=identicon&r=PG&f=1",
                "display_name": "einacio",
                "link": "https://stackoverflow.com/users/6867326/einacio"
            },
            "is_answered": true,
            "view_count": 34,
            "accepted_answer_id": 50360879,
            "answer_count": 1,
            "score": 2,
            "last_activity_date": 1526431130,
            "creation_date": 1526429973,
            "last_edit_date": 1526430488,
            "question_id": 50360817,
            "body_markdown": "So I&#39;m making a website where I have several divs that should slide either from right, left, or top when user clicks on specific button or nav items. However, none of those are working. None of the divs will slide over when I click on the button that are supposed to make them slide. I&#39;m using pure javascript to perform those actions. So far, I&#39;ve tried several actions. First, I thought it was because I didn&#39;t have window.onload, but after adding it, nothing changed. Then I though maybe the links were still carrying the default actions, so I tried to add e.preventDefault in hopes that was the problem, it also didn&#39;t work. Then I found out something weird that made think maybe it is my computer that is not interpreting javascript correctly(weird thought, I know. But I was just considering anything since I was running out of solutions).But actually, it turns out that my computer or the editor is not reading &quot;document&quot; or window in javascript. It says both of them are not defined, which is weird since I have linked the javascript file correctly at the end of the body. So I decided to run it on JSFiddle to check whether it was really just my computer. However, even in JSFiddle the divs still won&#39;t slide when I click the button to make them slide.\r\n\r\nI&#39;m out of ideas. Since the project I&#39;m doing is big, I extracted the part of divs that are not sliding to make things easier. The div you guys will see, is supposed to slide from the left when we click on the same div.\r\n\r\nHere is the html code:\r\n\r\n    &lt;!DOCTYPE&gt;\r\n    &lt;html&gt;\r\n      &lt;head&gt;\r\n        &lt;title&gt;Emanuel Inacio&lt;/title&gt;\r\n        &lt;meta charset=&quot;utf-8&quot;&gt;\r\n        &lt;meta name=&quot;viewport&quot; content=&quot;width=device-width, initial-scale=1&quot;&gt;\r\n        &lt;link rel=&quot;stylesheet&quot; type=&quot;text/css&quot; href=&quot;style.css&quot;&gt;\r\n        &lt;link href=&quot;https://fonts.googleapis.com/css? family=Roboto+Condensed:100,300,400&quot; rel=&quot;stylesheet&quot;&gt;\r\n        &lt;script src=&quot;https://ajax.googleapis.com/ajax/libs/jquery/3.3.1/jquery.min.js&quot;&gt;&lt;/script&gt;\r\n      &lt;/head&gt;\r\n    \r\n      &lt;body&gt;\r\n        &lt;div id=&quot;home-page&quot;&gt;\r\n          &lt;div id=&quot;nav-bar&quot;&gt;&lt;/div&gt;\r\n        &lt;/div&gt;\r\n        &lt;script type=&quot;text/javascript&quot; src=&quot;script.js&quot;&gt;&lt;/script&gt;\r\n      &lt;/body&gt;\r\n    &lt;/html&gt;\r\n\r\n\r\nHere is the css code:\r\n    \r\n    * {\r\n      margin: 0;\r\n      padding: 0;\r\n      box-sizing: border-box;\r\n      font-family: &#39;Roboto Condesed&#39;, &#39;San-serif&#39;;\r\n    }\r\n\r\n    #nav-bar {\r\n      width: 50%;\r\n      height: 100vh;\r\n      background-color: #000000;\r\n      transform: translateX(-50%);\r\n      transition: transform 0.5s;\r\n    }\r\n\r\n    .active {\r\n      transform: translateX(50%);\r\n    }\r\n\r\nFinally, this is the javascript part:\r\n\r\n    var nav = document.getElementById(&quot;nav-bar&quot;);\r\n\r\n    window.onload = function () {\r\n      nav.addEventListener(&quot;click&quot;, function () {\r\n        nav.classList.toggle(&quot;active&quot;);\r\n      });\r\n    }\r\n\r\n\r\n\r\nEvery other div that is not working has pretty much the same code base as this one. Hence I decided to post only this div. Thanks in advance!\r\n\r\n\r\n",
            "link": "https://stackoverflow.com/questions/50360817/animation-toggle-class-possibly-not-working",
            "title": "Animation (toggle class possibly) not working",
            "body": "<p>So I'm making a website where I have several divs that should slide either from right, left, or top when user clicks on specific button or nav items. However, none of those are working. None of the divs will slide over when I click on the button that are supposed to make them slide. I'm using pure javascript to perform those actions. So far, I've tried several actions. First, I thought it was because I didn't have window.onload, but after adding it, nothing changed. Then I though maybe the links were still carrying the default actions, so I tried to add e.preventDefault in hopes that was the problem, it also didn't work. Then I found out something weird that made think maybe it is my computer that is not interpreting javascript correctly(weird thought, I know. But I was just considering anything since I was running out of solutions).But actually, it turns out that my computer or the editor is not reading \"document\" or window in javascript. It says both of them are not defined, which is weird since I have linked the javascript file correctly at the end of the body. So I decided to run it on JSFiddle to check whether it was really just my computer. However, even in JSFiddle the divs still won't slide when I click the button to make them slide.</p>\n\n<p>I'm out of ideas. Since the project I'm doing is big, I extracted the part of divs that are not sliding to make things easier. The div you guys will see, is supposed to slide from the left when we click on the same div.</p>\n\n<p>Here is the html code:</p>\n\n<pre><code>&lt;!DOCTYPE&gt;\n&lt;html&gt;\n  &lt;head&gt;\n    &lt;title&gt;Emanuel Inacio&lt;/title&gt;\n    &lt;meta charset=\"utf-8\"&gt;\n    &lt;meta name=\"viewport\" content=\"width=device-width, initial-scale=1\"&gt;\n    &lt;link rel=\"stylesheet\" type=\"text/css\" href=\"style.css\"&gt;\n    &lt;link href=\"https://fonts.googleapis.com/css? family=Roboto+Condensed:100,300,400\" rel=\"stylesheet\"&gt;\n    &lt;script src=\"https://ajax.googleapis.com/ajax/libs/jquery/3.3.1/jquery.min.js\"&gt;&lt;/script&gt;\n  &lt;/head&gt;\n\n  &lt;body&gt;\n    &lt;div id=\"home-page\"&gt;\n      &lt;div id=\"nav-bar\"&gt;&lt;/div&gt;\n    &lt;/div&gt;\n    &lt;script type=\"text/javascript\" src=\"script.js\"&gt;&lt;/script&gt;\n  &lt;/body&gt;\n&lt;/html&gt;\n</code></pre>\n\n<p>Here is the css code:</p>\n\n<pre><code>* {\n  margin: 0;\n  padding: 0;\n  box-sizing: border-box;\n  font-family: 'Roboto Condesed', 'San-serif';\n}\n\n#nav-bar {\n  width: 50%;\n  height: 100vh;\n  background-color: #000000;\n  transform: translateX(-50%);\n  transition: transform 0.5s;\n}\n\n.active {\n  transform: translateX(50%);\n}\n</code></pre>\n\n<p>Finally, this is the javascript part:</p>\n\n<pre><code>var nav = document.getElementById(\"nav-bar\");\n\nwindow.onload = function () {\n  nav.addEventListener(\"click\", function () {\n    nav.classList.toggle(\"active\");\n  });\n}\n</code></pre>\n\n<p>Every other div that is not working has pretty much the same code base as this one. Hence I decided to post only this div. Thanks in advance!</p>\n"
        },
        {
            "tags": [
                "c++",
                "linux",
                "shared-memory",
                "stdstring"
            ],
            "owner": {
                "reputation": 27,
                "user_id": 4711280,
                "user_type": "registered",
                "accept_rate": 88,
                "profile_image": "https://lh3.googleusercontent.com/-Wfz9ro8KIXM/AAAAAAAAAAI/AAAAAAAAL6E/poaGk0uIpLs/photo.jpg?sz=128",
                "display_name": "Wowy",
                "link": "https://stackoverflow.com/users/4711280/wowy"
            },
            "is_answered": true,
            "view_count": 224,
            "accepted_answer_id": 32581279,
            "answer_count": 2,
            "score": 1,
            "last_activity_date": 1526431128,
            "creation_date": 1442305044,
            "question_id": 32581057,
            "body_markdown": "I am currently trying the put structures in a shared memory between 2 process on linux. I have no problem sharing bool or int but when trying to share a string, std::string or char i have a segmentation fault error.\r\n\r\nRight now my code is :\r\n\r\n    #include &lt;iostream&gt;\r\n    #include &lt;sys/types.h&gt; //shmat\r\n    #include &lt;sys/shm.h&gt;\r\n    #include &lt;sys/stat.h&gt; //open\r\n    #include &lt;fcntl.h&gt;\r\n    #include &lt;unistd.h&gt; //close\r\n\r\n    using namespace std;\r\n\r\n    struct Prises{\r\n\r\n    int numero;\r\n    int transactionId;\r\n    bool reservation;\r\n    bool charge;\r\n    bool disponibilite;\r\n    bool defaut;\r\n    bool verrouillage;\r\n    bool trappe;\r\n    int LEDverte;\r\n    int LEDrouge;\r\n    std::string carte;\r\n    std::string etat;\r\n\r\n    };\r\n\r\n    int main()\r\n    {\r\n    const char *keyFile = &quot;/tmp/key.dat&quot;;\r\n    /* Make sure the file exists. */\r\n    int descriptor = open(keyFile, O_CREAT | O_RDWR, S_IRWXU);\r\n\r\n    /* Only wanted to make sure that the file exists. */\r\n    close(descriptor);\r\n\r\n    /* Generate memory key. */\r\n    key_t sharedKey = ftok(keyFile, 1);\r\n\r\n    /* Get the shared memory segment id. Note we include\r\n       the permissions. */\r\n    int sharedSpaceId = shmget(sharedKey, 2*sizeof(Prises),\r\n        IPC_CREAT | S_IRUSR | S_IWUSR);\r\n\r\n    /* Attach the shared memory segment. */\r\n    Prises *PrisesArray = (Prises *) shmat(sharedSpaceId, NULL, 0);\r\n\r\n    PrisesArray[1].defaut=true;\r\n    PrisesArray[2].defaut=false;\r\n\r\n    int ok;\r\n    std::cin&gt;&gt;ok;\r\n    return 0;\r\n    }\r\n\r\nIn this example sharing the 2 bool from the 2 structures is working well but if i try to input a data or read a data from the std::string (etat, carte) like this :\r\n\r\n    PrisesArray[1].etat=&quot;hello&quot;;\r\n\r\nIt gives me a segmentation fault in debug (and clear don&#39;t work in release), i tried with simple string and char (even one char) and it still gives me a segmentation fault.\r\n\r\nAm i missing something when it comes to text sharing or making a mistake here ?",
            "link": "https://stackoverflow.com/questions/32581057/shared-memory-of-stdstring-give-segmentation-fault-linux",
            "title": "shared memory of std::string give segmentation fault (linux)",
            "body": "<p>I am currently trying the put structures in a shared memory between 2 process on linux. I have no problem sharing bool or int but when trying to share a string, std::string or char i have a segmentation fault error.</p>\n\n<p>Right now my code is :</p>\n\n<pre><code>#include &lt;iostream&gt;\n#include &lt;sys/types.h&gt; //shmat\n#include &lt;sys/shm.h&gt;\n#include &lt;sys/stat.h&gt; //open\n#include &lt;fcntl.h&gt;\n#include &lt;unistd.h&gt; //close\n\nusing namespace std;\n\nstruct Prises{\n\nint numero;\nint transactionId;\nbool reservation;\nbool charge;\nbool disponibilite;\nbool defaut;\nbool verrouillage;\nbool trappe;\nint LEDverte;\nint LEDrouge;\nstd::string carte;\nstd::string etat;\n\n};\n\nint main()\n{\nconst char *keyFile = \"/tmp/key.dat\";\n/* Make sure the file exists. */\nint descriptor = open(keyFile, O_CREAT | O_RDWR, S_IRWXU);\n\n/* Only wanted to make sure that the file exists. */\nclose(descriptor);\n\n/* Generate memory key. */\nkey_t sharedKey = ftok(keyFile, 1);\n\n/* Get the shared memory segment id. Note we include\n   the permissions. */\nint sharedSpaceId = shmget(sharedKey, 2*sizeof(Prises),\n    IPC_CREAT | S_IRUSR | S_IWUSR);\n\n/* Attach the shared memory segment. */\nPrises *PrisesArray = (Prises *) shmat(sharedSpaceId, NULL, 0);\n\nPrisesArray[1].defaut=true;\nPrisesArray[2].defaut=false;\n\nint ok;\nstd::cin&gt;&gt;ok;\nreturn 0;\n}\n</code></pre>\n\n<p>In this example sharing the 2 bool from the 2 structures is working well but if i try to input a data or read a data from the std::string (etat, carte) like this :</p>\n\n<pre><code>PrisesArray[1].etat=\"hello\";\n</code></pre>\n\n<p>It gives me a segmentation fault in debug (and clear don't work in release), i tried with simple string and char (even one char) and it still gives me a segmentation fault.</p>\n\n<p>Am i missing something when it comes to text sharing or making a mistake here ?</p>\n"
        },
        {
            "tags": [
                "vue.js",
                "vuejs2",
                "vue-component"
            ],
            "owner": {
                "reputation": 103,
                "user_id": 8474783,
                "user_type": "registered",
                "profile_image": "https://i.stack.imgur.com/WQeTE.gif?s=128&g=1",
                "display_name": "ChibiNya",
                "link": "https://stackoverflow.com/users/8474783/chibinya"
            },
            "is_answered": true,
            "view_count": 22,
            "accepted_answer_id": 50360926,
            "answer_count": 1,
            "score": 0,
            "last_activity_date": 1526431126,
            "creation_date": 1526426892,
            "question_id": 50360481,
            "body_markdown": "I&#39;m working on an app that allows you to capture and edit soccer match results.\r\n\r\nthere is a `Matches` component that makes an AP call to get the data of multiple matches from a server (match_list) and then renders a bunch of `Match` components, passing the data as props to these sub-components to fill their initial values.\r\n\r\n    &lt;component :is=&quot;Match&quot; v-for=&quot;match in match_list&quot;\r\n                         v-bind:key=&quot;match.id&quot;\r\n                v-bind=&quot;match&quot;&gt;&lt;/component&gt;\r\n\r\nOn the Match component, I accept all the values as props.\r\nBut I get a warning that props shouldn&#39;t be edited and these should be data elements instead. So I tried passing them to the component data.\r\n\r\n    export default {\r\n            name: &quot;Match&quot;,\r\n            props: [&#39;local_team&#39;, &#39;visitor_team&#39;, &#39;localScore&#39;, &#39;visitorScore&#39;, &#39;date&#39;, &#39;time&#39;, &#39;location&#39;, &#39;matchId&#39;],\r\n          data(){\r\n              return{\r\n                id: this.id,\r\n                local_team: this.local_team,\r\n                visitor_team: this.visitor_team,\r\n                location: this.location,\r\n                date: this.date,\r\n                time: this.time,\r\n                localScore: this.localScore,\r\n                visitorScore: this.visitorScore\r\n              }\r\n          },\r\n\r\nNow I get a warning that editable data shouldn&#39;t be based on props.\r\n\r\nHow can I make the data from the Match component editable so it safely propagates to the parent component?",
            "link": "https://stackoverflow.com/questions/50360481/how-to-pass-editable-data-to-component",
            "title": "How to pass editable data to component?",
            "body": "<p>I'm working on an app that allows you to capture and edit soccer match results.</p>\n\n<p>there is a <code>Matches</code> component that makes an AP call to get the data of multiple matches from a server (match_list) and then renders a bunch of <code>Match</code> components, passing the data as props to these sub-components to fill their initial values.</p>\n\n<pre><code>&lt;component :is=\"Match\" v-for=\"match in match_list\"\n                     v-bind:key=\"match.id\"\n            v-bind=\"match\"&gt;&lt;/component&gt;\n</code></pre>\n\n<p>On the Match component, I accept all the values as props.\nBut I get a warning that props shouldn't be edited and these should be data elements instead. So I tried passing them to the component data.</p>\n\n<pre><code>export default {\n        name: \"Match\",\n        props: ['local_team', 'visitor_team', 'localScore', 'visitorScore', 'date', 'time', 'location', 'matchId'],\n      data(){\n          return{\n            id: this.id,\n            local_team: this.local_team,\n            visitor_team: this.visitor_team,\n            location: this.location,\n            date: this.date,\n            time: this.time,\n            localScore: this.localScore,\n            visitorScore: this.visitorScore\n          }\n      },\n</code></pre>\n\n<p>Now I get a warning that editable data shouldn't be based on props.</p>\n\n<p>How can I make the data from the Match component editable so it safely propagates to the parent component?</p>\n"
        },
        {
            "tags": [
                "ios",
                "swift",
                "function",
                "parameter-passing"
            ],
            "owner": {
                "reputation": 2106,
                "user_id": 611201,
                "user_type": "registered",
                "accept_rate": 47,
                "profile_image": "https://www.gravatar.com/avatar/0e3cf7b287b9db7f9bfef08d462034da?s=128&d=identicon&r=PG",
                "display_name": "Michel",
                "link": "https://stackoverflow.com/users/611201/michel"
            },
            "is_answered": true,
            "view_count": 20015,
            "accepted_answer_id": 33717462,
            "answer_count": 2,
            "score": 14,
            "last_activity_date": 1526431123,
            "creation_date": 1447571420,
            "question_id": 33717313,
            "body_markdown": "    \r\nI have the following function working as I expect, in iOS 8:\r\n    \r\n    func showConfirmBox(msg:String, title:String,\r\n        firstBtnStr:String,\r\n        secondBtnStr:String,\r\n        caller:UIViewController) {\r\n            let userPopUp = UIAlertController(title:title,\r\n                message:msg, preferredStyle:UIAlertControllerStyle.Alert)\r\n            userPopUp.addAction(UIAlertAction(title:firstBtnStr, style:UIAlertActionStyle.Default,\r\n                handler:{action in}))\r\n            userPopUp.addAction(UIAlertAction(title:secondBtnStr, style:UIAlertActionStyle.Default,\r\n                handler:{action in}))\r\n            caller.presentViewController(userPopUp, animated: true, completion: nil)\r\n    }\r\n    \r\nI would like to make something like the following, in order to pass as arguments the methods to be executed when one or the other of the buttons are going to be touched:\r\n    \r\n    \r\n    func showConfirmBox(msg:String, title:String,\r\n        firstBtnStr:String, firstSelector:Selector,\r\n        secondBtnStr:String, secondSelector:Selector,\r\n        caller:UIViewController) {\r\n            let userPopUp = UIAlertController(title:title,\r\n                message:msg, preferredStyle:UIAlertControllerStyle.Alert)\r\n            userPopUp.addAction(UIAlertAction(title:firstBtnStr, style:UIAlertActionStyle.Default,\r\n                handler:{action in caller.firstSelector()}))\r\n            userPopUp.addAction(UIAlertAction(title:secondBtnStr, style:UIAlertActionStyle.Default,\r\n                handler:{action in caller.secondSelector()}))\r\n            caller.presentViewController(userPopUp, animated: true, completion: nil)\r\n    }\r\n    \r\nObviously I am not doing the right thing with firstSelector and secondSelector, because what I have tried up to now did not work. I suppose I am not using the right syntax for what I want, but I am sure it is possible to do what I would like to do. Any idea of the way to do it properly?\r\n    \r\n",
            "link": "https://stackoverflow.com/questions/33717313/passing-functions-as-parameters-in-swift",
            "title": "Passing functions as parameters in Swift",
            "body": "<p>I have the following function working as I expect, in iOS 8:</p>\n\n<pre><code>func showConfirmBox(msg:String, title:String,\n    firstBtnStr:String,\n    secondBtnStr:String,\n    caller:UIViewController) {\n        let userPopUp = UIAlertController(title:title,\n            message:msg, preferredStyle:UIAlertControllerStyle.Alert)\n        userPopUp.addAction(UIAlertAction(title:firstBtnStr, style:UIAlertActionStyle.Default,\n            handler:{action in}))\n        userPopUp.addAction(UIAlertAction(title:secondBtnStr, style:UIAlertActionStyle.Default,\n            handler:{action in}))\n        caller.presentViewController(userPopUp, animated: true, completion: nil)\n}\n</code></pre>\n\n<p>I would like to make something like the following, in order to pass as arguments the methods to be executed when one or the other of the buttons are going to be touched:</p>\n\n<pre><code>func showConfirmBox(msg:String, title:String,\n    firstBtnStr:String, firstSelector:Selector,\n    secondBtnStr:String, secondSelector:Selector,\n    caller:UIViewController) {\n        let userPopUp = UIAlertController(title:title,\n            message:msg, preferredStyle:UIAlertControllerStyle.Alert)\n        userPopUp.addAction(UIAlertAction(title:firstBtnStr, style:UIAlertActionStyle.Default,\n            handler:{action in caller.firstSelector()}))\n        userPopUp.addAction(UIAlertAction(title:secondBtnStr, style:UIAlertActionStyle.Default,\n            handler:{action in caller.secondSelector()}))\n        caller.presentViewController(userPopUp, animated: true, completion: nil)\n}\n</code></pre>\n\n<p>Obviously I am not doing the right thing with firstSelector and secondSelector, because what I have tried up to now did not work. I suppose I am not using the right syntax for what I want, but I am sure it is possible to do what I would like to do. Any idea of the way to do it properly?</p>\n"
        },
        {
            "tags": [
                "python",
                "argparse"
            ],
            "owner": {
                "reputation": 11,
                "user_id": 9345209,
                "user_type": "registered",
                "profile_image": "https://www.gravatar.com/avatar/e692d5c3619e6d7333f71fd40e02d338?s=128&d=identicon&r=PG&f=1",
                "display_name": "Kwan Lee",
                "link": "https://stackoverflow.com/users/9345209/kwan-lee"
            },
            "is_answered": false,
            "view_count": 32,
            "answer_count": 1,
            "score": 1,
            "last_activity_date": 1526431109,
            "creation_date": 1526423338,
            "question_id": 50360012,
            "body_markdown": "I am trying to run below code in jupyter notebook.\r\n\r\n    import argparse\r\n    parser = argparse.ArgumentParser(description=&#39;Example with non-optional arguments&#39;)\r\n    parser.add_argument(&#39;count&#39;, action=&quot;store&quot;, type=int)\r\n    parser.add_argument(&#39;units&#39;, action=&quot;store&quot;)\r\n    print(parser.parse_args())\r\n\r\nbut this gives this gives below error\r\n\r\n    usage: ipykernel_launcher.py [-h] count units\r\n    ipykernel_launcher.py: error: argument count: invalid int value: &#39;C:\\\\Users\\\\Kwan Lee\\\\AppData\\\\Roaming\\\\jupyter\\\\runtime\\\\kernel-76bf5bb5-ea74-42d5-8164-5c56b75bfafc.json&#39;\r\n    An exception has occurred, use %tb to see the full traceback.\r\n    \r\n    SystemExit: 2\r\n    \r\n    \r\n    c:\\users\\kwan lee\\anaconda2\\envs\\tensorflow\\lib\\site-packages\\IPython\\core\\interactiveshell.py:2971: UserWarning: To exit: use &#39;exit&#39;, &#39;quit&#39;, or Ctrl-D.\r\n      warn(&quot;To exit: use &#39;exit&#39;, &#39;quit&#39;, or Ctrl-D.&quot;, stacklevel=1)\r\n\r\nI am just trying to learn what argparse is but I don&#39;t get this error.\r\n",
            "link": "https://stackoverflow.com/questions/50360012/python-argparse-error-error-argument-count-invalid-int-value",
            "title": "Python argparse error: error: argument count: invalid int value",
            "body": "<p>I am trying to run below code in jupyter notebook.</p>\n\n<pre><code>import argparse\nparser = argparse.ArgumentParser(description='Example with non-optional arguments')\nparser.add_argument('count', action=\"store\", type=int)\nparser.add_argument('units', action=\"store\")\nprint(parser.parse_args())\n</code></pre>\n\n<p>but this gives this gives below error</p>\n\n<pre><code>usage: ipykernel_launcher.py [-h] count units\nipykernel_launcher.py: error: argument count: invalid int value: 'C:\\\\Users\\\\Kwan Lee\\\\AppData\\\\Roaming\\\\jupyter\\\\runtime\\\\kernel-76bf5bb5-ea74-42d5-8164-5c56b75bfafc.json'\nAn exception has occurred, use %tb to see the full traceback.\n\nSystemExit: 2\n\n\nc:\\users\\kwan lee\\anaconda2\\envs\\tensorflow\\lib\\site-packages\\IPython\\core\\interactiveshell.py:2971: UserWarning: To exit: use 'exit', 'quit', or Ctrl-D.\n  warn(\"To exit: use 'exit', 'quit', or Ctrl-D.\", stacklevel=1)\n</code></pre>\n\n<p>I am just trying to learn what argparse is but I don't get this error.</p>\n"
        },
        {
            "tags": [
                "amazon-web-services",
                "amazon-redshift"
            ],
            "owner": {
                "reputation": 413,
                "user_id": 5675130,
                "user_type": "registered",
                "accept_rate": 45,
                "profile_image": "https://www.gravatar.com/avatar/1f744b4a85fd476f7e3d0f3a4561cb67?s=128&d=identicon&r=PG&f=1",
                "display_name": "lfk",
                "link": "https://stackoverflow.com/users/5675130/lfk"
            },
            "is_answered": true,
            "view_count": 12,
            "accepted_answer_id": 50360921,
            "answer_count": 1,
            "score": 0,
            "last_activity_date": 1526431107,
            "creation_date": 1526430407,
            "last_edit_date": 1526431107,
            "question_id": 50360853,
            "body_markdown": "In Redshift, if dimension table and fact table have their PK and FK (respectively) as distribution key, but no foreign key constraint is declared in the fact table&#39;s DDL, will the tables be collocated and joined without any redistribution?",
            "link": "https://stackoverflow.com/questions/50360853/does-having-distribution-keys-but-no-declared-foreign-key-collocate-the-tables",
            "title": "Does having distribution keys but no declared foreign key collocate the tables?",
            "body": "<p>In Redshift, if dimension table and fact table have their PK and FK (respectively) as distribution key, but no foreign key constraint is declared in the fact table's DDL, will the tables be collocated and joined without any redistribution?</p>\n"
        },
        {
            "tags": [
                "javascript",
                "html",
                "ionic-framework"
            ],
            "owner": {
                "reputation": 78,
                "user_id": 9749952,
                "user_type": "registered",
                "profile_image": "https://www.gravatar.com/avatar/4216278f97507af23434229577e5115e?s=128&d=identicon&r=PG&f=1",
                "display_name": "EyTa",
                "link": "https://stackoverflow.com/users/9749952/eyta"
            },
            "is_answered": true,
            "view_count": 45,
            "accepted_answer_id": 50360922,
            "answer_count": 2,
            "score": 1,
            "last_activity_date": 1526431100,
            "creation_date": 1526415831,
            "question_id": 50358630,
            "body_markdown": "I have a toggle button which is working, i just want to create a button that will only interect with the toggle, when i click the button the toggle will go on, when i click again in the button the toggle will go off.\r\n\r\nToggle.html\r\n\r\n \r\n\r\n    &lt;ion-toggle class=&quot;toggle-small&quot; toggle-class=&quot;toggle-calm&quot; id=&quot;toggle&quot; (ionChange)=&quot;add(ioToggle.checked)&quot;  #ioToggle &gt;&lt;/ion-toggle&gt; \r\n\r\nIs there a way to do it ?",
            "link": "https://stackoverflow.com/questions/50358630/control-a-toggle-button-through-another-button",
            "title": "Control a toggle button through another button",
            "body": "<p>I have a toggle button which is working, i just want to create a button that will only interect with the toggle, when i click the button the toggle will go on, when i click again in the button the toggle will go off.</p>\n\n<p>Toggle.html</p>\n\n<pre><code>&lt;ion-toggle class=\"toggle-small\" toggle-class=\"toggle-calm\" id=\"toggle\" (ionChange)=\"add(ioToggle.checked)\"  #ioToggle &gt;&lt;/ion-toggle&gt; \n</code></pre>\n\n<p>Is there a way to do it ?</p>\n"
        },
        {
            "tags": [
                "image",
                "neural-network",
                "normalization",
                "mnist",
                "rescale"
            ],
            "owner": {
                "reputation": 6,
                "user_id": 8426191,
                "user_type": "registered",
                "profile_image": "https://lh5.googleusercontent.com/-SET4dEWjZpM/AAAAAAAAAAI/AAAAAAAAALo/FVKOOBIwafc/photo.jpg?sz=128",
                "display_name": "Danny Julian",
                "link": "https://stackoverflow.com/users/8426191/danny-julian"
            },
            "is_answered": false,
            "view_count": 13,
            "answer_count": 0,
            "score": -1,
            "last_activity_date": 1526431097,
            "creation_date": 1526415300,
            "last_edit_date": 1526431097,
            "question_id": 50358516,
            "body_markdown": "Im on my journey to learn neural networks using the MNIST Dataset! \r\nRight now, I&#180;m trying to understand why people normalize pixel values to the scale 0-1. I read its good for numerical stability, but i dont understand why!\r\n\r\nCan someone explain the advantages of this normalization?\r\n\r\n\r\nThanks!",
            "link": "https://stackoverflow.com/questions/50358516/why-scale-image-pixels-from-0-255-to-0-1",
            "title": "Why scale image pixels from 0-255 to 0-1?",
            "body": "<p>Im on my journey to learn neural networks using the MNIST Dataset! \nRight now, I´m trying to understand why people normalize pixel values to the scale 0-1. I read its good for numerical stability, but i dont understand why!</p>\n\n<p>Can someone explain the advantages of this normalization?</p>\n\n<p>Thanks!</p>\n"
        },
        {
            "tags": [
                "gitlab",
                "gitlab-ci-runner"
            ],
            "owner": {
                "reputation": 65,
                "user_id": 1443404,
                "user_type": "registered",
                "accept_rate": 60,
                "profile_image": "https://www.gravatar.com/avatar/e1c33c1670a58f53b653a0d890700f27?s=128&d=identicon&r=PG",
                "display_name": "Jaime R.",
                "link": "https://stackoverflow.com/users/1443404/jaime-r"
            },
            "is_answered": true,
            "view_count": 3029,
            "accepted_answer_id": 41882912,
            "answer_count": 3,
            "score": 3,
            "last_activity_date": 1526431075,
            "creation_date": 1485460642,
            "question_id": 41881882,
            "body_markdown": "I am trying to setup a docker runner and successfully registered the runner with gitlab-ce. However, when the job runs it always fails with the follow:\r\n\r\n    Running with gitlab-ci-multi-runner 1.10.2 (d171b73)\r\n\tUsing Docker executor with image python:3.4 ...\r\n\tStarting service postgres:latest ...\r\n\tPulling docker image postgres:latest ...\r\n\tWaiting for services to be up and running...\r\n\tPulling docker image python:3.4 ...\r\n\tRunning on runner-b35ff618-project-96-concurrent-0 via toucan...\r\n\tCloning repository...\r\n\tCloning into &#39;/builds/amrstratus/webportal&#39;...\r\n\tfatal: unable to access &#39;https://gitlab-ci-token:xxxxxxxxxxxxxxxxxxxx@gitlab.xxxxxxxxx/amrstratus/webportal.git/&#39;: Failed to connect to gitlab.xxxxxx port 443: Connection refused\r\n\tERROR: Build failed: exit code 1\r\n\r\nI tried simply to clone the repository and got a similar error:\r\n\r\n\troot@toucan:/tmp# git clone https://gitlab-ci-token:b35ff618453c702944c736668e1c2c@gitlab.xxxxxxxx/amrstratus/webportal.git/\r\n\tCloning into &#39;webportal&#39;...\r\n\tremote: HTTP Basic: Access denied\r\n\tfatal: Authentication failed for &#39;https://gitlab-ci-token:xxxxxxxxxxx@gitlab.xxxxxxxx/amrstratus/webportal.git/&#39;\r\n\r\nAccess via https seems to work fine and everything else seems to work.\r\n\r\nAny ideas? I am totally stuck.\r\n\r\nSystem Details:\r\n\r\n\tDebian 8 (Jessie)\r\n\tGitLab 8.16.2\r\n\tGitLab Shell 4.1.1\r\n\tGitLab Workhorse v1.3.0\r\n\tGitLab API v3\r\n\tGit 2.10.2\r\n\tRuby 2.3.3p222\r\n\tRails 4.2.7.1\r\n\tPostgreSQL 9.6.1\r\n",
            "link": "https://stackoverflow.com/questions/41881882/gitlab-ci-token-user-unable-to-clone-repositories",
            "title": "Gitlab-ci-token user unable to clone repositories",
            "body": "<p>I am trying to setup a docker runner and successfully registered the runner with gitlab-ce. However, when the job runs it always fails with the follow:</p>\n\n<pre><code>Running with gitlab-ci-multi-runner 1.10.2 (d171b73)\nUsing Docker executor with image python:3.4 ...\nStarting service postgres:latest ...\nPulling docker image postgres:latest ...\nWaiting for services to be up and running...\nPulling docker image python:3.4 ...\nRunning on runner-b35ff618-project-96-concurrent-0 via toucan...\nCloning repository...\nCloning into '/builds/amrstratus/webportal'...\nfatal: unable to access 'https://gitlab-ci-token:xxxxxxxxxxxxxxxxxxxx@gitlab.xxxxxxxxx/amrstratus/webportal.git/': Failed to connect to gitlab.xxxxxx port 443: Connection refused\nERROR: Build failed: exit code 1\n</code></pre>\n\n<p>I tried simply to clone the repository and got a similar error:</p>\n\n<pre><code>root@toucan:/tmp# git clone https://gitlab-ci-token:b35ff618453c702944c736668e1c2c@gitlab.xxxxxxxx/amrstratus/webportal.git/\nCloning into 'webportal'...\nremote: HTTP Basic: Access denied\nfatal: Authentication failed for 'https://gitlab-ci-token:xxxxxxxxxxx@gitlab.xxxxxxxx/amrstratus/webportal.git/'\n</code></pre>\n\n<p>Access via https seems to work fine and everything else seems to work.</p>\n\n<p>Any ideas? I am totally stuck.</p>\n\n<p>System Details:</p>\n\n<pre><code>Debian 8 (Jessie)\nGitLab 8.16.2\nGitLab Shell 4.1.1\nGitLab Workhorse v1.3.0\nGitLab API v3\nGit 2.10.2\nRuby 2.3.3p222\nRails 4.2.7.1\nPostgreSQL 9.6.1\n</code></pre>\n"
        },
        {
            "tags": [
                "solr"
            ],
            "owner": {
                "reputation": 107,
                "user_id": 1391506,
                "user_type": "registered",
                "accept_rate": 0,
                "profile_image": "https://www.gravatar.com/avatar/02b493559a5b861816ba7cca73996b63?s=128&d=identicon&r=PG",
                "display_name": "KDAO",
                "link": "https://stackoverflow.com/users/1391506/kdao"
            },
            "is_answered": false,
            "view_count": 13,
            "answer_count": 0,
            "score": 0,
            "last_activity_date": 1526431028,
            "creation_date": 1526431028,
            "question_id": 50360914,
            "body_markdown": "I hope someone can help me troubleshoot this.  I am running the web app with integrated SOLR 5.5 into it.  I think I got all the directory structure and config files layout correctly. The webapp will getting data and keep indexing\r\n\r\nDuring my startup flow I try to load the core  like this:\r\n            \r\n            coreContainer = new CoreContainer();\r\n            coreContainer.load();\r\n            logger.info(&quot;Solr started...&quot;);\r\n            if (coreContainer.isLoaded(&quot;collection1&quot;)) {\r\n                logger.info(&quot;loaded&quot;);\r\n            }\r\n\r\n\r\nthe output showed:\r\n\r\n    2018-05-15 17:23:08.927 ~ 57 ~ [INFO ] ~ b.b.t.c.i.TrackIndexManager ~ Solr started..\r\n    2018-05-15 17:23:08.927 ~ 59 ~ [INFO ] ~ b.b.t.c.i.TrackIndexManager ~ loaded\r\n\r\nbut then about a minute later it always got this error:\r\n\r\n        org.apache.solr.common.SolrException: Error opening new searcher\r\n    \tat org.apache.solr.core.SolrCore.&lt;init&gt;(SolrCore.java:820) ~[solr-core-5.5.5.jar:5.5.5 b3441673c21c83762035dc21d3827ad16aa17b68 - sarowe - 2017-10-20 09:02:42]\r\n    \tat org.apache.solr.core.SolrCore.&lt;init&gt;(SolrCore.java:658) ~[solr-core-5.5.5.jar:5.5.5 b3441673c21c83762035dc21d3827ad16aa17b68 - sarowe - 2017-10-20 09:02:42]\r\n    \tat org.apache.solr.core.CoreContainer.create(CoreContainer.java:820) [solr-core-5.5.5.jar:5.5.5 b3441673c21c83762035dc21d3827ad16aa17b68 - sarowe - 2017-10-20 09:02:42]\r\n    \tat org.apache.solr.core.CoreContainer.access$000(CoreContainer.java:90) [solr-core-5.5.5.jar:5.5.5 b3441673c21c83762035dc21d3827ad16aa17b68 - sarowe - 2017-10-20 09:02:42]\r\n    \tat org.apache.solr.core.CoreContainer$1.call(CoreContainer.java:473) [solr-core-5.5.5.jar:5.5.5 b3441673c21c83762035dc21d3827ad16aa17b68 - sarowe - 2017-10-20 09:02:42]\r\n    \tat org.apache.solr.core.CoreContainer$1.call(CoreContainer.java:464) [solr-core-5.5.5.jar:5.5.5 b3441673c21c83762035dc21d3827ad16aa17b68 - sarowe - 2017-10-20 09:02:42]\r\n    \tat java.util.concurrent.FutureTask.run(FutureTask.java:266) [?:1.8.0_152]\r\n    \tat org.apache.solr.common.util.ExecutorUtil$MDCAwareThreadPoolExecutor$1.run(ExecutorUtil.java:231) [solr-solrj-5.5.5.jar:5.5.5 b3441673c21c83762035dc21d3827ad16aa17b68 - sarowe - 2017-10-20 09:02:44]\r\n    \tat java.util.concurrent.ThreadPoolExecutor.runWorker(ThreadPoolExecutor.java:1149) [?:1.8.0_152]\r\n    \tat java.util.concurrent.ThreadPoolExecutor$Worker.run(ThreadPoolExecutor.java:624) [?:1.8.0_152]\r\n    \tat java.lang.Thread.run(Thread.java:748) [?:1.8.0_152]\r\n    Caused by: org.apache.solr.common.SolrException: Error opening new searcher\r\n    \tat org.apache.solr.core.SolrCore.openNewSearcher(SolrCore.java:1696) ~[solr-core-5.5.5.jar:5.5.5 b3441673c21c83762035dc21d3827ad16aa17b68 - sarowe - 2017-10-20 09:02:42]\r\n    \tat org.apache.solr.core.SolrCore.getSearcher(SolrCore.java:1807) ~[solr-core-5.5.5.jar:5.5.5 b3441673c21c83762035dc21d3827ad16aa17b68 - sarowe - 2017-10-20 09:02:42]\r\n    \tat org.apache.solr.core.SolrCore.initSearcher(SolrCore.java:914) ~[solr-core-5.5.5.jar:5.5.5 b3441673c21c83762035dc21d3827ad16aa17b68 - sarowe - 2017-10-20 09:02:42]\r\n    \tat org.apache.solr.core.SolrCore.&lt;init&gt;(SolrCore.java:793) ~[solr-core-5.5.5.jar:5.5.5 b3441673c21c83762035dc21d3827ad16aa17b68 - sarowe - 2017-10-20 09:02:42]\r\n    \t... 10 more\r\n    Caused by: org.apache.lucene.store.LockObtainFailedException: Lock obtain timed out: SleepingLockWrapper(NRTCachingDirectory(MMapDirectory@C:\\Dev\\workspace4.7\\TrackManager3.3\\missiondata\\solr\\collection1\\data\\index lockFactory=org.apache.lucene.store.NativeFSLockFactory@e330551; maxCacheMB=48.0 maxMergeSizeMB=4.0)): org.apache.lucene.store.LockObtainFailedException: Lock held by this virtual machine: C:\\Dev\\workspace4.7\\TrackManager3.3\\missiondata\\solr\\collection1\\data\\index\\write.lock\r\n    \tat org.apache.lucene.store.SleepingLockWrapper.obtainLock(SleepingLockWrapper.java:102) ~[lucene-core-5.5.5.jar:5.5.5 b3441673c21c83762035dc21d3827ad16aa17b68 - sarowe - 2017-10-20 08:57:09]\r\n    \tat org.apache.lucene.index.IndexWriter.&lt;init&gt;(IndexWriter.java:776) ~[lucene-core-5.5.5.jar:5.5.5 b3441673c21c83762035dc21d3827ad16aa17b68 - sarowe - 2017-10-20 08:57:09]\r\n    \tat org.apache.solr.update.SolrIndexWriter.&lt;init&gt;(SolrIndexWriter.java:78) ~[solr-core-5.5.5.jar:5.5.5 b3441673c21c83762035dc21d3827ad16aa17b68 - sarowe - 2017-10-20 09:02:42]\r\n    \tat org.apache.solr.update.SolrIndexWriter.create(SolrIndexWriter.java:65) ~[solr-core-5.5.5.jar:5.5.5 b3441673c21c83762035dc21d3827ad16aa17b68 - sarowe - 2017-10-20 09:02:42]\r\n    \tat org.apache.solr.update.DefaultSolrCoreState.createMainIndexWriter(DefaultSolrCoreState.java:237) ~[solr-core-5.5.5.jar:5.5.5 b3441673c21c83762035dc21d3827ad16aa17b68 - sarowe - 2017-10-20 09:02:42]\r\n    \tat org.apache.solr.update.DefaultSolrCoreState.getIndexWriter(DefaultSolrCoreState.java:111) ~[solr-core-5.5.5.jar:5.5.5 b3441673c21c83762035dc21d3827ad16aa17b68 - sarowe - 2017-10-20 09:02:42]\r\n    \tat org.apache.solr.core.SolrCore.openNewSearcher(SolrCore.java:1657) ~[solr-core-5.5.5.jar:5.5.5 b3441673c21c83762035dc21d3827ad16aa17b68 - sarowe - 2017-10-20 09:02:42]\r\n    \tat org.apache.solr.core.SolrCore.getSearcher(SolrCore.java:1807) ~[solr-core-5.5.5.jar:5.5.5 b3441673c21c83762035dc21d3827ad16aa17b68 - sarowe - 2017-10-20 09:02:42]\r\n    \tat org.apache.solr.core.SolrCore.initSearcher(SolrCore.java:914) ~[solr-core-5.5.5.jar:5.5.5 b3441673c21c83762035dc21d3827ad16aa17b68 - sarowe - 2017-10-20 09:02:42]\r\n    \tat org.apache.solr.core.SolrCore.&lt;init&gt;(SolrCore.java:793) ~[solr-core-5.5.5.jar:5.5.5 b3441673c21c83762035dc21d3827ad16aa17b68 - sarowe - 2017-10-20 09:02:42]\r\n    \t... 10 more\r\n    Caused by: org.apache.lucene.store.LockObtainFailedException: Lock held by this virtual machine: C:\\Dev\\workspace4.7\\TrackManager3.3\\missiondata\\solr\\collection1\\data\\index\\write.lock\r\n    \tat org.apache.lucene.store.NativeFSLockFactory.obtainFSLock(NativeFSLockFactory.java:127) ~[lucene-core-5.5.5.jar:5.5.5 b3441673c21c83762035dc21d3827ad16aa17b68 - sarowe - 2017-10-20 08:57:09]\r\n    \tat org.apache.lucene.store.FSLockFactory.obtainLock(FSLockFactory.java:41) ~[lucene-core-5.5.5.jar:5.5.5 b3441673c21c83762035dc21d3827ad16aa17b68 - sarowe - 2017-10-20 08:57:09]\r\n    \tat org.apache.lucene.store.BaseDirectory.obtainLock(BaseDirectory.java:45) ~[lucene-core-5.5.5.jar:5.5.5 b3441673c21c83762035dc21d3827ad16aa17b68 - sarowe - 2017-10-20 08:57:09]\r\n    \tat org.apache.lucene.store.FilterDirectory.obtainLock(FilterDirectory.java:94) ~[lucene-core-5.5.5.jar:5.5.5 b3441673c21c83762035dc21d3827ad16aa17b68 - sarowe - 2017-10-20 08:57:09]\r\n    \tat org.apache.lucene.store.SleepingLockWrapper.obtainLock(SleepingLockWrapper.java:84) ~[lucene-core-5.5.5.jar:5.5.5 b3441673c21c83762035dc21d3827ad16aa17b68 - sarowe - 2017-10-20 08:57:09]\r\n    \tat org.apache.lucene.index.IndexWriter.&lt;init&gt;(IndexWriter.java:776) ~[lucene-core-5.5.5.jar:5.5.5 b3441673c21c83762035dc21d3827ad16aa17b68 - sarowe - 2017-10-20 08:57:09]\r\n    \tat org.apache.solr.update.SolrIndexWriter.&lt;init&gt;(SolrIndexWriter.java:78) ~[solr-core-5.5.5.jar:5.5.5 b3441673c21c83762035dc21d3827ad16aa17b68 - sarowe - 2017-10-20 09:02:42]\r\n    \tat org.apache.solr.update.SolrIndexWriter.create(SolrIndexWriter.java:65) ~[solr-core-5.5.5.jar:5.5.5 b3441673c21c83762035dc21d3827ad16aa17b68 - sarowe - 2017-10-20 09:02:42]\r\n    \tat org.apache.solr.update.DefaultSolrCoreState.createMainIndexWriter(DefaultSolrCoreState.java:237) ~[solr-core-5.5.5.jar:5.5.5 b3441673c21c83762035dc21d3827ad16aa17b68 - sarowe - 2017-10-20 09:02:42]\r\n    \tat org.apache.solr.update.DefaultSolrCoreState.getIndexWriter(DefaultSolrCoreState.java:111) ~[solr-core-5.5.5.jar:5.5.5 b3441673c21c83762035dc21d3827ad16aa17b68 - sarowe - 2017-10-20 09:02:42]\r\n    \tat org.apache.solr.core.SolrCore.openNewSearcher(SolrCore.java:1657) ~[solr-core-5.5.5.jar:5.5.5 b3441673c21c83762035dc21d3827ad16aa17b68 - sarowe - 2017-10-20 09:02:42]\r\n    \tat org.apache.solr.core.SolrCore.getSearcher(SolrCore.java:1807) ~[solr-core-5.5.5.jar:5.5.5 b3441673c21c83762035dc21d3827ad16aa17b68 - sarowe - 2017-10-20 09:02:42]\r\n    \tat org.apache.solr.core.SolrCore.initSearcher(SolrCore.java:914) ~[solr-core-5.5.5.jar:5.5.5 b3441673c21c83762035dc21d3827ad16aa17b68 - sarowe - 2017-10-20 09:02:42]\r\n    \tat org.apache.solr.core.SolrCore.&lt;init&gt;(SolrCore.java:793) ~[solr-core-5.5.5.jar:5.5.5 b3441673c21c83762035dc21d3827ad16aa17b68 - sarowe - 2017-10-20 09:02:42]\r\n    \t... 10 more\r\n    2018-05-15 17:23:30.830 ~ 506 ~ [ERROR] ~ o.a.s.c.CoreContainer ~ Error waiting for SolrCore to be created\r\n    java.util.concurrent.ExecutionException: org.apache.solr.common.SolrException: Unable to create core [collection1]\r\n    \tat java.util.concurrent.FutureTask.report(FutureTask.java:122) ~[?:1.8.0_152]\r\n    \tat java.util.concurrent.FutureTask.get(FutureTask.java:192) ~[?:1.8.0_152]\r\n    \tat org.apache.solr.core.CoreContainer$2.run(CoreContainer.java:502) [solr-core-5.5.5.jar:5.5.5 b3441673c21c83762035dc21d3827ad16aa17b68 - sarowe - 2017-10-20 09:02:42]\r\n    \tat java.util.concurrent.Executors$RunnableAdapter.call(Executors.java:511) [?:1.8.0_152]\r\n    \tat java.util.concurrent.FutureTask.run(FutureTask.java:266) [?:1.8.0_152]\r\n    \tat org.apache.solr.common.util.ExecutorUtil$MDCAwareThreadPoolExecutor$1.run(ExecutorUtil.java:231) [solr-solrj-5.5.5.jar:5.5.5 b3441673c21c83762035dc21d3827ad16aa17b68 - sarowe - 2017-10-20 09:02:44]\r\n    \tat java.util.concurrent.ThreadPoolExecutor.runWorker(ThreadPoolExecutor.java:1149) [?:1.8.0_152]\r\n    \tat java.util.concurrent.ThreadPoolExecutor$Worker.run(ThreadPoolExecutor.java:624) [?:1.8.0_152]\r\n    \tat java.lang.Thread.run(Thread.java:748) [?:1.8.0_152]\r\n    Caused by: org.apache.solr.common.SolrException: Unable to create core [collection1]\r\n    \tat org.apache.solr.core.CoreContainer.create(CoreContainer.java:833) ~[solr-core-5.5.5.jar:5.5.5 b3441673c21c83762035dc21d3827ad16aa17b68 - sarowe - 2017-10-20 09:02:42]\r\n    \tat org.apache.solr.core.CoreContainer.access$000(CoreContainer.java:90) ~[solr-core-5.5.5.jar:5.5.5 b3441673c21c83762035dc21d3827ad16aa17b68 - sarowe - 2017-10-20 09:02:42]\r\n    \tat org.apache.solr.core.CoreContainer$1.call(CoreContainer.java:473) ~[solr-core-5.5.5.jar:5.5.5 b3441673c21c83762035dc21d3827ad16aa17b68 - sarowe - 2017-10-20 09:02:42]\r\n    \tat org.apache.solr.core.CoreContainer$1.call(CoreContainer.java:464) ~[solr-core-5.5.5.jar:5.5.5 b3441673c21c83762035dc21d3827ad16aa17b68 - sarowe - 2017-10-20 09:02:42]\r\n    \t... 5 more\r\n    Caused by: org.apache.solr.common.SolrException: Error opening new searcher\r\n    \tat org.apache.solr.core.SolrCore.&lt;init&gt;(SolrCore.java:820) ~[solr-core-5.5.5.jar:5.5.5 b3441673c21c83762035dc21d3827ad16aa17b68 - sarowe - 2017-10-20 09:02:42]\r\n    \tat org.apache.solr.core.SolrCore.&lt;init&gt;(SolrCore.java:658) ~[solr-core-5.5.5.jar:5.5.5 b3441673c21c83762035dc21d3827ad16aa17b68 - sarowe - 2017-10-20 09:02:42]\r\n    \tat org.apache.solr.core.CoreContainer.create(CoreContainer.java:820) ~[solr-core-5.5.5.jar:5.5.5 b3441673c21c83762035dc21d3827ad16aa17b68 - sarowe - 2017-10-20 09:02:42]\r\n    \tat org.apache.solr.core.CoreContainer.access$000(CoreContainer.java:90) ~[solr-core-5.5.5.jar:5.5.5 b3441673c21c83762035dc21d3827ad16aa17b68 - sarowe - 2017-10-20 09:02:42]\r\n    \tat org.apache.solr.core.CoreContainer$1.call(CoreContainer.java:473) ~[solr-core-5.5.5.jar:5.5.5 b3441673c21c83762035dc21d3827ad16aa17b68 - sarowe - 2017-10-20 09:02:42]\r\n    \tat org.apache.solr.core.CoreContainer$1.call(CoreContainer.java:464) ~[solr-core-5.5.5.jar:5.5.5 b3441673c21c83762035dc21d3827ad16aa17b68 - sarowe - 2017-10-20 09:02:42]\r\n    \t... 5 more\r\n    Caused by: org.apache.solr.common.SolrException: Error opening new searcher\r\n    \tat org.apache.solr.core.SolrCore.openNewSearcher(SolrCore.java:1696) ~[solr-core-5.5.5.jar:5.5.5 b3441673c21c83762035dc21d3827ad16aa17b68 - sarowe - 2017-10-20 09:02:42]\r\n    \tat org.apache.solr.core.SolrCore.getSearcher(SolrCore.java:1807) ~[solr-core-5.5.5.jar:5.5.5 b3441673c21c83762035dc21d3827ad16aa17b68 - sarowe - 2017-10-20 09:02:42]\r\n    \tat org.apache.solr.core.SolrCore.initSearcher(SolrCore.java:914) ~[solr-core-5.5.5.jar:5.5.5 b3441673c21c83762035dc21d3827ad16aa17b68 - sarowe - 2017-10-20 09:02:42]\r\n    \tat org.apache.solr.core.SolrCore.&lt;init&gt;(SolrCore.java:793) ~[solr-core-5.5.5.jar:5.5.5 b3441673c21c83762035dc21d3827ad16aa17b68 - sarowe - 2017-10-20 09:02:42]\r\n    \tat org.apache.solr.core.SolrCore.&lt;init&gt;(SolrCore.java:658) ~[solr-core-5.5.5.jar:5.5.5 b3441673c21c83762035dc21d3827ad16aa17b68 - sarowe - 2017-10-20 09:02:42]\r\n    \tat org.apache.solr.core.CoreContainer.create(CoreContainer.java:820) ~[solr-core-5.5.5.jar:5.5.5 b3441673c21c83762035dc21d3827ad16aa17b68 - sarowe - 2017-10-20 09:02:42]\r\n    \tat org.apache.solr.core.CoreContainer.access$000(CoreContainer.java:90) ~[solr-core-5.5.5.jar:5.5.5 b3441673c21c83762035dc21d3827ad16aa17b68 - sarowe - 2017-10-20 09:02:42]\r\n    \tat org.apache.solr.core.CoreContainer$1.call(CoreContainer.java:473) ~[solr-core-5.5.5.jar:5.5.5 b3441673c21c83762035dc21d3827ad16aa17b68 - sarowe - 2017-10-20 09:02:42]\r\n    \tat org.apache.solr.core.CoreContainer$1.call(CoreContainer.java:464) ~[solr-core-5.5.5.jar:5.5.5 b3441673c21c83762035dc21d3827ad16aa17b68 - sarowe - 2017-10-20 09:02:42]\r\n    \t... 5 more\r\n    Caused by: org.apache.lucene.store.LockObtainFailedException: Lock obtain timed out: SleepingLockWrapper(NRTCachingDirectory(MMapDirectory@C:\\Dev\\workspace4.7\\TrackManager3.3\\missiondata\\solr\\collection1\\data\\index lockFactory=org.apache.lucene.store.NativeFSLockFactory@e330551; maxCacheMB=48.0 maxMergeSizeMB=4.0)): org.apache.lucene.store.LockObtainFailedException: Lock held by this virtual machine: C:\\Dev\\workspace4.7\\TrackManager3.3\\missiondata\\solr\\collection1\\data\\index\\write.lock\r\n    \tat org.apache.lucene.store.SleepingLockWrapper.obtainLock(SleepingLockWrapper.java:102) ~[lucene-core-5.5.5.jar:5.5.5 b3441673c21c83762035dc21d3827ad16aa17b68 - sarowe - 2017-10-20 08:57:09]\r\n    \tat org.apache.lucene.index.IndexWriter.&lt;init&gt;(IndexWriter.java:776) ~[lucene-core-5.5.5.jar:5.5.5 b3441673c21c83762035dc21d3827ad16aa17b68 - sarowe - 2017-10-20 08:57:09]\r\n    \tat org.apache.solr.update.SolrIndexWriter.&lt;init&gt;(SolrIndexWriter.java:78) ~[solr-core-5.5.5.jar:5.5.5 b3441673c21c83762035dc21d3827ad16aa17b68 - sarowe - 2017-10-20 09:02:42]\r\n    \tat org.apache.solr.update.SolrIndexWriter.create(SolrIndexWriter.java:65) ~[solr-core-5.5.5.jar:5.5.5 b3441673c21c83762035dc21d3827ad16aa17b68 - sarowe - 2017-10-20 09:02:42]\r\n    \tat org.apache.solr.update.DefaultSolrCoreState.createMainIndexWriter(DefaultSolrCoreState.java:237) ~[solr-core-5.5.5.jar:5.5.5 b3441673c21c83762035dc21d3827ad16aa17b68 - sarowe - 2017-10-20 09:02:42]\r\n    \tat org.apache.solr.update.DefaultSolrCoreState.getIndexWriter(DefaultSolrCoreState.java:111) ~[solr-core-5.5.5.jar:5.5.5 b3441673c21c83762035dc21d3827ad16aa17b68 - sarowe - 2017-10-20 09:02:42]\r\n    \tat org.apache.solr.core.SolrCore.openNewSearcher(SolrCore.java:1657) ~[solr-core-5.5.5.jar:5.5.5 b3441673c21c83762035dc21d3827ad16aa17b68 - sarowe - 2017-10-20 09:02:42]\r\n    \tat org.apache.solr.core.SolrCore.getSearcher(SolrCore.java:1807) ~[solr-core-5.5.5.jar:5.5.5 b3441673c21c83762035dc21d3827ad16aa17b68 - sarowe - 2017-10-20 09:02:42]\r\n    \tat org.apache.solr.core.SolrCore.initSearcher(SolrCore.java:914) ~[solr-core-5.5.5.jar:5.5.5 b3441673c21c83762035dc21d3827ad16aa17b68 - sarowe - 2017-10-20 09:02:42]\r\n    \tat org.apache.solr.core.SolrCore.&lt;init&gt;(SolrCore.java:793) ~[solr-core-5.5.5.jar:5.5.5 b3441673c21c83762035dc21d3827ad16aa17b68 - sarowe - 2017-10-20 09:02:42]\r\n    \tat org.apache.solr.core.SolrCore.&lt;init&gt;(SolrCore.java:658) ~[solr-core-5.5.5.jar:5.5.5 b3441673c21c83762035dc21d3827ad16aa17b68 - sarowe - 2017-10-20 09:02:42]\r\n    \tat org.apache.solr.core.CoreContainer.create(CoreContainer.java:820) ~[solr-core-5.5.5.jar:5.5.5 b3441673c21c83762035dc21d3827ad16aa17b68 - sarowe - 2017-10-20 09:02:42]\r\n    \tat org.apache.solr.core.CoreContainer.access$000(CoreContainer.java:90) ~[solr-core-5.5.5.jar:5.5.5 b3441673c21c83762035dc21d3827ad16aa17b68 - sarowe - 2017-10-20 09:02:42]\r\n    \tat org.apache.solr.core.CoreContainer$1.call(CoreContainer.java:473) ~[solr-core-5.5.5.jar:5.5.5 b3441673c21c83762035dc21d3827ad16aa17b68 - sarowe - 2017-10-20 09:02:42]\r\n    \tat org.apache.solr.core.CoreContainer$1.call(CoreContainer.java:464) ~[solr-core-5.5.5.jar:5.5.5 b3441673c21c83762035dc21d3827ad16aa17b68 - sarowe - 2017-10-20 09:02:42]\r\n    \t... 5 more\r\n    Caused by: org.apache.lucene.store.LockObtainFailedException: Lock held by this virtual machine: C:\\Dev\\workspace4.7\\TrackManager3.3\\missiondata\\solr\\collection1\\data\\index\\write.lock\r\n    \tat org.apache.lucene.store.NativeFSLockFactory.obtainFSLock(NativeFSLockFactory.java:127) ~[lucene-core-5.5.5.jar:5.5.5 b3441673c21c83762035dc21d3827ad16aa17b68 - sarowe - 2017-10-20 08:57:09]\r\n    \tat org.apache.lucene.store.FSLockFactory.obtainLock(FSLockFactory.java:41) ~[lucene-core-5.5.5.jar:5.5.5 b3441673c21c83762035dc21d3827ad16aa17b68 - sarowe - 2017-10-20 08:57:09]\r\n    \tat org.apache.lucene.store.BaseDirectory.obtainLock(BaseDirectory.java:45) ~[lucene-core-5.5.5.jar:5.5.5 b3441673c21c83762035dc21d3827ad16aa17b68 - sarowe - 2017-10-20 08:57:09]\r\n    \tat org.apache.lucene.store.FilterDirectory.obtainLock(FilterDirectory.java:94) ~[lucene-core-5.5.5.jar:5.5.5 b3441673c21c83762035dc21d3827ad16aa17b68 - sarowe - 2017-10-20 08:57:09]\r\n    \tat org.apache.lucene.store.SleepingLockWrapper.obtainLock(SleepingLockWrapper.java:84) ~[lucene-core-5.5.5.jar:5.5.5 b3441673c21c83762035dc21d3827ad16aa17b68 - sarowe - 2017-10-20 08:57:09]\r\n    \tat org.apache.lucene.index.IndexWriter.&lt;init&gt;(IndexWriter.java:776) ~[lucene-core-5.5.5.jar:5.5.5 b3441673c21c83762035dc21d3827ad16aa17b68 - sarowe - 2017-10-20 08:57:09]\r\n    \tat org.apache.solr.update.SolrIndexWriter.&lt;init&gt;(SolrIndexWriter.java:78) ~[solr-core-5.5.5.jar:5.5.5 b3441673c21c83762035dc21d3827ad16aa17b68 - sarowe - 2017-10-20 09:02:42]\r\n    \tat org.apache.solr.update.SolrIndexWriter.create(SolrIndexWriter.java:65) ~[solr-core-5.5.5.jar:5.5.5 b3441673c21c83762035dc21d3827ad16aa17b68 - sarowe - 2017-10-20 09:02:42]\r\n    \tat org.apache.solr.update.DefaultSolrCoreState.createMainIndexWriter(DefaultSolrCoreState.java:237) ~[solr-core-5.5.5.jar:5.5.5 b3441673c21c83762035dc21d3827ad16aa17b68 - sarowe - 2017-10-20 09:02:42]\r\n    \tat org.apache.solr.update.DefaultSolrCoreState.getIndexWriter(DefaultSolrCoreState.java:111) ~[solr-core-5.5.5.jar:5.5.5 b3441673c21c83762035dc21d3827ad16aa17b68 - sarowe - 2017-10-20 09:02:42]\r\n    \tat org.apache.solr.core.SolrCore.openNewSearcher(SolrCore.java:1657) ~[solr-core-5.5.5.jar:5.5.5 b3441673c21c83762035dc21d3827ad16aa17b68 - sarowe - 2017-10-20 09:02:42]\r\n    \tat org.apache.solr.core.SolrCore.getSearcher(SolrCore.java:1807) ~[solr-core-5.5.5.jar:5.5.5 b3441673c21c83762035dc21d3827ad16aa17b68 - sarowe - 2017-10-20 09:02:42]\r\n    \tat org.apache.solr.core.SolrCore.initSearcher(SolrCore.java:914) ~[solr-core-5.5.5.jar:5.5.5 b3441673c21c83762035dc21d3827ad16aa17b68 - sarowe - 2017-10-20 09:02:42]\r\n    \tat org.apache.solr.core.SolrCore.&lt;init&gt;(SolrCore.java:793) ~[solr-core-5.5.5.jar:5.5.5 b3441673c21c83762035dc21d3827ad16aa17b68 - sarowe - 2017-10-20 09:02:42]\r\n    \tat org.apache.solr.core.SolrCore.&lt;init&gt;(SolrCore.java:658) ~[solr-core-5.5.5.jar:5.5.5 b3441673c21c83762035dc21d3827ad16aa17b68 - sarowe - 2017-10-20 09:02:42]\r\n    \tat org.apache.solr.core.CoreContainer.create(CoreContainer.java:820) ~[solr-core-5.5.5.jar:5.5.5 b3441673c21c83762035dc21d3827ad16aa17b68 - sarowe - 2017-10-20 09:02:42]\r\n    \tat org.apache.solr.core.CoreContainer.access$000(CoreContainer.java:90) ~[solr-core-5.5.5.jar:5.5.5 b3441673c21c83762035dc21d3827ad16aa17b68 - sarowe - 2017-10-20 09:02:42]\r\n    \tat org.apache.solr.core.CoreContainer$1.call(CoreContainer.java:473) ~[solr-core-5.5.5.jar:5.5.5 b3441673c21c83762035dc21d3827ad16aa17b68 - sarowe - 2017-10-20 09:02:42]\r\n    \tat org.apache.solr.core.CoreContainer$1.call(CoreContainer.java:464) ~[solr-core-5.5.5.jar:5.5.5 b3441673c21c83762035dc21d3827ad16aa17b68 - sarowe - 2017-10-20 09:02:42]\r\n    \t... 5 more\r\n\r\n\r\nbut I can still index by later without problem using the below:(I don&#39;t think this will related because I always got the above problem even I comments out this code):\r\n\r\n    server = new EmbeddedSolrServer(coreContainer, &quot;collection1&quot;);\r\n    server.add(solrDocBuffer);\r\n    \r\n    server.commit(false, false);\r\n    server.optimize(false, false);\r\n\r\n\r\n",
            "link": "https://stackoverflow.com/questions/50360914/sorl-5-5-how-to-load-the-corecontainer-propertly",
            "title": "SORL 5.5 how to load the CoreContainer propertly?",
            "body": "<p>I hope someone can help me troubleshoot this.  I am running the web app with integrated SOLR 5.5 into it.  I think I got all the directory structure and config files layout correctly. The webapp will getting data and keep indexing</p>\n\n<p>During my startup flow I try to load the core  like this:</p>\n\n<pre><code>        coreContainer = new CoreContainer();\n        coreContainer.load();\n        logger.info(\"Solr started...\");\n        if (coreContainer.isLoaded(\"collection1\")) {\n            logger.info(\"loaded\");\n        }\n</code></pre>\n\n<p>the output showed:</p>\n\n<pre><code>2018-05-15 17:23:08.927 ~ 57 ~ [INFO ] ~ b.b.t.c.i.TrackIndexManager ~ Solr started..\n2018-05-15 17:23:08.927 ~ 59 ~ [INFO ] ~ b.b.t.c.i.TrackIndexManager ~ loaded\n</code></pre>\n\n<p>but then about a minute later it always got this error:</p>\n\n<pre><code>    org.apache.solr.common.SolrException: Error opening new searcher\n    at org.apache.solr.core.SolrCore.&lt;init&gt;(SolrCore.java:820) ~[solr-core-5.5.5.jar:5.5.5 b3441673c21c83762035dc21d3827ad16aa17b68 - sarowe - 2017-10-20 09:02:42]\n    at org.apache.solr.core.SolrCore.&lt;init&gt;(SolrCore.java:658) ~[solr-core-5.5.5.jar:5.5.5 b3441673c21c83762035dc21d3827ad16aa17b68 - sarowe - 2017-10-20 09:02:42]\n    at org.apache.solr.core.CoreContainer.create(CoreContainer.java:820) [solr-core-5.5.5.jar:5.5.5 b3441673c21c83762035dc21d3827ad16aa17b68 - sarowe - 2017-10-20 09:02:42]\n    at org.apache.solr.core.CoreContainer.access$000(CoreContainer.java:90) [solr-core-5.5.5.jar:5.5.5 b3441673c21c83762035dc21d3827ad16aa17b68 - sarowe - 2017-10-20 09:02:42]\n    at org.apache.solr.core.CoreContainer$1.call(CoreContainer.java:473) [solr-core-5.5.5.jar:5.5.5 b3441673c21c83762035dc21d3827ad16aa17b68 - sarowe - 2017-10-20 09:02:42]\n    at org.apache.solr.core.CoreContainer$1.call(CoreContainer.java:464) [solr-core-5.5.5.jar:5.5.5 b3441673c21c83762035dc21d3827ad16aa17b68 - sarowe - 2017-10-20 09:02:42]\n    at java.util.concurrent.FutureTask.run(FutureTask.java:266) [?:1.8.0_152]\n    at org.apache.solr.common.util.ExecutorUtil$MDCAwareThreadPoolExecutor$1.run(ExecutorUtil.java:231) [solr-solrj-5.5.5.jar:5.5.5 b3441673c21c83762035dc21d3827ad16aa17b68 - sarowe - 2017-10-20 09:02:44]\n    at java.util.concurrent.ThreadPoolExecutor.runWorker(ThreadPoolExecutor.java:1149) [?:1.8.0_152]\n    at java.util.concurrent.ThreadPoolExecutor$Worker.run(ThreadPoolExecutor.java:624) [?:1.8.0_152]\n    at java.lang.Thread.run(Thread.java:748) [?:1.8.0_152]\nCaused by: org.apache.solr.common.SolrException: Error opening new searcher\n    at org.apache.solr.core.SolrCore.openNewSearcher(SolrCore.java:1696) ~[solr-core-5.5.5.jar:5.5.5 b3441673c21c83762035dc21d3827ad16aa17b68 - sarowe - 2017-10-20 09:02:42]\n    at org.apache.solr.core.SolrCore.getSearcher(SolrCore.java:1807) ~[solr-core-5.5.5.jar:5.5.5 b3441673c21c83762035dc21d3827ad16aa17b68 - sarowe - 2017-10-20 09:02:42]\n    at org.apache.solr.core.SolrCore.initSearcher(SolrCore.java:914) ~[solr-core-5.5.5.jar:5.5.5 b3441673c21c83762035dc21d3827ad16aa17b68 - sarowe - 2017-10-20 09:02:42]\n    at org.apache.solr.core.SolrCore.&lt;init&gt;(SolrCore.java:793) ~[solr-core-5.5.5.jar:5.5.5 b3441673c21c83762035dc21d3827ad16aa17b68 - sarowe - 2017-10-20 09:02:42]\n    ... 10 more\nCaused by: org.apache.lucene.store.LockObtainFailedException: Lock obtain timed out: SleepingLockWrapper(NRTCachingDirectory(MMapDirectory@C:\\Dev\\workspace4.7\\TrackManager3.3\\missiondata\\solr\\collection1\\data\\index lockFactory=org.apache.lucene.store.NativeFSLockFactory@e330551; maxCacheMB=48.0 maxMergeSizeMB=4.0)): org.apache.lucene.store.LockObtainFailedException: Lock held by this virtual machine: C:\\Dev\\workspace4.7\\TrackManager3.3\\missiondata\\solr\\collection1\\data\\index\\write.lock\n    at org.apache.lucene.store.SleepingLockWrapper.obtainLock(SleepingLockWrapper.java:102) ~[lucene-core-5.5.5.jar:5.5.5 b3441673c21c83762035dc21d3827ad16aa17b68 - sarowe - 2017-10-20 08:57:09]\n    at org.apache.lucene.index.IndexWriter.&lt;init&gt;(IndexWriter.java:776) ~[lucene-core-5.5.5.jar:5.5.5 b3441673c21c83762035dc21d3827ad16aa17b68 - sarowe - 2017-10-20 08:57:09]\n    at org.apache.solr.update.SolrIndexWriter.&lt;init&gt;(SolrIndexWriter.java:78) ~[solr-core-5.5.5.jar:5.5.5 b3441673c21c83762035dc21d3827ad16aa17b68 - sarowe - 2017-10-20 09:02:42]\n    at org.apache.solr.update.SolrIndexWriter.create(SolrIndexWriter.java:65) ~[solr-core-5.5.5.jar:5.5.5 b3441673c21c83762035dc21d3827ad16aa17b68 - sarowe - 2017-10-20 09:02:42]\n    at org.apache.solr.update.DefaultSolrCoreState.createMainIndexWriter(DefaultSolrCoreState.java:237) ~[solr-core-5.5.5.jar:5.5.5 b3441673c21c83762035dc21d3827ad16aa17b68 - sarowe - 2017-10-20 09:02:42]\n    at org.apache.solr.update.DefaultSolrCoreState.getIndexWriter(DefaultSolrCoreState.java:111) ~[solr-core-5.5.5.jar:5.5.5 b3441673c21c83762035dc21d3827ad16aa17b68 - sarowe - 2017-10-20 09:02:42]\n    at org.apache.solr.core.SolrCore.openNewSearcher(SolrCore.java:1657) ~[solr-core-5.5.5.jar:5.5.5 b3441673c21c83762035dc21d3827ad16aa17b68 - sarowe - 2017-10-20 09:02:42]\n    at org.apache.solr.core.SolrCore.getSearcher(SolrCore.java:1807) ~[solr-core-5.5.5.jar:5.5.5 b3441673c21c83762035dc21d3827ad16aa17b68 - sarowe - 2017-10-20 09:02:42]\n    at org.apache.solr.core.SolrCore.initSearcher(SolrCore.java:914) ~[solr-core-5.5.5.jar:5.5.5 b3441673c21c83762035dc21d3827ad16aa17b68 - sarowe - 2017-10-20 09:02:42]\n    at org.apache.solr.core.SolrCore.&lt;init&gt;(SolrCore.java:793) ~[solr-core-5.5.5.jar:5.5.5 b3441673c21c83762035dc21d3827ad16aa17b68 - sarowe - 2017-10-20 09:02:42]\n    ... 10 more\nCaused by: org.apache.lucene.store.LockObtainFailedException: Lock held by this virtual machine: C:\\Dev\\workspace4.7\\TrackManager3.3\\missiondata\\solr\\collection1\\data\\index\\write.lock\n    at org.apache.lucene.store.NativeFSLockFactory.obtainFSLock(NativeFSLockFactory.java:127) ~[lucene-core-5.5.5.jar:5.5.5 b3441673c21c83762035dc21d3827ad16aa17b68 - sarowe - 2017-10-20 08:57:09]\n    at org.apache.lucene.store.FSLockFactory.obtainLock(FSLockFactory.java:41) ~[lucene-core-5.5.5.jar:5.5.5 b3441673c21c83762035dc21d3827ad16aa17b68 - sarowe - 2017-10-20 08:57:09]\n    at org.apache.lucene.store.BaseDirectory.obtainLock(BaseDirectory.java:45) ~[lucene-core-5.5.5.jar:5.5.5 b3441673c21c83762035dc21d3827ad16aa17b68 - sarowe - 2017-10-20 08:57:09]\n    at org.apache.lucene.store.FilterDirectory.obtainLock(FilterDirectory.java:94) ~[lucene-core-5.5.5.jar:5.5.5 b3441673c21c83762035dc21d3827ad16aa17b68 - sarowe - 2017-10-20 08:57:09]\n    at org.apache.lucene.store.SleepingLockWrapper.obtainLock(SleepingLockWrapper.java:84) ~[lucene-core-5.5.5.jar:5.5.5 b3441673c21c83762035dc21d3827ad16aa17b68 - sarowe - 2017-10-20 08:57:09]\n    at org.apache.lucene.index.IndexWriter.&lt;init&gt;(IndexWriter.java:776) ~[lucene-core-5.5.5.jar:5.5.5 b3441673c21c83762035dc21d3827ad16aa17b68 - sarowe - 2017-10-20 08:57:09]\n    at org.apache.solr.update.SolrIndexWriter.&lt;init&gt;(SolrIndexWriter.java:78) ~[solr-core-5.5.5.jar:5.5.5 b3441673c21c83762035dc21d3827ad16aa17b68 - sarowe - 2017-10-20 09:02:42]\n    at org.apache.solr.update.SolrIndexWriter.create(SolrIndexWriter.java:65) ~[solr-core-5.5.5.jar:5.5.5 b3441673c21c83762035dc21d3827ad16aa17b68 - sarowe - 2017-10-20 09:02:42]\n    at org.apache.solr.update.DefaultSolrCoreState.createMainIndexWriter(DefaultSolrCoreState.java:237) ~[solr-core-5.5.5.jar:5.5.5 b3441673c21c83762035dc21d3827ad16aa17b68 - sarowe - 2017-10-20 09:02:42]\n    at org.apache.solr.update.DefaultSolrCoreState.getIndexWriter(DefaultSolrCoreState.java:111) ~[solr-core-5.5.5.jar:5.5.5 b3441673c21c83762035dc21d3827ad16aa17b68 - sarowe - 2017-10-20 09:02:42]\n    at org.apache.solr.core.SolrCore.openNewSearcher(SolrCore.java:1657) ~[solr-core-5.5.5.jar:5.5.5 b3441673c21c83762035dc21d3827ad16aa17b68 - sarowe - 2017-10-20 09:02:42]\n    at org.apache.solr.core.SolrCore.getSearcher(SolrCore.java:1807) ~[solr-core-5.5.5.jar:5.5.5 b3441673c21c83762035dc21d3827ad16aa17b68 - sarowe - 2017-10-20 09:02:42]\n    at org.apache.solr.core.SolrCore.initSearcher(SolrCore.java:914) ~[solr-core-5.5.5.jar:5.5.5 b3441673c21c83762035dc21d3827ad16aa17b68 - sarowe - 2017-10-20 09:02:42]\n    at org.apache.solr.core.SolrCore.&lt;init&gt;(SolrCore.java:793) ~[solr-core-5.5.5.jar:5.5.5 b3441673c21c83762035dc21d3827ad16aa17b68 - sarowe - 2017-10-20 09:02:42]\n    ... 10 more\n2018-05-15 17:23:30.830 ~ 506 ~ [ERROR] ~ o.a.s.c.CoreContainer ~ Error waiting for SolrCore to be created\njava.util.concurrent.ExecutionException: org.apache.solr.common.SolrException: Unable to create core [collection1]\n    at java.util.concurrent.FutureTask.report(FutureTask.java:122) ~[?:1.8.0_152]\n    at java.util.concurrent.FutureTask.get(FutureTask.java:192) ~[?:1.8.0_152]\n    at org.apache.solr.core.CoreContainer$2.run(CoreContainer.java:502) [solr-core-5.5.5.jar:5.5.5 b3441673c21c83762035dc21d3827ad16aa17b68 - sarowe - 2017-10-20 09:02:42]\n    at java.util.concurrent.Executors$RunnableAdapter.call(Executors.java:511) [?:1.8.0_152]\n    at java.util.concurrent.FutureTask.run(FutureTask.java:266) [?:1.8.0_152]\n    at org.apache.solr.common.util.ExecutorUtil$MDCAwareThreadPoolExecutor$1.run(ExecutorUtil.java:231) [solr-solrj-5.5.5.jar:5.5.5 b3441673c21c83762035dc21d3827ad16aa17b68 - sarowe - 2017-10-20 09:02:44]\n    at java.util.concurrent.ThreadPoolExecutor.runWorker(ThreadPoolExecutor.java:1149) [?:1.8.0_152]\n    at java.util.concurrent.ThreadPoolExecutor$Worker.run(ThreadPoolExecutor.java:624) [?:1.8.0_152]\n    at java.lang.Thread.run(Thread.java:748) [?:1.8.0_152]\nCaused by: org.apache.solr.common.SolrException: Unable to create core [collection1]\n    at org.apache.solr.core.CoreContainer.create(CoreContainer.java:833) ~[solr-core-5.5.5.jar:5.5.5 b3441673c21c83762035dc21d3827ad16aa17b68 - sarowe - 2017-10-20 09:02:42]\n    at org.apache.solr.core.CoreContainer.access$000(CoreContainer.java:90) ~[solr-core-5.5.5.jar:5.5.5 b3441673c21c83762035dc21d3827ad16aa17b68 - sarowe - 2017-10-20 09:02:42]\n    at org.apache.solr.core.CoreContainer$1.call(CoreContainer.java:473) ~[solr-core-5.5.5.jar:5.5.5 b3441673c21c83762035dc21d3827ad16aa17b68 - sarowe - 2017-10-20 09:02:42]\n    at org.apache.solr.core.CoreContainer$1.call(CoreContainer.java:464) ~[solr-core-5.5.5.jar:5.5.5 b3441673c21c83762035dc21d3827ad16aa17b68 - sarowe - 2017-10-20 09:02:42]\n    ... 5 more\nCaused by: org.apache.solr.common.SolrException: Error opening new searcher\n    at org.apache.solr.core.SolrCore.&lt;init&gt;(SolrCore.java:820) ~[solr-core-5.5.5.jar:5.5.5 b3441673c21c83762035dc21d3827ad16aa17b68 - sarowe - 2017-10-20 09:02:42]\n    at org.apache.solr.core.SolrCore.&lt;init&gt;(SolrCore.java:658) ~[solr-core-5.5.5.jar:5.5.5 b3441673c21c83762035dc21d3827ad16aa17b68 - sarowe - 2017-10-20 09:02:42]\n    at org.apache.solr.core.CoreContainer.create(CoreContainer.java:820) ~[solr-core-5.5.5.jar:5.5.5 b3441673c21c83762035dc21d3827ad16aa17b68 - sarowe - 2017-10-20 09:02:42]\n    at org.apache.solr.core.CoreContainer.access$000(CoreContainer.java:90) ~[solr-core-5.5.5.jar:5.5.5 b3441673c21c83762035dc21d3827ad16aa17b68 - sarowe - 2017-10-20 09:02:42]\n    at org.apache.solr.core.CoreContainer$1.call(CoreContainer.java:473) ~[solr-core-5.5.5.jar:5.5.5 b3441673c21c83762035dc21d3827ad16aa17b68 - sarowe - 2017-10-20 09:02:42]\n    at org.apache.solr.core.CoreContainer$1.call(CoreContainer.java:464) ~[solr-core-5.5.5.jar:5.5.5 b3441673c21c83762035dc21d3827ad16aa17b68 - sarowe - 2017-10-20 09:02:42]\n    ... 5 more\nCaused by: org.apache.solr.common.SolrException: Error opening new searcher\n    at org.apache.solr.core.SolrCore.openNewSearcher(SolrCore.java:1696) ~[solr-core-5.5.5.jar:5.5.5 b3441673c21c83762035dc21d3827ad16aa17b68 - sarowe - 2017-10-20 09:02:42]\n    at org.apache.solr.core.SolrCore.getSearcher(SolrCore.java:1807) ~[solr-core-5.5.5.jar:5.5.5 b3441673c21c83762035dc21d3827ad16aa17b68 - sarowe - 2017-10-20 09:02:42]\n    at org.apache.solr.core.SolrCore.initSearcher(SolrCore.java:914) ~[solr-core-5.5.5.jar:5.5.5 b3441673c21c83762035dc21d3827ad16aa17b68 - sarowe - 2017-10-20 09:02:42]\n    at org.apache.solr.core.SolrCore.&lt;init&gt;(SolrCore.java:793) ~[solr-core-5.5.5.jar:5.5.5 b3441673c21c83762035dc21d3827ad16aa17b68 - sarowe - 2017-10-20 09:02:42]\n    at org.apache.solr.core.SolrCore.&lt;init&gt;(SolrCore.java:658) ~[solr-core-5.5.5.jar:5.5.5 b3441673c21c83762035dc21d3827ad16aa17b68 - sarowe - 2017-10-20 09:02:42]\n    at org.apache.solr.core.CoreContainer.create(CoreContainer.java:820) ~[solr-core-5.5.5.jar:5.5.5 b3441673c21c83762035dc21d3827ad16aa17b68 - sarowe - 2017-10-20 09:02:42]\n    at org.apache.solr.core.CoreContainer.access$000(CoreContainer.java:90) ~[solr-core-5.5.5.jar:5.5.5 b3441673c21c83762035dc21d3827ad16aa17b68 - sarowe - 2017-10-20 09:02:42]\n    at org.apache.solr.core.CoreContainer$1.call(CoreContainer.java:473) ~[solr-core-5.5.5.jar:5.5.5 b3441673c21c83762035dc21d3827ad16aa17b68 - sarowe - 2017-10-20 09:02:42]\n    at org.apache.solr.core.CoreContainer$1.call(CoreContainer.java:464) ~[solr-core-5.5.5.jar:5.5.5 b3441673c21c83762035dc21d3827ad16aa17b68 - sarowe - 2017-10-20 09:02:42]\n    ... 5 more\nCaused by: org.apache.lucene.store.LockObtainFailedException: Lock obtain timed out: SleepingLockWrapper(NRTCachingDirectory(MMapDirectory@C:\\Dev\\workspace4.7\\TrackManager3.3\\missiondata\\solr\\collection1\\data\\index lockFactory=org.apache.lucene.store.NativeFSLockFactory@e330551; maxCacheMB=48.0 maxMergeSizeMB=4.0)): org.apache.lucene.store.LockObtainFailedException: Lock held by this virtual machine: C:\\Dev\\workspace4.7\\TrackManager3.3\\missiondata\\solr\\collection1\\data\\index\\write.lock\n    at org.apache.lucene.store.SleepingLockWrapper.obtainLock(SleepingLockWrapper.java:102) ~[lucene-core-5.5.5.jar:5.5.5 b3441673c21c83762035dc21d3827ad16aa17b68 - sarowe - 2017-10-20 08:57:09]\n    at org.apache.lucene.index.IndexWriter.&lt;init&gt;(IndexWriter.java:776) ~[lucene-core-5.5.5.jar:5.5.5 b3441673c21c83762035dc21d3827ad16aa17b68 - sarowe - 2017-10-20 08:57:09]\n    at org.apache.solr.update.SolrIndexWriter.&lt;init&gt;(SolrIndexWriter.java:78) ~[solr-core-5.5.5.jar:5.5.5 b3441673c21c83762035dc21d3827ad16aa17b68 - sarowe - 2017-10-20 09:02:42]\n    at org.apache.solr.update.SolrIndexWriter.create(SolrIndexWriter.java:65) ~[solr-core-5.5.5.jar:5.5.5 b3441673c21c83762035dc21d3827ad16aa17b68 - sarowe - 2017-10-20 09:02:42]\n    at org.apache.solr.update.DefaultSolrCoreState.createMainIndexWriter(DefaultSolrCoreState.java:237) ~[solr-core-5.5.5.jar:5.5.5 b3441673c21c83762035dc21d3827ad16aa17b68 - sarowe - 2017-10-20 09:02:42]\n    at org.apache.solr.update.DefaultSolrCoreState.getIndexWriter(DefaultSolrCoreState.java:111) ~[solr-core-5.5.5.jar:5.5.5 b3441673c21c83762035dc21d3827ad16aa17b68 - sarowe - 2017-10-20 09:02:42]\n    at org.apache.solr.core.SolrCore.openNewSearcher(SolrCore.java:1657) ~[solr-core-5.5.5.jar:5.5.5 b3441673c21c83762035dc21d3827ad16aa17b68 - sarowe - 2017-10-20 09:02:42]\n    at org.apache.solr.core.SolrCore.getSearcher(SolrCore.java:1807) ~[solr-core-5.5.5.jar:5.5.5 b3441673c21c83762035dc21d3827ad16aa17b68 - sarowe - 2017-10-20 09:02:42]\n    at org.apache.solr.core.SolrCore.initSearcher(SolrCore.java:914) ~[solr-core-5.5.5.jar:5.5.5 b3441673c21c83762035dc21d3827ad16aa17b68 - sarowe - 2017-10-20 09:02:42]\n    at org.apache.solr.core.SolrCore.&lt;init&gt;(SolrCore.java:793) ~[solr-core-5.5.5.jar:5.5.5 b3441673c21c83762035dc21d3827ad16aa17b68 - sarowe - 2017-10-20 09:02:42]\n    at org.apache.solr.core.SolrCore.&lt;init&gt;(SolrCore.java:658) ~[solr-core-5.5.5.jar:5.5.5 b3441673c21c83762035dc21d3827ad16aa17b68 - sarowe - 2017-10-20 09:02:42]\n    at org.apache.solr.core.CoreContainer.create(CoreContainer.java:820) ~[solr-core-5.5.5.jar:5.5.5 b3441673c21c83762035dc21d3827ad16aa17b68 - sarowe - 2017-10-20 09:02:42]\n    at org.apache.solr.core.CoreContainer.access$000(CoreContainer.java:90) ~[solr-core-5.5.5.jar:5.5.5 b3441673c21c83762035dc21d3827ad16aa17b68 - sarowe - 2017-10-20 09:02:42]\n    at org.apache.solr.core.CoreContainer$1.call(CoreContainer.java:473) ~[solr-core-5.5.5.jar:5.5.5 b3441673c21c83762035dc21d3827ad16aa17b68 - sarowe - 2017-10-20 09:02:42]\n    at org.apache.solr.core.CoreContainer$1.call(CoreContainer.java:464) ~[solr-core-5.5.5.jar:5.5.5 b3441673c21c83762035dc21d3827ad16aa17b68 - sarowe - 2017-10-20 09:02:42]\n    ... 5 more\nCaused by: org.apache.lucene.store.LockObtainFailedException: Lock held by this virtual machine: C:\\Dev\\workspace4.7\\TrackManager3.3\\missiondata\\solr\\collection1\\data\\index\\write.lock\n    at org.apache.lucene.store.NativeFSLockFactory.obtainFSLock(NativeFSLockFactory.java:127) ~[lucene-core-5.5.5.jar:5.5.5 b3441673c21c83762035dc21d3827ad16aa17b68 - sarowe - 2017-10-20 08:57:09]\n    at org.apache.lucene.store.FSLockFactory.obtainLock(FSLockFactory.java:41) ~[lucene-core-5.5.5.jar:5.5.5 b3441673c21c83762035dc21d3827ad16aa17b68 - sarowe - 2017-10-20 08:57:09]\n    at org.apache.lucene.store.BaseDirectory.obtainLock(BaseDirectory.java:45) ~[lucene-core-5.5.5.jar:5.5.5 b3441673c21c83762035dc21d3827ad16aa17b68 - sarowe - 2017-10-20 08:57:09]\n    at org.apache.lucene.store.FilterDirectory.obtainLock(FilterDirectory.java:94) ~[lucene-core-5.5.5.jar:5.5.5 b3441673c21c83762035dc21d3827ad16aa17b68 - sarowe - 2017-10-20 08:57:09]\n    at org.apache.lucene.store.SleepingLockWrapper.obtainLock(SleepingLockWrapper.java:84) ~[lucene-core-5.5.5.jar:5.5.5 b3441673c21c83762035dc21d3827ad16aa17b68 - sarowe - 2017-10-20 08:57:09]\n    at org.apache.lucene.index.IndexWriter.&lt;init&gt;(IndexWriter.java:776) ~[lucene-core-5.5.5.jar:5.5.5 b3441673c21c83762035dc21d3827ad16aa17b68 - sarowe - 2017-10-20 08:57:09]\n    at org.apache.solr.update.SolrIndexWriter.&lt;init&gt;(SolrIndexWriter.java:78) ~[solr-core-5.5.5.jar:5.5.5 b3441673c21c83762035dc21d3827ad16aa17b68 - sarowe - 2017-10-20 09:02:42]\n    at org.apache.solr.update.SolrIndexWriter.create(SolrIndexWriter.java:65) ~[solr-core-5.5.5.jar:5.5.5 b3441673c21c83762035dc21d3827ad16aa17b68 - sarowe - 2017-10-20 09:02:42]\n    at org.apache.solr.update.DefaultSolrCoreState.createMainIndexWriter(DefaultSolrCoreState.java:237) ~[solr-core-5.5.5.jar:5.5.5 b3441673c21c83762035dc21d3827ad16aa17b68 - sarowe - 2017-10-20 09:02:42]\n    at org.apache.solr.update.DefaultSolrCoreState.getIndexWriter(DefaultSolrCoreState.java:111) ~[solr-core-5.5.5.jar:5.5.5 b3441673c21c83762035dc21d3827ad16aa17b68 - sarowe - 2017-10-20 09:02:42]\n    at org.apache.solr.core.SolrCore.openNewSearcher(SolrCore.java:1657) ~[solr-core-5.5.5.jar:5.5.5 b3441673c21c83762035dc21d3827ad16aa17b68 - sarowe - 2017-10-20 09:02:42]\n    at org.apache.solr.core.SolrCore.getSearcher(SolrCore.java:1807) ~[solr-core-5.5.5.jar:5.5.5 b3441673c21c83762035dc21d3827ad16aa17b68 - sarowe - 2017-10-20 09:02:42]\n    at org.apache.solr.core.SolrCore.initSearcher(SolrCore.java:914) ~[solr-core-5.5.5.jar:5.5.5 b3441673c21c83762035dc21d3827ad16aa17b68 - sarowe - 2017-10-20 09:02:42]\n    at org.apache.solr.core.SolrCore.&lt;init&gt;(SolrCore.java:793) ~[solr-core-5.5.5.jar:5.5.5 b3441673c21c83762035dc21d3827ad16aa17b68 - sarowe - 2017-10-20 09:02:42]\n    at org.apache.solr.core.SolrCore.&lt;init&gt;(SolrCore.java:658) ~[solr-core-5.5.5.jar:5.5.5 b3441673c21c83762035dc21d3827ad16aa17b68 - sarowe - 2017-10-20 09:02:42]\n    at org.apache.solr.core.CoreContainer.create(CoreContainer.java:820) ~[solr-core-5.5.5.jar:5.5.5 b3441673c21c83762035dc21d3827ad16aa17b68 - sarowe - 2017-10-20 09:02:42]\n    at org.apache.solr.core.CoreContainer.access$000(CoreContainer.java:90) ~[solr-core-5.5.5.jar:5.5.5 b3441673c21c83762035dc21d3827ad16aa17b68 - sarowe - 2017-10-20 09:02:42]\n    at org.apache.solr.core.CoreContainer$1.call(CoreContainer.java:473) ~[solr-core-5.5.5.jar:5.5.5 b3441673c21c83762035dc21d3827ad16aa17b68 - sarowe - 2017-10-20 09:02:42]\n    at org.apache.solr.core.CoreContainer$1.call(CoreContainer.java:464) ~[solr-core-5.5.5.jar:5.5.5 b3441673c21c83762035dc21d3827ad16aa17b68 - sarowe - 2017-10-20 09:02:42]\n    ... 5 more\n</code></pre>\n\n<p>but I can still index by later without problem using the below:(I don't think this will related because I always got the above problem even I comments out this code):</p>\n\n<pre><code>server = new EmbeddedSolrServer(coreContainer, \"collection1\");\nserver.add(solrDocBuffer);\n\nserver.commit(false, false);\nserver.optimize(false, false);\n</code></pre>\n"
        },
        {
            "tags": [
                "angular",
                "visual-studio-2017",
                "angular-cli"
            ],
            "owner": {
                "reputation": 2918,
                "user_id": 52962,
                "user_type": "registered",
                "accept_rate": 94,
                "profile_image": "https://www.gravatar.com/avatar/459c190463c1cfbcff34ee42de6f6897?s=128&d=identicon&r=PG",
                "display_name": "Greg &#39;&#39;Wildman&#39;&#39; Finzer",
                "link": "https://stackoverflow.com/users/52962/greg-wildman-finzer"
            },
            "is_answered": true,
            "view_count": 21358,
            "accepted_answer_id": 44532893,
            "answer_count": 7,
            "score": 17,
            "last_activity_date": 1526431006,
            "creation_date": 1497383534,
            "question_id": 44530354,
            "body_markdown": "Is it possible to run an Angular CLI generated project in Visual Studio 2017?\r\n\r\nI tried generating a Hello World application and Visual Studio 2017 can&#39;t run it.  \r\n\r\n    ng new HelloWorld\r\n\r\nI opened the folder as a website and clicked start.  Has anyone else solved this?\r\n\r\nThe &quot;Loading...&quot; just runs forever.\r\n",
            "link": "https://stackoverflow.com/questions/44530354/running-visual-studio-2017-with-angular-4-and-angular-cli",
            "title": "Running Visual Studio 2017 with Angular 4 and Angular CLI",
            "body": "<p>Is it possible to run an Angular CLI generated project in Visual Studio 2017?</p>\n\n<p>I tried generating a Hello World application and Visual Studio 2017 can't run it.  </p>\n\n<pre><code>ng new HelloWorld\n</code></pre>\n\n<p>I opened the folder as a website and clicked start.  Has anyone else solved this?</p>\n\n<p>The \"Loading...\" just runs forever.</p>\n"
        },
        {
            "tags": [
                "html",
                "css",
                "svg"
            ],
            "owner": {
                "reputation": 177,
                "user_id": 5844782,
                "user_type": "registered",
                "accept_rate": 100,
                "profile_image": "https://www.gravatar.com/avatar/6a5c65f9627194d0a73852eaf7a90057?s=128&d=identicon&r=PG&f=1",
                "display_name": "Jiroscopes",
                "link": "https://stackoverflow.com/users/5844782/jiroscopes"
            },
            "is_answered": true,
            "view_count": 11,
            "accepted_answer_id": 50360907,
            "answer_count": 1,
            "score": 0,
            "last_activity_date": 1526430997,
            "creation_date": 1526430330,
            "question_id": 50360844,
            "body_markdown": "I am attempting to animate an SVG on hover, I want the text to change on hover, I am trying this with **pure css**. Basically you hover on the circle path, and the text path has a css class called that changes its fill.\r\n\r\nHere is a [fiddle][1]\r\n\r\nHTML:\r\n\r\n    &lt;div class=&quot;holder&quot;&gt;\r\n      &lt;svg id=&quot;Layer_1&quot; data-name=&quot;Layer 1&quot; xmlns=&quot;http://www.w3.org/2000/svg&quot; viewBox=&quot;0 0 170.36 170.36&quot;&gt;\r\n        &lt;defs&gt;\r\n        &lt;style&gt;.cls-1{fill:#fff;}.cls-2,.cls-3,.cls-4{fill:#9b00f4;}.cls-3{font-size:56.54px;}.cls-3,.cls-4{font-family:Raleway-Bold, Raleway;font-weight:700;}.cls-4{font-size:48.97px;}&lt;/style&gt;\r\n        &lt;/defs&gt;\r\n        &lt;circle class=&quot;circle-1&quot; cx=&quot;960.15&quot; cy=&quot;540.18&quot; r=&quot;83.18&quot; transform=&quot;translate(-1008.6 -46.45) rotate(-22.5)&quot;/&gt;\r\n        &lt;path class=&quot;cls-2&quot; d=&quot;M960.15,459A81.18,81.18,0,1,1,879,540.18,81.28,81.28,0,0,1,960.15,459m0-4a85.18,85.18,0,1,0,85.18,85.18A85.18,85.18,0,0,0,960.15,455Z&quot; transform=&quot;translate(-874.97 -455)&quot;/&gt;\r\n        &lt;text class=&quot;cls-3 main-text&quot; transform=&quot;translate(73.19 99.05)&quot;&gt;1&lt;/text&gt;\r\n        &lt;text class=&quot;cls-4 alt-text&quot; transform=&quot;translate(70.67 94.69) rotate(0.08)&quot;&gt;2&lt;/text&gt;\r\n      &lt;/svg&gt;\r\n    &lt;/div&gt;\r\n\r\nCSS:\r\n\r\n    .holder{\r\n      width: 300px;\r\n      height: 300px;\r\n    }\r\n    .circle-1{\r\n      fill:white;\r\n    }\r\n    .circle-1:hover{\r\n      fill:purple;\r\n    }\r\n    .main-text{\r\n      display: block;\r\n    }\r\n    .alt-text{\r\n      display:none;\r\n    }\r\n    /* Doesn&#39;t work */\r\n    .circle-1:hover .main-text{\r\n      display:none;\r\n    }\r\n    .circle-1:hover .alt-text{\r\n      display:block;\r\n    }\r\n\r\n\r\n  [1]: https://jsfiddle.net/ucm69vbe/",
            "link": "https://stackoverflow.com/questions/50360844/svg-fill-on-text-change-on-hover",
            "title": "SVG fill on text change on hover",
            "body": "<p>I am attempting to animate an SVG on hover, I want the text to change on hover, I am trying this with <strong>pure css</strong>. Basically you hover on the circle path, and the text path has a css class called that changes its fill.</p>\n\n<p>Here is a <a href=\"https://jsfiddle.net/ucm69vbe/\" rel=\"nofollow noreferrer\">fiddle</a></p>\n\n<p>HTML:</p>\n\n<pre><code>&lt;div class=\"holder\"&gt;\n  &lt;svg id=\"Layer_1\" data-name=\"Layer 1\" xmlns=\"http://www.w3.org/2000/svg\" viewBox=\"0 0 170.36 170.36\"&gt;\n    &lt;defs&gt;\n    &lt;style&gt;.cls-1{fill:#fff;}.cls-2,.cls-3,.cls-4{fill:#9b00f4;}.cls-3{font-size:56.54px;}.cls-3,.cls-4{font-family:Raleway-Bold, Raleway;font-weight:700;}.cls-4{font-size:48.97px;}&lt;/style&gt;\n    &lt;/defs&gt;\n    &lt;circle class=\"circle-1\" cx=\"960.15\" cy=\"540.18\" r=\"83.18\" transform=\"translate(-1008.6 -46.45) rotate(-22.5)\"/&gt;\n    &lt;path class=\"cls-2\" d=\"M960.15,459A81.18,81.18,0,1,1,879,540.18,81.28,81.28,0,0,1,960.15,459m0-4a85.18,85.18,0,1,0,85.18,85.18A85.18,85.18,0,0,0,960.15,455Z\" transform=\"translate(-874.97 -455)\"/&gt;\n    &lt;text class=\"cls-3 main-text\" transform=\"translate(73.19 99.05)\"&gt;1&lt;/text&gt;\n    &lt;text class=\"cls-4 alt-text\" transform=\"translate(70.67 94.69) rotate(0.08)\"&gt;2&lt;/text&gt;\n  &lt;/svg&gt;\n&lt;/div&gt;\n</code></pre>\n\n<p>CSS:</p>\n\n<pre><code>.holder{\n  width: 300px;\n  height: 300px;\n}\n.circle-1{\n  fill:white;\n}\n.circle-1:hover{\n  fill:purple;\n}\n.main-text{\n  display: block;\n}\n.alt-text{\n  display:none;\n}\n/* Doesn't work */\n.circle-1:hover .main-text{\n  display:none;\n}\n.circle-1:hover .alt-text{\n  display:block;\n}\n</code></pre>\n"
        },
        {
            "tags": [
                "apache-kafka",
                "broker"
            ],
            "owner": {
                "reputation": 1,
                "user_id": 9797179,
                "user_type": "registered",
                "profile_image": "https://www.gravatar.com/avatar/defc96763484720626d8117bc0c595fc?s=128&d=identicon&r=PG&f=1",
                "display_name": "techno1",
                "link": "https://stackoverflow.com/users/9797179/techno1"
            },
            "is_answered": false,
            "view_count": 17,
            "answer_count": 0,
            "score": -2,
            "last_activity_date": 1526430982,
            "creation_date": 1526430982,
            "question_id": 50360905,
            "body_markdown": "All,\r\n\r\nInherited an overloaded kafka_2.11-1.0.0 3 node cluster. Is there a standard procedure or recommended doc on adding more nodes without downtime/message loss on the producer or consumer side?\r\n\r\nMany thanks.",
            "link": "https://stackoverflow.com/questions/50360905/kafka-scaling-procedure",
            "title": "Kafka scaling procedure",
            "body": "<p>All,</p>\n\n<p>Inherited an overloaded kafka_2.11-1.0.0 3 node cluster. Is there a standard procedure or recommended doc on adding more nodes without downtime/message loss on the producer or consumer side?</p>\n\n<p>Many thanks.</p>\n"
        },
        {
            "tags": [
                "logstash",
                "logstash-grok",
                "logstash-configuration"
            ],
            "owner": {
                "reputation": 5,
                "user_id": 8017314,
                "user_type": "registered",
                "accept_rate": 75,
                "profile_image": "https://graph.facebook.com/10211020353521496/picture?type=large",
                "display_name": "Angela Ameruoso",
                "link": "https://stackoverflow.com/users/8017314/angela-ameruoso"
            },
            "is_answered": false,
            "view_count": 22,
            "answer_count": 1,
            "score": 0,
            "last_activity_date": 1526430981,
            "creation_date": 1522073222,
            "last_edit_date": 1526430981,
            "question_id": 49493435,
            "body_markdown": "I am trying to write a filter that can check and remove multiple null value fields. \r\n\r\nFor instance, \r\n\r\n    filter {\r\n      mutate {\r\n       remove_tag =&gt; [ &quot;foo_%{somefield}&quot; ] }\r\n    }\r\n\r\nbut I need to do this check for many fields inside the json, so I would like to avoid using multiple if conditions. \r\nSearching on Google I found this \r\n\r\n    ruby {\r\n\t    code =&gt; &quot;event.to_hash.delete_if {|field, value| value == &#39;null&#39; }&quot;\r\n\t }\r\nbut it&#39;s not working and I am not really sure how this work. \r\nAny idea?\r\n",
            "link": "https://stackoverflow.com/questions/49493435/check-and-remove-multiple-null-values",
            "title": "Check and remove multiple null values",
            "body": "<p>I am trying to write a filter that can check and remove multiple null value fields. </p>\n\n<p>For instance, </p>\n\n<pre><code>filter {\n  mutate {\n   remove_tag =&gt; [ \"foo_%{somefield}\" ] }\n}\n</code></pre>\n\n<p>but I need to do this check for many fields inside the json, so I would like to avoid using multiple if conditions. \nSearching on Google I found this </p>\n\n<pre><code>ruby {\n    code =&gt; \"event.to_hash.delete_if {|field, value| value == 'null' }\"\n }\n</code></pre>\n\n<p>but it's not working and I am not really sure how this work. \nAny idea?</p>\n"
        },
        {
            "tags": [
                "angular",
                "jenkins",
                "webpack",
                "ng-build"
            ],
            "owner": {
                "reputation": 802,
                "user_id": 2609095,
                "user_type": "registered",
                "accept_rate": 87,
                "profile_image": "https://i.stack.imgur.com/UIrI5.jpg?s=128&g=1",
                "display_name": "Srini",
                "link": "https://stackoverflow.com/users/2609095/srini"
            },
            "is_answered": true,
            "view_count": 49,
            "accepted_answer_id": 50360904,
            "answer_count": 1,
            "score": 0,
            "last_activity_date": 1526430980,
            "creation_date": 1524352177,
            "question_id": 49960993,
            "body_markdown": "I have an `angular5` application, i use `webpack` bundler and `yarn` package manager. I setup the application by running the following commands:\r\n\r\n    yarn global add @angular/cli@latest\r\n\r\n    yarn\r\n\r\nIt installs `angular-cli`, all the respective dependencies/libraries and link the dependencies. When i run `ng serve` the application works fine, when i run `ng build --aot` the application builds fine and the build runs perfectly too.\r\n\r\nBut when i run the same commands to run my build using a Jenkins Job like below it&#39;s not updating the vendor bundle correctly because of which some parts of the application is not working right, especially `highcharts`\r\n\r\n    yarn global add @angular/cli@latest\r\n\r\n    yarn\r\n    \r\n    ng build --aot\r\n\r\nI even tried `ng build --aot --vendor-chunks=true` , still the `vendor.js` and `vendor.map.js` files in my local build and the one on `jenkins` build differ.\r\n\r\nI did delete all my node_modules , and ran the above mentioned commands, still no difference. The other big difference i could see is my node_modules on local machine have around 1535 packages and the one on jenkins workspace has only 1505. I verified most of the main packages , especially for `highcharts` &amp; `highmaps`. They do exist though.\r\n\r\nWhat am i missing here ? Is it a parameter issue or some other install-able is missing. I am using `anglar-cli` version 1.7.4, `yarn` 1.6.0 and `webpack` latest version too.\r\n\r\n\r\n",
            "link": "https://stackoverflow.com/questions/49960993/angular5-vendor-bundle-not-getting-updated-in-jenkins-build",
            "title": "Angular5: Vendor bundle not getting updated in Jenkins build",
            "body": "<p>I have an <code>angular5</code> application, i use <code>webpack</code> bundler and <code>yarn</code> package manager. I setup the application by running the following commands:</p>\n\n<pre><code>yarn global add @angular/cli@latest\n\nyarn\n</code></pre>\n\n<p>It installs <code>angular-cli</code>, all the respective dependencies/libraries and link the dependencies. When i run <code>ng serve</code> the application works fine, when i run <code>ng build --aot</code> the application builds fine and the build runs perfectly too.</p>\n\n<p>But when i run the same commands to run my build using a Jenkins Job like below it's not updating the vendor bundle correctly because of which some parts of the application is not working right, especially <code>highcharts</code></p>\n\n<pre><code>yarn global add @angular/cli@latest\n\nyarn\n\nng build --aot\n</code></pre>\n\n<p>I even tried <code>ng build --aot --vendor-chunks=true</code> , still the <code>vendor.js</code> and <code>vendor.map.js</code> files in my local build and the one on <code>jenkins</code> build differ.</p>\n\n<p>I did delete all my node_modules , and ran the above mentioned commands, still no difference. The other big difference i could see is my node_modules on local machine have around 1535 packages and the one on jenkins workspace has only 1505. I verified most of the main packages , especially for <code>highcharts</code> &amp; <code>highmaps</code>. They do exist though.</p>\n\n<p>What am i missing here ? Is it a parameter issue or some other install-able is missing. I am using <code>anglar-cli</code> version 1.7.4, <code>yarn</code> 1.6.0 and <code>webpack</code> latest version too.</p>\n"
        },
        {
            "tags": [
                "html",
                "css",
                "templates",
                "height",
                "blogger"
            ],
            "owner": {
                "reputation": 1,
                "user_id": 8210176,
                "user_type": "registered",
                "profile_image": "https://lh5.googleusercontent.com/-kHVaM6Ce0Ng/AAAAAAAAAAI/AAAAAAAAEmI/B5kPW8dHDzg/photo.jpg?sz=128",
                "display_name": "HoangDacViet",
                "link": "https://stackoverflow.com/users/8210176/hoangdacviet"
            },
            "is_answered": true,
            "view_count": 98,
            "accepted_answer_id": 44741212,
            "answer_count": 1,
            "score": -1,
            "last_activity_date": 1526430941,
            "creation_date": 1498339216,
            "last_edit_date": 1498366155,
            "question_id": 44741078,
            "body_markdown": "My blog has an embed but height=100% is not working \r\n\r\n    &lt;!DOCTYPE html PUBLIC &quot;-//W3C//DTD XHTML 1.0 Strict//EN&quot; &quot;http://www.w3.org/TR/xhtml1/DTD/xhtml1-strict.dtd&quot;&gt;\r\n    &lt;html xmlns=&quot;http://www.w3.org/1999/xhtml&quot; xml:lang=&quot;en&quot; lang=&quot;en&quot; dir=&quot;ltr&quot;&gt;\r\n    &lt;head&gt;\r\n    &lt;meta http-equiv=&quot;Content-Type&quot; content=&quot;text/html; charset=utf-8&quot; /&gt;\r\n    &lt;title&gt;&lt;$BlogPageTitle$&gt;&lt;/title&gt;\r\n    &lt;style&gt;html,body{margin:0;padding:0;background:#000;border:0;height:100%;width:100%}&lt;/style&gt;\r\n    &lt;/head&gt;\r\n    &lt;body style=&quot;padding:0;margin:0;border:0;height:100%;width:100%&quot;&gt;\r\n    &lt;Blogger&gt;\r\n    &lt;$BlogItemBody$&gt;\r\n    &lt;/Blogger&gt;\r\n    &lt;/body&gt;\r\n    &lt;/html&gt;\r\n\r\nDemo link: [http://embed.vntim.com/2015/01/live.html?sv=http://svtre.com/dogodongky.biz/hitSpoon.mp4&amp;HvieT][1] The frame video player doesn&#39;t show (height = 0).\r\n\r\n  [1]: http://embed.vntim.com/2015/01/live.html?sv=http://svtre.com/dogodongky.biz/hitSpoon.mp4&amp;HvieT",
            "link": "https://stackoverflow.com/questions/44741078/template-blogger-blogspot-height-100-percent-not-working",
            "title": "Template Blogger Blogspot height 100% percent not working",
            "body": "<p>My blog has an embed but height=100% is not working </p>\n\n<pre><code>&lt;!DOCTYPE html PUBLIC \"-//W3C//DTD XHTML 1.0 Strict//EN\" \"http://www.w3.org/TR/xhtml1/DTD/xhtml1-strict.dtd\"&gt;\n&lt;html xmlns=\"http://www.w3.org/1999/xhtml\" xml:lang=\"en\" lang=\"en\" dir=\"ltr\"&gt;\n&lt;head&gt;\n&lt;meta http-equiv=\"Content-Type\" content=\"text/html; charset=utf-8\" /&gt;\n&lt;title&gt;&lt;$BlogPageTitle$&gt;&lt;/title&gt;\n&lt;style&gt;html,body{margin:0;padding:0;background:#000;border:0;height:100%;width:100%}&lt;/style&gt;\n&lt;/head&gt;\n&lt;body style=\"padding:0;margin:0;border:0;height:100%;width:100%\"&gt;\n&lt;Blogger&gt;\n&lt;$BlogItemBody$&gt;\n&lt;/Blogger&gt;\n&lt;/body&gt;\n&lt;/html&gt;\n</code></pre>\n\n<p>Demo link: <a href=\"http://embed.vntim.com/2015/01/live.html?sv=http://svtre.com/dogodongky.biz/hitSpoon.mp4&amp;HvieT\" rel=\"nofollow noreferrer\">http://embed.vntim.com/2015/01/live.html?sv=http://svtre.com/dogodongky.biz/hitSpoon.mp4&amp;HvieT</a> The frame video player doesn't show (height = 0).</p>\n"
        },
        {
            "tags": [
                "php",
                "jquery",
                "wordpress",
                "wordpress-theming"
            ],
            "owner": {
                "reputation": 56,
                "user_id": 4149985,
                "user_type": "registered",
                "accept_rate": 62,
                "profile_image": "https://graph.facebook.com/1361266608/picture?type=large",
                "display_name": "Matty Clarke",
                "link": "https://stackoverflow.com/users/4149985/matty-clarke"
            },
            "is_answered": false,
            "view_count": 21,
            "answer_count": 0,
            "score": 0,
            "last_activity_date": 1526430936,
            "creation_date": 1526430936,
            "question_id": 50360896,
            "body_markdown": "So I&#39;ve been developing my own theme on a Mutlisite and one of the test sites I&#39;m working on using a default theme I&#39;m building is outputting the following error:\r\n\r\n    Uncaught TypeError: wp.customize is not a function\r\n        at HTMLDocument.&lt;anonymous&gt; (customizer.js?ver=4.9.5:3)\r\n        at i (jquery.js?ver=1.12.4:2)\r\n        at Object.fireWith [as resolveWith] (jquery.js?ver=1.12.4:2)\r\n        at Function.ready (jquery.js?ver=1.12.4:2)\r\n        at HTMLDocument.K (jquery.js?ver=1.12.4:2)\r\n\r\nMy functions.php has these functions included:\r\n\r\n    &lt;?php\r\n    \r\n    // Include Theme Customizer Settings\r\n    require_once(&#39;includes/customizer.php&#39;);\r\n    \r\n    //\r\n    \r\n    \r\n    // MEDIA LIBRARY QUEUE\r\n    add_action(&#39;wp_enqueue_scripts&#39;, &#39;my_register_javascript&#39;, 100);\r\n    function my_register_javascript() {\r\n      wp_register_script(&#39;mediaelement&#39;, plugins_url(&#39;wp-mediaelement.min.js&#39;, __FILE__), array(&#39;jquery&#39;), &#39;4.8.2&#39;, true);\r\n      wp_enqueue_script(&#39;mediaelement&#39;);\r\n    }\r\n    \r\n    // REQUIRE BS MENU\r\n    require_once get_template_directory() . &#39;/includes/class-wp-bootstrap-navwalker.php&#39;;\r\n    \r\n    // REGISTER MAIN MENU LOCATION\r\n    function register_my_menu() {\r\n      register_nav_menu(&#39;main-menu&#39;,__( &#39;Main Menu&#39; ));\r\n    }\r\n    add_action( &#39;init&#39;, &#39;register_my_menu&#39; );\r\n    \r\n    // ADD LOGO SUPPORT TO THEME\r\n    function pb_custom_logo() {\r\n      add_theme_support( &#39;custom-logo&#39;, array(\r\n        &#39;header-text&#39; =&gt; array( &#39;site-title&#39;, &#39;site-description&#39; ),\r\n      ));\r\n    }\r\n    add_action( &#39;after_setup_theme&#39;, &#39;pb_custom_logo&#39; );\r\n    function theme_prefix_the_custom_logo() {\r\n    \tif ( function_exists( &#39;the_custom_logo&#39; ) ) {\r\n    \t\tthe_custom_logo();\r\n    \t}\r\n    }\r\n    \r\n    \r\n    // Add thumbnail support to posts\r\n    add_theme_support( &#39;post-thumbnails&#39; );\r\n    \r\n    // Create Services Post Type\r\n    function services_posttype() {\r\n     \r\n      register_post_type( &#39;Services&#39;,\r\n      // CPT Options\r\n          array(\r\n              &#39;labels&#39; =&gt; array(\r\n                &#39;name&#39; =&gt; __( &#39;Services&#39; ),\r\n                &#39;singular_name&#39; =&gt; __( &#39;Service&#39; )\r\n              ),\r\n              &#39;public&#39; =&gt; true,\r\n              &#39;has_archive&#39; =&gt; true,\r\n              &#39;supports&#39; =&gt; array(&#39;title&#39;,&#39;editor&#39;,&#39;thumbnail&#39;),\r\n              &#39;rewrite&#39; =&gt; array(&#39;slug&#39; =&gt; &#39;services&#39;),\r\n          )\r\n      );\r\n    }\r\n    // Hooking up our function to theme setup\r\n    add_action( &#39;init&#39;, &#39;services_posttype&#39; );\r\n    \r\n    \r\n    \r\n    ?&gt;\r\n\r\nCustomizer.php:\r\n\r\n    &lt;?php\r\n    \r\n    function wpdocs_scripts_method() {\r\n        wp_enqueue_script( &#39;custom-script&#39;, get_stylesheet_directory_uri() . &#39;/js/customizer.js&#39;, array( &#39;jquery&#39; ) );\r\n      }\r\n      add_action( &#39;wp_enqueue_scripts&#39;, &#39;wpdocs_scripts_method&#39; );\r\n    \r\n    add_action( &#39;customize_register&#39;, &#39;pb_customizer_settings&#39; );\r\n    function pb_customizer_settings( $wp_customize ) {\r\n    \r\n        \r\n        //\r\n        // MAIN HOME BANNER\r\n        //\r\n    \r\n        $wp_customize-&gt;add_section( &#39;pb_front_page_banner&#39; , array(\r\n            &#39;title&#39;      =&gt; &#39;Front Page Banner&#39;,\r\n            &#39;priority&#39;   =&gt; 30,\r\n        ));\r\n        $wp_customize-&gt;add_setting( &#39;banner_image&#39; , array(\r\n            &#39;transport&#39;   =&gt; &#39;refresh&#39;,\r\n        ));\r\n        $wp_customize-&gt;add_control( \r\n            new WP_Customize_Image_Control(\r\n                $wp_customize,&#39;banner_image&#39;,array(\r\n                    &#39;label&#39; =&gt; &#39;Banner Image&#39;,\r\n                    &#39;section&#39; =&gt; &#39;pb_front_page_banner&#39;,\r\n                    &#39;settings&#39; =&gt; &#39;banner_image&#39;,\r\n                    &#39;priority&#39; =&gt; 2,\r\n                    &#39;description&#39; =&gt; &#39;This will change your photo on the main header of the front page.&#39;,\r\n                )\r\n            )\r\n        );\r\n    \r\n        // BANNER TITLE\r\n    \r\n        $wp_customize-&gt;add_setting(&#39;banner_title&#39;, array(\r\n            &#39;default&#39;     =&gt; &#39;This is the main header content.&#39;,\r\n            &#39;transport&#39;   =&gt; &#39;postMessage&#39;,\r\n        ));\r\n        $wp_customize-&gt;add_control( &#39;banner_title&#39;, array(\r\n            &#39;label&#39;     =&gt; &#39;Banner Title&#39;,\r\n            &#39;section&#39;\t=&gt; &#39;pb_front_page_banner&#39;,\r\n            &#39;type&#39;\t    =&gt; &#39;text&#39;,\r\n            &#39;description&#39; =&gt; &#39;This is the main title on the banner.&#39;,\r\n        ));\r\n    \r\n        // BANNER PARAGRAPH \r\n    \r\n        $wp_customize-&gt;add_setting(&#39;banner_para&#39;, array(\r\n            &#39;default&#39;     =&gt; &#39;This is the main content which will be displayed in a paragraph.&#39;,\r\n            &#39;transport&#39;   =&gt; &#39;postMessage&#39;,\r\n        ));\r\n        $wp_customize-&gt;add_control( &#39;banner_para&#39;, array(\r\n            &#39;label&#39;     =&gt; &#39;Banner Paragraph&#39;,\r\n            &#39;section&#39;\t=&gt; &#39;pb_front_page_banner&#39;,\r\n            &#39;type&#39;\t    =&gt; &#39;textarea&#39;,\r\n            &#39;description&#39; =&gt; &#39;This is the text under the main title on the banner.&#39;,\r\n        ));\r\n        \r\n        /////////////////////\r\n        // CONTACT DETAILS //\r\n        /////////////////////\r\n    \r\n        // Create the section\r\n        $wp_customize-&gt;add_section(&#39;pb_foot_contact&#39; , array(\r\n            &#39;title&#39;      =&gt; &#39;Contact Details&#39;,\r\n            &#39;priority&#39;   =&gt; 30,\r\n        ));\r\n    \r\n        //Telephone\r\n    \r\n        $wp_customize-&gt;add_setting(&#39;contact_det_tel&#39;, array(\r\n            &#39;default&#39;     =&gt; &#39;&#39;,\r\n            &#39;transport&#39;   =&gt; &#39;postMessage&#39;,\r\n        ));\r\n        $wp_customize-&gt;add_control(&#39;contact_det_tel&#39;, array(\r\n            &#39;label&#39;     =&gt; &#39;Telephone Number&#39;,\r\n            &#39;section&#39;\t=&gt; &#39;pb_foot_contact&#39;,\r\n            &#39;type&#39;\t    =&gt; &#39;text&#39;,\r\n            &#39;description&#39; =&gt; &#39;This will display your telephone number so customers can call you.&#39;,\r\n            &#39;input_attrs&#39; =&gt; array(\r\n                &#39;placeholder&#39; =&gt; __(&#39;e.g 0151 123 4567&#39;),\r\n            )\r\n        ));\r\n    \r\n        //Email Address\r\n    \r\n        $wp_customize-&gt;add_setting(&#39;contact_det_email&#39;, array(\r\n            &#39;default&#39;     =&gt; &#39;&#39;,\r\n            &#39;transport&#39;   =&gt; &#39;postMessage&#39;,\r\n        ));\r\n        $wp_customize-&gt;add_control(&#39;contact_det_email&#39;, array(\r\n            &#39;label&#39;     =&gt; &#39;E-Mail Address&#39;,\r\n            &#39;section&#39;\t=&gt; &#39;pb_foot_contact&#39;,\r\n            &#39;type&#39;\t    =&gt; &#39;text&#39;,\r\n            &#39;description&#39; =&gt; &#39;This will show customers what E-Mail Address you can be contacted on.&#39;,\r\n            &#39;input_attrs&#39; =&gt; array(\r\n                &#39;placeholder&#39; =&gt; __( &#39;e.g info@powerbookings.com&#39;),\r\n            )\r\n        ));\r\n    \r\n        //Company Address\r\n    \r\n        $wp_customize-&gt;add_setting(&#39;contact_det_address&#39;, array(\r\n            &#39;default&#39;     =&gt; &#39;&#39;,\r\n            &#39;transport&#39;   =&gt; &#39;postMessage&#39;,\r\n        ));\r\n        $wp_customize-&gt;add_control(&#39;contact_det_address&#39;, array(\r\n            &#39;label&#39;     =&gt; &#39;Company Address&#39;,\r\n            &#39;section&#39;\t=&gt; &#39;pb_foot_contact&#39;,\r\n            &#39;type&#39;\t    =&gt; &#39;textarea&#39;,\r\n            &#39;description&#39; =&gt; &#39;This will display your trading address to your customers. Create a new line by typing &lt;code&gt;&amp;lt;br&amp;gt;&lt;/code&gt;. &#39;,\r\n            &#39;input_attrs&#39; =&gt; array(\r\n                &#39;placeholder&#39; =&gt; __(&#39;Company Address&#39;),\r\n            )\r\n        ));\r\n    \r\n        //Company Address\r\n    \r\n        $wp_customize-&gt;add_setting(&#39;contact_det_opening&#39;, array(\r\n            &#39;default&#39;     =&gt; &#39;&#39;,\r\n            &#39;transport&#39;   =&gt; &#39;postMessage&#39;,\r\n        ));\r\n        $wp_customize-&gt;add_control(&#39;contact_det_opening&#39;, array(\r\n            &#39;label&#39;     =&gt; &#39;Opening Hours&#39;,\r\n            &#39;section&#39;\t=&gt; &#39;pb_foot_contact&#39;,\r\n            &#39;type&#39;\t    =&gt; &#39;textarea&#39;,\r\n            &#39;description&#39; =&gt; &#39;Show your customers what times you are open, and when you are closed. Create a new line by typing &lt;code&gt;&amp;lt;br&amp;gt;&lt;/code&gt;.&#39;,\r\n            &#39;input_attrs&#39; =&gt; array(\r\n                &#39;placeholder&#39; =&gt; __(&#39;Opening Hours&#39;),\r\n            )\r\n        ));\r\n    \r\n    \r\n    }\r\n    ?&gt;\r\n\r\nCustomizer.js\r\n\r\n    jQuery(document).ready( function($){\r\n    \r\n        wp.customize( &#39;banner_title&#39;, function( value ) {\r\n            value.bind( function( newval ) {\r\n              $( &#39;.mi-content h1&#39; ).html( newval );\r\n            } );\r\n          } );\r\n          \r\n        wp.customize( &#39;banner_para&#39;, function( value ) {\r\n          value.bind( function( newval ) {\r\n            $( &#39;.mi-content p&#39; ).html( newval );\r\n          } );\r\n        } );\r\n    \r\n        wp.customize(&#39;contact_det_tel&#39;, function(value) {\r\n          console.log(&quot;postMessage&quot;);\r\n          value.bind(function(newval) {\r\n            $(&#39;.contact_det_tel&#39;).html(newval);\r\n          } );\r\n        });\r\n        wp.customize(&#39;contact_det_email&#39;, function(value) {\r\n          value.bind(function(newval) {\r\n            $(&#39;.contact_det_email&#39;).html(newval);\r\n          } );\r\n        });\r\n        wp.customize(&#39;contact_det_address&#39;, function(value) {\r\n          value.bind(function(newval) {\r\n            $(&#39;.contact_det_address&#39;).html(newval);\r\n          } );\r\n        });\r\n        wp.customize(&#39;contact_det_opening&#39;, function(value) {\r\n          value.bind(function(newval) {\r\n            $(&#39;.contact_det_opening&#39;).html(newval);\r\n          } );\r\n        });\r\n    \r\n    \r\n    \r\n    });\r\n\r\nNow it seems that the functions work when I edit the site using the WordPress customizer but when I view the site on the front end it gets the first message.\r\n\r\nI&#39;m assuming I&#39;m linking the files somewhere else in the theme but I can&#39;t seem to grasp where, or how it&#39;s being included. The file in question is the customize.js so I just need to figure out what it is that&#39;s causing it. \r\n\r\nThat&#39;s all the information that I think is relevant to this, if someone has a solution I would be grateful if they could help me.\r\n\r\nMany thanks",
            "link": "https://stackoverflow.com/questions/50360896/wp-customize-is-not-a-function",
            "title": "wp.customize is not a function",
            "body": "<p>So I've been developing my own theme on a Mutlisite and one of the test sites I'm working on using a default theme I'm building is outputting the following error:</p>\n\n<pre><code>Uncaught TypeError: wp.customize is not a function\n    at HTMLDocument.&lt;anonymous&gt; (customizer.js?ver=4.9.5:3)\n    at i (jquery.js?ver=1.12.4:2)\n    at Object.fireWith [as resolveWith] (jquery.js?ver=1.12.4:2)\n    at Function.ready (jquery.js?ver=1.12.4:2)\n    at HTMLDocument.K (jquery.js?ver=1.12.4:2)\n</code></pre>\n\n<p>My functions.php has these functions included:</p>\n\n<pre><code>&lt;?php\n\n// Include Theme Customizer Settings\nrequire_once('includes/customizer.php');\n\n//\n\n\n// MEDIA LIBRARY QUEUE\nadd_action('wp_enqueue_scripts', 'my_register_javascript', 100);\nfunction my_register_javascript() {\n  wp_register_script('mediaelement', plugins_url('wp-mediaelement.min.js', __FILE__), array('jquery'), '4.8.2', true);\n  wp_enqueue_script('mediaelement');\n}\n\n// REQUIRE BS MENU\nrequire_once get_template_directory() . '/includes/class-wp-bootstrap-navwalker.php';\n\n// REGISTER MAIN MENU LOCATION\nfunction register_my_menu() {\n  register_nav_menu('main-menu',__( 'Main Menu' ));\n}\nadd_action( 'init', 'register_my_menu' );\n\n// ADD LOGO SUPPORT TO THEME\nfunction pb_custom_logo() {\n  add_theme_support( 'custom-logo', array(\n    'header-text' =&gt; array( 'site-title', 'site-description' ),\n  ));\n}\nadd_action( 'after_setup_theme', 'pb_custom_logo' );\nfunction theme_prefix_the_custom_logo() {\n    if ( function_exists( 'the_custom_logo' ) ) {\n        the_custom_logo();\n    }\n}\n\n\n// Add thumbnail support to posts\nadd_theme_support( 'post-thumbnails' );\n\n// Create Services Post Type\nfunction services_posttype() {\n\n  register_post_type( 'Services',\n  // CPT Options\n      array(\n          'labels' =&gt; array(\n            'name' =&gt; __( 'Services' ),\n            'singular_name' =&gt; __( 'Service' )\n          ),\n          'public' =&gt; true,\n          'has_archive' =&gt; true,\n          'supports' =&gt; array('title','editor','thumbnail'),\n          'rewrite' =&gt; array('slug' =&gt; 'services'),\n      )\n  );\n}\n// Hooking up our function to theme setup\nadd_action( 'init', 'services_posttype' );\n\n\n\n?&gt;\n</code></pre>\n\n<p>Customizer.php:</p>\n\n<pre><code>&lt;?php\n\nfunction wpdocs_scripts_method() {\n    wp_enqueue_script( 'custom-script', get_stylesheet_directory_uri() . '/js/customizer.js', array( 'jquery' ) );\n  }\n  add_action( 'wp_enqueue_scripts', 'wpdocs_scripts_method' );\n\nadd_action( 'customize_register', 'pb_customizer_settings' );\nfunction pb_customizer_settings( $wp_customize ) {\n\n\n    //\n    // MAIN HOME BANNER\n    //\n\n    $wp_customize-&gt;add_section( 'pb_front_page_banner' , array(\n        'title'      =&gt; 'Front Page Banner',\n        'priority'   =&gt; 30,\n    ));\n    $wp_customize-&gt;add_setting( 'banner_image' , array(\n        'transport'   =&gt; 'refresh',\n    ));\n    $wp_customize-&gt;add_control( \n        new WP_Customize_Image_Control(\n            $wp_customize,'banner_image',array(\n                'label' =&gt; 'Banner Image',\n                'section' =&gt; 'pb_front_page_banner',\n                'settings' =&gt; 'banner_image',\n                'priority' =&gt; 2,\n                'description' =&gt; 'This will change your photo on the main header of the front page.',\n            )\n        )\n    );\n\n    // BANNER TITLE\n\n    $wp_customize-&gt;add_setting('banner_title', array(\n        'default'     =&gt; 'This is the main header content.',\n        'transport'   =&gt; 'postMessage',\n    ));\n    $wp_customize-&gt;add_control( 'banner_title', array(\n        'label'     =&gt; 'Banner Title',\n        'section'   =&gt; 'pb_front_page_banner',\n        'type'      =&gt; 'text',\n        'description' =&gt; 'This is the main title on the banner.',\n    ));\n\n    // BANNER PARAGRAPH \n\n    $wp_customize-&gt;add_setting('banner_para', array(\n        'default'     =&gt; 'This is the main content which will be displayed in a paragraph.',\n        'transport'   =&gt; 'postMessage',\n    ));\n    $wp_customize-&gt;add_control( 'banner_para', array(\n        'label'     =&gt; 'Banner Paragraph',\n        'section'   =&gt; 'pb_front_page_banner',\n        'type'      =&gt; 'textarea',\n        'description' =&gt; 'This is the text under the main title on the banner.',\n    ));\n\n    /////////////////////\n    // CONTACT DETAILS //\n    /////////////////////\n\n    // Create the section\n    $wp_customize-&gt;add_section('pb_foot_contact' , array(\n        'title'      =&gt; 'Contact Details',\n        'priority'   =&gt; 30,\n    ));\n\n    //Telephone\n\n    $wp_customize-&gt;add_setting('contact_det_tel', array(\n        'default'     =&gt; '',\n        'transport'   =&gt; 'postMessage',\n    ));\n    $wp_customize-&gt;add_control('contact_det_tel', array(\n        'label'     =&gt; 'Telephone Number',\n        'section'   =&gt; 'pb_foot_contact',\n        'type'      =&gt; 'text',\n        'description' =&gt; 'This will display your telephone number so customers can call you.',\n        'input_attrs' =&gt; array(\n            'placeholder' =&gt; __('e.g 0151 123 4567'),\n        )\n    ));\n\n    //Email Address\n\n    $wp_customize-&gt;add_setting('contact_det_email', array(\n        'default'     =&gt; '',\n        'transport'   =&gt; 'postMessage',\n    ));\n    $wp_customize-&gt;add_control('contact_det_email', array(\n        'label'     =&gt; 'E-Mail Address',\n        'section'   =&gt; 'pb_foot_contact',\n        'type'      =&gt; 'text',\n        'description' =&gt; 'This will show customers what E-Mail Address you can be contacted on.',\n        'input_attrs' =&gt; array(\n            'placeholder' =&gt; __( 'e.g info@powerbookings.com'),\n        )\n    ));\n\n    //Company Address\n\n    $wp_customize-&gt;add_setting('contact_det_address', array(\n        'default'     =&gt; '',\n        'transport'   =&gt; 'postMessage',\n    ));\n    $wp_customize-&gt;add_control('contact_det_address', array(\n        'label'     =&gt; 'Company Address',\n        'section'   =&gt; 'pb_foot_contact',\n        'type'      =&gt; 'textarea',\n        'description' =&gt; 'This will display your trading address to your customers. Create a new line by typing &lt;code&gt;&amp;lt;br&amp;gt;&lt;/code&gt;. ',\n        'input_attrs' =&gt; array(\n            'placeholder' =&gt; __('Company Address'),\n        )\n    ));\n\n    //Company Address\n\n    $wp_customize-&gt;add_setting('contact_det_opening', array(\n        'default'     =&gt; '',\n        'transport'   =&gt; 'postMessage',\n    ));\n    $wp_customize-&gt;add_control('contact_det_opening', array(\n        'label'     =&gt; 'Opening Hours',\n        'section'   =&gt; 'pb_foot_contact',\n        'type'      =&gt; 'textarea',\n        'description' =&gt; 'Show your customers what times you are open, and when you are closed. Create a new line by typing &lt;code&gt;&amp;lt;br&amp;gt;&lt;/code&gt;.',\n        'input_attrs' =&gt; array(\n            'placeholder' =&gt; __('Opening Hours'),\n        )\n    ));\n\n\n}\n?&gt;\n</code></pre>\n\n<p>Customizer.js</p>\n\n<pre><code>jQuery(document).ready( function($){\n\n    wp.customize( 'banner_title', function( value ) {\n        value.bind( function( newval ) {\n          $( '.mi-content h1' ).html( newval );\n        } );\n      } );\n\n    wp.customize( 'banner_para', function( value ) {\n      value.bind( function( newval ) {\n        $( '.mi-content p' ).html( newval );\n      } );\n    } );\n\n    wp.customize('contact_det_tel', function(value) {\n      console.log(\"postMessage\");\n      value.bind(function(newval) {\n        $('.contact_det_tel').html(newval);\n      } );\n    });\n    wp.customize('contact_det_email', function(value) {\n      value.bind(function(newval) {\n        $('.contact_det_email').html(newval);\n      } );\n    });\n    wp.customize('contact_det_address', function(value) {\n      value.bind(function(newval) {\n        $('.contact_det_address').html(newval);\n      } );\n    });\n    wp.customize('contact_det_opening', function(value) {\n      value.bind(function(newval) {\n        $('.contact_det_opening').html(newval);\n      } );\n    });\n\n\n\n});\n</code></pre>\n\n<p>Now it seems that the functions work when I edit the site using the WordPress customizer but when I view the site on the front end it gets the first message.</p>\n\n<p>I'm assuming I'm linking the files somewhere else in the theme but I can't seem to grasp where, or how it's being included. The file in question is the customize.js so I just need to figure out what it is that's causing it. </p>\n\n<p>That's all the information that I think is relevant to this, if someone has a solution I would be grateful if they could help me.</p>\n\n<p>Many thanks</p>\n"
        },
        {
            "tags": [
                "r",
                "statistics",
                "dplyr",
                "data-cleaning"
            ],
            "owner": {
                "reputation": 57,
                "user_id": 8433651,
                "user_type": "registered",
                "profile_image": "https://lh5.googleusercontent.com/-BWsghzgV9sQ/AAAAAAAAAAI/AAAAAAAAAHI/7l0Qxxogvho/photo.jpg?sz=128",
                "display_name": "Atanas Janackovski",
                "link": "https://stackoverflow.com/users/8433651/atanas-janackovski"
            },
            "is_answered": true,
            "view_count": 28,
            "accepted_answer_id": 50360894,
            "answer_count": 1,
            "score": 1,
            "last_activity_date": 1526430914,
            "creation_date": 1526430511,
            "question_id": 50360861,
            "body_markdown": "I want to replace `NA` for a range of variables (`mssi1_5:mssi1_18`) if an observation has an `NA` on `mssi1_5`. There may be a better way to do this than the one I am suggesting below (please let me know if you think there is) but the process I had considered is: \r\n\r\n- Create a new binary variable (`mssiMiss`) using `if_else()`\r\n- if variable `mssi1_5` is `NA` then value for corresponding observation on `mssiMiss` == `0`\r\n- otherwise `mssiMiss` == `1`\r\n- then use `mssiMiss` as a filtering variable, where if `mssiMiss == 0`, then replace all `NA` in variables `mssi1_5:mssi1_18` wth `0`\r\n\r\nHowever, I am not able to get the new variable `mssiMiss` in one step. Please read below for my code and the issues I am experiencing. A reproducible dataset: \r\n\r\n\r\n    df2 &lt;- structure(list(uci = c(&quot;10001h&quot;, &quot;10476h&quot;, &quot;10484h&quot;, &quot;10580h&quot;, \r\n    &quot;14280h&quot;, &quot;2313n&quot;, &quot;2778n&quot;, &quot;3063n&quot;, &quot;3579h&quot;, &quot;3699h&quot;, &quot;4090h&quot;, \r\n    &quot;4393h&quot;, &quot;4412h&quot;, &quot;4528h&quot;, &quot;4582h&quot;, &quot;4683h&quot;, &quot;4735h&quot;, &quot;4736h&quot;, \r\n    &quot;4745h&quot;, &quot;4750h&quot;, &quot;4756h&quot;, &quot;4770h&quot;, &quot;4771h&quot;, &quot;4832h&quot;, &quot;4872h&quot;, \r\n    &quot;517n&quot;, &quot;6292h&quot;, &quot;6309h&quot;, &quot;6481h&quot;, &quot;6601h&quot;, &quot;6704h&quot;, &quot;6948h&quot;, \r\n    &quot;7020h&quot;, &quot;7030h&quot;, &quot;7071h&quot;, &quot;7160h&quot;, &quot;7188h&quot;, &quot;7235h&quot;, &quot;7266h&quot;, \r\n    &quot;7348h&quot;, &quot;7746h&quot;, &quot;7810h&quot;, &quot;8082h&quot;, &quot;8119h&quot;, &quot;8334h&quot;, &quot;8345h&quot;, \r\n    &quot;8462h&quot;, &quot;8486h&quot;, &quot;8518h&quot;, &quot;8578h&quot;, &quot;8761h&quot;, &quot;8799h&quot;, &quot;8939h&quot;, \r\n    &quot;9046h&quot;, &quot;9191h&quot;, &quot;9194h&quot;, &quot;9222h&quot;, &quot;9273h&quot;, &quot;9293h&quot;, &quot;9448h&quot;, \r\n    &quot;9486h&quot;, &quot;9757h&quot;, &quot;9894h&quot;, &quot;10268h&quot;, &quot;10431h&quot;, &quot;10498h&quot;, &quot;10572h&quot;, \r\n    &quot;10622h&quot;, &quot;10652h&quot;, &quot;10660h&quot;, &quot;14457h&quot;, &quot;2420n&quot;, &quot;2966n&quot;, &quot;3006n&quot;, \r\n    &quot;3766h&quot;, &quot;4219h&quot;, &quot;4256h&quot;, &quot;4366h&quot;, &quot;4367h&quot;, &quot;4534h&quot;, &quot;4538h&quot;, \r\n    &quot;4543h&quot;, &quot;4569h&quot;, &quot;4570h&quot;, &quot;4757h&quot;, &quot;4769h&quot;, &quot;4806h&quot;, &quot;4843h&quot;, \r\n    &quot;4955h&quot;, &quot;4958h&quot;, &quot;50n&quot;, &quot;601h&quot;, &quot;603n&quot;, &quot;6315h&quot;, &quot;6340h&quot;, &quot;6348h&quot;, \r\n    &quot;6358h&quot;, &quot;6369h&quot;, &quot;6379h&quot;, &quot;6395h&quot;), ID = c(1, 5, 6, 13, 20, \r\n    28, 32, 36, 44, 48, 55, 69, 72, 80, 92, 107, 114, 115, 116, 117, \r\n    118, 124, 125, 131, 135, 154, 158, 160, 179, 185, 193, 214, 218, \r\n    220, 223, 232, 236, 240, 242, 248, 285, 288, 308, 313, 330, 332, \r\n    341, 345, 350, 354, 369, 372, 379, 389, 403, 404, 405, 412, 413, \r\n    421, 425, 445, 456, 2, 3, 7, 11, 14, 17, 18, 23, 30, 34, 35, \r\n    50, 59, 61, 66, 67, 83, 85, 87, 90, 91, 119, 123, 127, 133, 148, \r\n    149, 153, 156, 157, 162, 165, 166, 167, 169, 170, 173), Class = c(1, \r\n    1, 1, 1, 1, 1, 1, 1, 1, 1, 1, 1, 1, 1, 1, 1, 1, 1, 1, 1, 1, 1, \r\n    1, 1, 1, 1, 1, 1, 1, 1, 1, 1, 1, 1, 1, 1, 1, 1, 1, 1, 1, 1, 1, \r\n    1, 1, 1, 1, 1, 1, 1, 1, 1, 1, 1, 1, 1, 1, 1, 1, 1, 1, 1, 1, 2, \r\n    2, 2, 2, 2, 2, 2, 2, 2, 2, 2, 2, 2, 2, 2, 2, 2, 2, 2, 2, 2, 2, \r\n    2, 2, 2, 2, 2, 2, 2, 2, 2, 2, 2, 2, 2, 2, 2), age = c(14, 17, \r\n    14, 14, 15, 14, 16, 20, 12, 16, 12, 15, 15, 12, 16, 17, 14, 14, \r\n    13, 13, 14, 14, 23, 12, 15, 15, 14, 13, 17, 22, 15, 17, 22, 14, \r\n    15, 15, 23, 15, 17, 12, 24, 15, 13, 13, 14, 17, 13, 21, 14, 14, \r\n    15, 13, 21, 14, 21, 15, 15, 14, 16, 13, 12, 12, 12, 14, 17, 16, \r\n    16, 15, 15, 13, 14, 20, 24, 15, 15, 14, 17, 14, 16, 15, 15, 17, \r\n    14, 15, 13, 19, 19, 14, 16, 16, 22, 21, 23, 19, 15, 15, 14, 14, \r\n    15, 24), sex = c(0, 0, 0, 0, 0, 0, 1, 0, 0, 0, 1, 1, 1, 0, 0, \r\n    0, 0, 0, 0, 0, 0, 0, 1, 0, 0, 0, 0, 1, 1, 0, 0, 1, 1, 0, 0, 0, \r\n    1, 0, 0, 0, 0, 0, 0, 0, 1, 1, 0, 1, 0, 0, 0, 1, 1, 0, 1, 0, 1, \r\n    0, 0, 0, 1, 0, 0, 0, 1, 0, 0, 0, 0, 1, 0, 1, 0, 0, 0, 0, 0, 0, \r\n    0, 0, 0, 0, 0, 0, 0, 0, 0, 0, 0, 0, 0, 0, 1, 0, 0, 0, 0, 0, 1, \r\n    1), bhsMean = c(0.47, 0.3, 0.16, 0.15, 0.35, 0.06, 0.25, 0.35, \r\n    0.15, 0.35, 0.3, 0, 0.3, 0.38, 0.3, 0.1, 0.2, 0.1, 0.25, 0.2, \r\n    0.3, 0.4, 0.3, 0.4, 0.2, 0.2, 0.05, 0.1, 0.35, 0.1, 0, 0.25, \r\n    0.2, 0.25, 0.05, 0.35, 0.3, 0.25, 0.2, 0.27, 0.35, 0.15, 0.25, \r\n    0.1, 0.2, 0.25, 0.05, 0.1, 0.45, 0.3, 0.36, 0.3, 0.44, 0.15, \r\n    0.2, 0.11, 0.25, 0.2, 0.05, 0.45, 0, 0.4, 0.25, 0.6, 0.6, 0.55, \r\n    0.71, 0.67, 0.5, 0.5, 0.55, 0.68, 0.55, 0.4, 0.68, 0.5, 0.6, \r\n    0.53, 0.6, 0.65, 0.53, 0.65, 0.65, 0.65, 0.6, 0.55, 0.5, 0.55, \r\n    0.6, 0.75, 0.65, 0.45, 0.5, 0.5, 0.65, 0.45, 0.6, 0.65, 0.65, \r\n    0.45), tbMean = c(2.56, 3.89, 2.67, 2.33, 4.89, 1.44, 2.44, 2.44, \r\n    NA, NA, NA, NA, NA, 3.44, 1.22, 3.11, 4, 4.11, 3, 2, 2.78, 2.67, \r\n    3.44, 3.33, 3.33, 3.78, 3.89, 2.11, 4.56, 4, 1, 3.22, 3.33, 2.89, \r\n    1.44, 3.11, 2.67, 3.33, 3.44, 1.33, 2.78, 2.67, 3.33, 2, 2.44, \r\n    3.89, 2.44, 3.78, 3.67, 3.56, 3.56, 3.78, 1.78, 2.11, 3.33, 3.11, \r\n    2.67, 2.44, 3.56, 1.67, NA, 2.67, 4.44, 4.89, 4.56, 3.89, 4.44, \r\n    4.11, 3.67, 3.44, 4.44, 5, 3.78, 4.78, NA, NA, NA, NA, NA, 3.44, \r\n    4, 4.56, 4.11, 4, 3.78, 5.11, 3.56, 2.89, 3.11, 3.11, 4.33, 3.56, \r\n    5.11, 3.33, 4.11, 4.44, 4.67, 4, 4.56, 4.67), pbMean = c(2, 3.67, \r\n    4, 4.5, 2.17, 1, 3.5, 2.33, NA, NA, NA, NA, NA, 1.5, 3.67, 3, \r\n    3.5, 2.5, 2.17, 2, 1, 3.67, 2.33, 1.67, 2, 2, 3.17, 2.17, 1, \r\n    3.83, 1, 2.33, 2.67, 3, 1, 3.33, 2, 3, 1.83, 1.17, 1, 2, 2.33, \r\n    2.17, 2.17, 2.83, 2.67, 2.67, 1, 2.17, 1.67, 3.33, 1.33, 2.17, \r\n    2.17, 1.17, 2.33, 1.83, 2.17, 1, NA, 1.5, 1.2, 3.17, 4.67, 1.33, \r\n    2.83, 2.67, 2, 4.33, 3, 3, 5, 3.33, NA, NA, NA, NA, NA, 4.5, \r\n    1.5, 4, 5.17, 3.33, 3.33, 3.67, 4.5, 2, 3.17, 3.67, 4.83, 4.33, \r\n    3.67, 3.83, 5.17, 3, 2.33, 2.33, 4, 1.33), acssMean = c(2.29, \r\n    1.86, 1.14, 2, 1.14, NA, 2, 3.29, NA, NA, NA, NA, NA, NA, 1.57, \r\n    2.33, 3.43, 0.14, 1.43, 1.57, 2.29, 1.29, 0.29, 1.43, 0.57, 0.43, \r\n    2.29, NA, 2.57, 1.71, 2.43, 1.43, 2.71, 2.29, 2.29, 1.86, 0.86, \r\n    3.71, 1.57, NA, 2.29, 1, 2.71, 2, 0, 1.43, 2.71, NA, NA, NA, \r\n    1.86, NA, 1.83, 2, 3.43, 0, 3.43, 0.86, NA, NA, NA, 2.14, NA, \r\n    3.43, 4, 3.14, 3.29, 2.83, 1.71, 1.86, 2.14, 1.33, 1.71, 1.57, \r\n    NA, NA, NA, NA, NA, 2.71, 1.29, 3.57, 2.29, 0.14, 1.71, 0.14, \r\n    2.86, 2.71, 1.43, 1.71, 0.86, 2.33, 2.43, 1.71, 2.57, 1.14, 3.43, \r\n    2.86, 3.57, 1.86), mssi1_1 = c(NA, 0, 0, 1, 1, 0, 2, 2, 0, 0, \r\n    0, 0, 0, NA, 0, 1, 0, 0, 0, 0, 0, 1, NA, 0, 0, 1, 1, 1, 2, 1, \r\n    0, 0, NA, 1, 0, 0, 0, 0, 1, 1, 1, 0, 0, 0, 2, 1, 0, 0, 0, 0, \r\n    0, 1, 0, 0, 0, 1, 1, 0, 1, 0, 0, 0, 0, 0, 1, 0, 2, 1, 1, 2, 1, \r\n    1, 1, NA, 0, 0, 0, 0, 2, 0, 0, 0, 2, 0, 0, 0, 1, 0, 1, 1, 2, \r\n    0, 1, 1, 1, 0, 0, 0, 1, 1), mssi1_2 = c(NA, 1, 0, 1, 1, 0, 1, \r\n    2, 1, 1, 0, 0, 2, NA, 1, 1, 0, 0, 0, 0, 0, 1, NA, 0, 0, 2, 1, \r\n    0, 2, 1, 0, 1, NA, 0, 0, 0, 0, 0, 1, 0, 0, 0, 0, 0, 1, 1, 0, \r\n    0, 0, 0, 0, 1, 0, 0, 0, 0, 1, 0, 0, 0, 0, 1, 0, 0, 1, 1, 2, 1, \r\n    1, 1, 0, 1, 1, NA, 0, 0, 0, 0, 2, 1, 1, 1, 2, 0, 1, 0, 1, 1, \r\n    0, 0, 2, 0, 1, 1, 1, 0, 0, 0, 1, 1), mssi1_3 = c(NA, 0, 0, 0, \r\n    0, 0, 2, 0, 0, 0, 0, 0, 0, NA, 0, 0, 0, 0, 0, 0, 0, 0, NA, 0, \r\n    0, 0, 0, 0, 2, 0, 0, 0, NA, 0, 0, 0, 0, 0, 0, 0, 0, 0, 0, 0, \r\n    0, 0, 0, 0, 0, 0, 0, 0, 0, 0, NA, 0, 0, 0, 1, 0, 0, 0, 0, 0, \r\n    0, 0, 0, 0, 0, 0, 0, 0, 0, NA, 0, 0, 0, 0, 0, 0, 0, 0, 1, 0, \r\n    0, 0, 0, 0, 0, 0, 0, 0, 1, 0, 0, 0, 0, 0, 0, 0), mssi1_4 = c(NA, \r\n    0, 0, 0, 0, 0, 1, 2, 1, 0, 0, 0, 0, NA, 0, 0, 0, 0, 0, 0, 0, \r\n    2, NA, 0, 0, 0, 0, 0, 1, 0, 0, 0, NA, 0, 0, 0, 0, 0, 0, 0, 0, \r\n    0, 0, 0, 1, 2, 0, 0, 0, 0, 0, 0, 0, 0, NA, 0, 0, 0, 0, 0, 0, \r\n    0, 0, 0, 0, 0, 0, 0, 0, 1, 0, 0, 0, NA, 0, 0, 0, 0, 1, 0, 0, \r\n    0, 0, 0, 0, 0, 0, 0, 0, 0, 0, 0, 0, 0, 0, 0, 1, 0, 0, 0), mssi1_5 = c(NA, \r\n    NA, NA, NA, NA, NA, 2, 1, NA, NA, NA, NA, NA, NA, NA, NA, NA, \r\n    NA, NA, NA, NA, 1, NA, NA, NA, 1, NA, NA, 1, NA, NA, NA, NA, \r\n    NA, NA, NA, NA, NA, NA, NA, NA, NA, NA, NA, 0, 0, NA, NA, NA, \r\n    NA, NA, NA, NA, NA, NA, NA, NA, NA, 1, NA, NA, NA, 0, NA, NA, \r\n    NA, 0, NA, NA, 1, 2, NA, NA, NA, NA, NA, NA, NA, 3, NA, NA, NA, \r\n    2, NA, NA, NA, NA, NA, NA, NA, 2, NA, 1, NA, 2, NA, NA, NA, NA, \r\n    NA), mssi1_6 = c(NA, NA, NA, NA, NA, NA, 1, 1, NA, NA, NA, NA, \r\n    0, NA, NA, NA, NA, NA, NA, NA, NA, 1, NA, NA, NA, 1, NA, NA, \r\n    1, NA, NA, NA, NA, NA, NA, NA, NA, NA, NA, NA, NA, NA, NA, NA, \r\n    0, 0, NA, NA, NA, NA, NA, NA, NA, NA, NA, NA, NA, NA, 1, NA, \r\n    NA, NA, NA, NA, NA, NA, 1, NA, NA, 1, 0, NA, NA, NA, NA, NA, \r\n    NA, NA, 3, NA, NA, NA, 1, NA, NA, NA, NA, NA, NA, NA, 2, NA, \r\n    1, NA, 0, NA, NA, NA, NA, NA), mssi1_7 = c(NA, NA, NA, NA, NA, \r\n    NA, 2, 1, NA, NA, NA, NA, 0, NA, NA, NA, NA, NA, NA, NA, NA, \r\n    2, NA, NA, NA, 2, NA, NA, 2, NA, NA, NA, NA, NA, NA, NA, NA, \r\n    NA, NA, NA, NA, NA, NA, NA, 2, 0, NA, NA, NA, NA, NA, NA, NA, \r\n    NA, NA, NA, NA, NA, 0, NA, NA, NA, NA, NA, NA, NA, 2, NA, NA, \r\n    2, 1, NA, NA, NA, NA, NA, NA, NA, 2, NA, NA, NA, 1, NA, NA, NA, \r\n    NA, NA, NA, NA, 2, NA, 1, NA, 2, NA, NA, NA, NA, NA), mssi1_8 = c(NA, \r\n    NA, NA, NA, NA, NA, 1, 1, NA, NA, NA, NA, 0, NA, NA, NA, NA, \r\n    NA, NA, NA, NA, 0, NA, NA, NA, 1, NA, NA, 2, NA, NA, NA, NA, \r\n    NA, NA, NA, NA, NA, NA, NA, NA, NA, NA, NA, 0, 1, NA, NA, NA, \r\n    NA, NA, NA, NA, NA, NA, NA, NA, NA, 0, NA, NA, NA, NA, NA, NA, \r\n    NA, 3, NA, NA, 1, 1, NA, NA, NA, NA, NA, NA, NA, 0, NA, NA, NA, \r\n    1, NA, NA, NA, NA, NA, NA, NA, 0, NA, 2, NA, 1, NA, NA, NA, NA, \r\n    NA), mssi1_9 = c(NA, NA, NA, NA, NA, NA, 2, 2, NA, NA, NA, NA, \r\n    2, NA, NA, NA, NA, NA, NA, NA, NA, 1, NA, NA, NA, 1, NA, NA, \r\n    2, NA, NA, NA, NA, NA, NA, NA, NA, NA, NA, NA, NA, NA, NA, NA, \r\n    1, 1, NA, NA, NA, NA, NA, NA, NA, NA, NA, NA, NA, NA, 0, NA, \r\n    NA, NA, NA, NA, NA, NA, 3, NA, NA, 1, 1, NA, NA, NA, NA, NA, \r\n    NA, NA, NA, NA, NA, NA, 1, NA, NA, NA, NA, NA, NA, NA, 2, NA, \r\n    1, NA, 1, NA, NA, NA, NA, NA), mssi1_10 = c(NA, NA, NA, NA, NA, \r\n    NA, 2, 0, NA, NA, NA, NA, 2, NA, NA, NA, NA, NA, NA, NA, NA, \r\n    0, NA, NA, NA, 1, NA, NA, 2, NA, NA, NA, NA, NA, NA, NA, NA, \r\n    NA, NA, NA, NA, NA, NA, NA, 0, 0, NA, NA, NA, NA, NA, NA, NA, \r\n    NA, NA, NA, NA, NA, 1, NA, NA, NA, NA, NA, NA, NA, 0, NA, NA, \r\n    1, 2, NA, NA, NA, NA, NA, NA, NA, 2, NA, NA, NA, 2, NA, NA, NA, \r\n    NA, NA, NA, NA, 0, NA, NA, NA, 1, NA, NA, NA, NA, NA), mssi1_11 = c(NA, \r\n    NA, NA, NA, NA, NA, 3, 1, NA, NA, NA, NA, 2, NA, NA, NA, NA, \r\n    NA, NA, NA, NA, 0, NA, NA, NA, 0, NA, NA, 2, NA, NA, NA, NA, \r\n    NA, NA, NA, NA, NA, NA, NA, NA, NA, NA, NA, 0, 0, NA, NA, NA, \r\n    NA, NA, NA, NA, NA, NA, NA, NA, NA, 1, NA, NA, NA, NA, NA, NA, \r\n    NA, 0, NA, NA, 1, 2, NA, NA, NA, NA, NA, NA, NA, 2, NA, NA, NA, \r\n    0, NA, NA, NA, NA, NA, NA, NA, 1, NA, NA, NA, 1, NA, NA, NA, \r\n    NA, NA), mssi1_12 = c(NA, NA, NA, NA, NA, NA, 1, 2, NA, NA, NA, \r\n    NA, 3, NA, NA, NA, NA, NA, NA, NA, NA, 1, NA, NA, NA, 0, NA, \r\n    NA, 2, NA, NA, NA, NA, NA, NA, NA, NA, NA, NA, NA, NA, NA, NA, \r\n    NA, 0, 0, NA, NA, NA, NA, NA, NA, NA, NA, NA, NA, NA, NA, 0, \r\n    NA, NA, NA, NA, NA, NA, NA, 2, NA, NA, 1, 1, NA, NA, NA, NA, \r\n    NA, NA, NA, NA, NA, NA, NA, 1, NA, NA, NA, NA, NA, NA, NA, 1, \r\n    NA, NA, NA, 0, NA, NA, NA, NA, NA), mssi1_13 = c(NA, NA, NA, \r\n    NA, NA, NA, 1, 3, NA, NA, NA, NA, 3, NA, NA, NA, NA, NA, NA, \r\n    NA, NA, 0, NA, NA, NA, 1, NA, NA, 2, NA, NA, NA, NA, NA, NA, \r\n    NA, NA, NA, NA, NA, NA, NA, NA, NA, 0, 1, NA, NA, NA, NA, NA, \r\n    NA, NA, NA, NA, NA, NA, NA, 0, NA, NA, NA, NA, NA, NA, NA, 3, \r\n    NA, NA, 1, 1, NA, NA, NA, NA, NA, NA, NA, NA, NA, NA, NA, 1, \r\n    NA, NA, NA, NA, NA, NA, NA, 1, NA, NA, NA, 0, NA, NA, NA, NA, \r\n    NA), mssi1_14 = c(NA, NA, NA, NA, NA, NA, 1, 0, NA, NA, NA, NA, \r\n    0, NA, NA, NA, NA, NA, NA, NA, NA, 0, NA, NA, NA, 1, NA, NA, \r\n    1, NA, NA, NA, NA, NA, NA, NA, NA, NA, NA, NA, NA, NA, NA, NA, \r\n    0, 1, NA, NA, NA, NA, NA, NA, NA, NA, NA, NA, NA, NA, 0, NA, \r\n    NA, NA, NA, NA, NA, NA, 1, NA, NA, 0, NA, NA, NA, NA, NA, NA, \r\n    NA, NA, NA, NA, NA, NA, 1, NA, NA, NA, NA, NA, NA, NA, 1, NA, \r\n    0, NA, 0, NA, NA, NA, NA, NA), mssi1_15 = c(NA, NA, NA, NA, NA, \r\n    NA, 0, 0, NA, NA, NA, NA, 0, NA, NA, NA, NA, NA, NA, NA, NA, \r\n    1, NA, NA, NA, 0, NA, NA, 0, NA, NA, NA, NA, NA, NA, NA, NA, \r\n    NA, NA, NA, NA, NA, NA, NA, 0, 0, NA, NA, NA, NA, NA, NA, NA, \r\n    NA, NA, NA, NA, NA, 0, NA, NA, NA, NA, NA, NA, NA, 0, NA, NA, \r\n    0, NA, NA, NA, NA, NA, NA, NA, NA, NA, NA, NA, NA, 0, NA, NA, \r\n    NA, NA, NA, NA, NA, 0, NA, 0, NA, 0, NA, NA, NA, NA, NA), mssi1_16 = c(NA, \r\n    NA, NA, NA, NA, NA, 0, 0, NA, NA, NA, NA, 0, NA, NA, NA, NA, \r\n    NA, NA, NA, NA, 0, NA, NA, NA, 0, NA, NA, 0, NA, NA, NA, NA, \r\n    NA, NA, NA, NA, NA, NA, NA, NA, NA, NA, NA, 0, 0, NA, NA, NA, \r\n    NA, NA, NA, NA, NA, NA, NA, NA, NA, 0, NA, NA, NA, NA, NA, NA, \r\n    NA, 0, NA, NA, 0, NA, NA, NA, NA, NA, NA, NA, NA, NA, NA, NA, \r\n    NA, 0, NA, NA, NA, NA, NA, NA, NA, 0, NA, 0, NA, 0, NA, NA, NA, \r\n    NA, NA), mssi1_17 = c(NA, NA, NA, NA, NA, NA, 0, 0, NA, NA, NA, \r\n    NA, 0, NA, NA, NA, NA, NA, NA, NA, NA, 0, NA, NA, NA, 3, NA, \r\n    NA, 0, NA, NA, NA, NA, NA, NA, NA, NA, NA, NA, NA, NA, NA, NA, \r\n    NA, 0, 0, NA, NA, NA, NA, NA, NA, NA, NA, NA, NA, NA, NA, 0, \r\n    NA, NA, NA, NA, NA, NA, NA, 0, NA, NA, 0, NA, NA, NA, NA, NA, \r\n    NA, NA, NA, NA, NA, NA, NA, 0, NA, NA, NA, NA, NA, NA, NA, 0, \r\n    NA, 0, NA, 0, NA, NA, NA, NA, NA), mssi1_18 = c(NA, NA, NA, NA, \r\n    NA, NA, 0, 0, NA, NA, NA, NA, 0, NA, NA, NA, NA, NA, NA, NA, \r\n    NA, 0, NA, NA, NA, 0, NA, NA, 0, NA, NA, NA, NA, NA, NA, NA, \r\n    NA, NA, NA, NA, NA, NA, NA, NA, 0, 0, NA, NA, NA, NA, NA, NA, \r\n    NA, NA, NA, NA, NA, NA, 0, NA, NA, NA, NA, NA, NA, NA, 0, NA, \r\n    NA, 0, NA, NA, NA, NA, NA, NA, NA, NA, 0, NA, NA, NA, 0, NA, \r\n    NA, NA, NA, NA, NA, NA, 0, NA, 0, NA, 0, NA, NA, NA, NA, NA)), row.names = c(NA, \r\n    -100L), class = c(&quot;tbl_df&quot;, &quot;tbl&quot;, &quot;data.frame&quot;))  \r\n    \r\n\r\nI am using the following code:  \r\n\r\n    library(dplyr) \r\n    \r\n    df2 &lt;- df2 %&gt;%\r\n      select(., mssi1_5) %&gt;%  # replace to your needs\r\n      mutate_if(is.numeric, funs(if_else(is.na(.), 0, 1))) %&gt;%\r\n      bind_cols(df2, mssiMiss = .) # this is throwing an error\r\n    \r\nWhilst this seems to give me the result I want (`0` if cell `mssi1_5` is `NA`, `1` otherwise). The column name that is created is not what I had asked for. Instead, the column name seems to be duplicated and named `mssi1_51`. \r\n\r\n    dput(head(df2,1))  \r\n    \r\n    structure(list(uci = &quot;10001h&quot;, ID = 1, Class = 1, age = 14, sex = 0, \r\n    bhsMean = 0.47, tbMean = 2.56, pbMean = 2, acssMean = 2.29, \r\n    mssi1_1 = NA_real_, mssi1_2 = NA_real_, mssi1_3 = NA_real_, \r\n    mssi1_4 = NA_real_, mssi1_5 = NA_real_, mssi1_6 = NA_real_, \r\n    mssi1_7 = NA_real_, mssi1_8 = NA_real_, mssi1_9 = NA_real_, \r\n    mssi1_10 = NA_real_, mssi1_11 = NA_real_, mssi1_12 = NA_real_, \r\n    mssi1_13 = NA_real_, mssi1_14 = NA_real_, mssi1_15 = NA_real_, \r\n    mssi1_16 = NA_real_, mssi1_17 = NA_real_, mssi1_18 = NA_real_, \r\n    mssi1_51 = 0), row.names = c(NA, -1L), class = c(&quot;tbl_df&quot;, \r\n    &quot;tbl&quot;, &quot;data.frame&quot;))\r\n\r\nI can of course rename the header and the following seems to work: \r\n\r\n    df3 &lt;- df2\r\n    colnames(df3)[colnames(df3)==&quot;mssi1_51&quot;] &lt;- &quot;mssiMiss&quot;\r\n    dput(head(df3, 1))\r\n    \r\n    structure(list(uci = &quot;10001h&quot;, ID = 1, Class = 1, age = 14, sex = 0, \r\n    bhsMean = 0.47, tbMean = 2.56, pbMean = 2, acssMean = 2.29, \r\n    mssi1_1 = NA_real_, mssi1_2 = NA_real_, mssi1_3 = NA_real_, \r\n    mssi1_4 = NA_real_, mssi1_5 = NA_real_, mssi1_6 = NA_real_, \r\n    mssi1_7 = NA_real_, mssi1_8 = NA_real_, mssi1_9 = NA_real_, \r\n    mssi1_10 = NA_real_, mssi1_11 = NA_real_, mssi1_12 = NA_real_, \r\n    mssi1_13 = NA_real_, mssi1_14 = NA_real_, mssi1_15 = NA_real_, \r\n    mssi1_16 = NA_real_, mssi1_17 = NA_real_, mssi1_18 = NA_real_, \r\n    mssiMiss = 0, mssi1_52 = 0, mssi1_53 = 0), row.names = c(NA, \r\n    -1L), class = c(&quot;tbl_df&quot;, &quot;tbl&quot;, &quot;data.frame&quot;))\r\n\r\nBut I feel this is inefficient. What am I doing wrong? How can I get the column name I want instead of having to rename. Is there a better way to acehive what without creating this filtering variable? \r\n\r\n_**Apologies in advance if any of this is long-winded or confusing**. Please let me know if you need more info._\r\n\r\n**Any help is greatly appreciated and I thank you in advance!!**  \r\n\r\n ",
            "link": "https://stackoverflow.com/questions/50360861/new-variable-name-not-created-as-expected-r",
            "title": "New variable name not created as expected — R",
            "body": "<p>I want to replace <code>NA</code> for a range of variables (<code>mssi1_5:mssi1_18</code>) if an observation has an <code>NA</code> on <code>mssi1_5</code>. There may be a better way to do this than the one I am suggesting below (please let me know if you think there is) but the process I had considered is: </p>\n\n<ul>\n<li>Create a new binary variable (<code>mssiMiss</code>) using <code>if_else()</code></li>\n<li>if variable <code>mssi1_5</code> is <code>NA</code> then value for corresponding observation on <code>mssiMiss</code> == <code>0</code></li>\n<li>otherwise <code>mssiMiss</code> == <code>1</code></li>\n<li>then use <code>mssiMiss</code> as a filtering variable, where if <code>mssiMiss == 0</code>, then replace all <code>NA</code> in variables <code>mssi1_5:mssi1_18</code> wth <code>0</code></li>\n</ul>\n\n<p>However, I am not able to get the new variable <code>mssiMiss</code> in one step. Please read below for my code and the issues I am experiencing. A reproducible dataset: </p>\n\n<pre><code>df2 &lt;- structure(list(uci = c(\"10001h\", \"10476h\", \"10484h\", \"10580h\", \n\"14280h\", \"2313n\", \"2778n\", \"3063n\", \"3579h\", \"3699h\", \"4090h\", \n\"4393h\", \"4412h\", \"4528h\", \"4582h\", \"4683h\", \"4735h\", \"4736h\", \n\"4745h\", \"4750h\", \"4756h\", \"4770h\", \"4771h\", \"4832h\", \"4872h\", \n\"517n\", \"6292h\", \"6309h\", \"6481h\", \"6601h\", \"6704h\", \"6948h\", \n\"7020h\", \"7030h\", \"7071h\", \"7160h\", \"7188h\", \"7235h\", \"7266h\", \n\"7348h\", \"7746h\", \"7810h\", \"8082h\", \"8119h\", \"8334h\", \"8345h\", \n\"8462h\", \"8486h\", \"8518h\", \"8578h\", \"8761h\", \"8799h\", \"8939h\", \n\"9046h\", \"9191h\", \"9194h\", \"9222h\", \"9273h\", \"9293h\", \"9448h\", \n\"9486h\", \"9757h\", \"9894h\", \"10268h\", \"10431h\", \"10498h\", \"10572h\", \n\"10622h\", \"10652h\", \"10660h\", \"14457h\", \"2420n\", \"2966n\", \"3006n\", \n\"3766h\", \"4219h\", \"4256h\", \"4366h\", \"4367h\", \"4534h\", \"4538h\", \n\"4543h\", \"4569h\", \"4570h\", \"4757h\", \"4769h\", \"4806h\", \"4843h\", \n\"4955h\", \"4958h\", \"50n\", \"601h\", \"603n\", \"6315h\", \"6340h\", \"6348h\", \n\"6358h\", \"6369h\", \"6379h\", \"6395h\"), ID = c(1, 5, 6, 13, 20, \n28, 32, 36, 44, 48, 55, 69, 72, 80, 92, 107, 114, 115, 116, 117, \n118, 124, 125, 131, 135, 154, 158, 160, 179, 185, 193, 214, 218, \n220, 223, 232, 236, 240, 242, 248, 285, 288, 308, 313, 330, 332, \n341, 345, 350, 354, 369, 372, 379, 389, 403, 404, 405, 412, 413, \n421, 425, 445, 456, 2, 3, 7, 11, 14, 17, 18, 23, 30, 34, 35, \n50, 59, 61, 66, 67, 83, 85, 87, 90, 91, 119, 123, 127, 133, 148, \n149, 153, 156, 157, 162, 165, 166, 167, 169, 170, 173), Class = c(1, \n1, 1, 1, 1, 1, 1, 1, 1, 1, 1, 1, 1, 1, 1, 1, 1, 1, 1, 1, 1, 1, \n1, 1, 1, 1, 1, 1, 1, 1, 1, 1, 1, 1, 1, 1, 1, 1, 1, 1, 1, 1, 1, \n1, 1, 1, 1, 1, 1, 1, 1, 1, 1, 1, 1, 1, 1, 1, 1, 1, 1, 1, 1, 2, \n2, 2, 2, 2, 2, 2, 2, 2, 2, 2, 2, 2, 2, 2, 2, 2, 2, 2, 2, 2, 2, \n2, 2, 2, 2, 2, 2, 2, 2, 2, 2, 2, 2, 2, 2, 2), age = c(14, 17, \n14, 14, 15, 14, 16, 20, 12, 16, 12, 15, 15, 12, 16, 17, 14, 14, \n13, 13, 14, 14, 23, 12, 15, 15, 14, 13, 17, 22, 15, 17, 22, 14, \n15, 15, 23, 15, 17, 12, 24, 15, 13, 13, 14, 17, 13, 21, 14, 14, \n15, 13, 21, 14, 21, 15, 15, 14, 16, 13, 12, 12, 12, 14, 17, 16, \n16, 15, 15, 13, 14, 20, 24, 15, 15, 14, 17, 14, 16, 15, 15, 17, \n14, 15, 13, 19, 19, 14, 16, 16, 22, 21, 23, 19, 15, 15, 14, 14, \n15, 24), sex = c(0, 0, 0, 0, 0, 0, 1, 0, 0, 0, 1, 1, 1, 0, 0, \n0, 0, 0, 0, 0, 0, 0, 1, 0, 0, 0, 0, 1, 1, 0, 0, 1, 1, 0, 0, 0, \n1, 0, 0, 0, 0, 0, 0, 0, 1, 1, 0, 1, 0, 0, 0, 1, 1, 0, 1, 0, 1, \n0, 0, 0, 1, 0, 0, 0, 1, 0, 0, 0, 0, 1, 0, 1, 0, 0, 0, 0, 0, 0, \n0, 0, 0, 0, 0, 0, 0, 0, 0, 0, 0, 0, 0, 0, 1, 0, 0, 0, 0, 0, 1, \n1), bhsMean = c(0.47, 0.3, 0.16, 0.15, 0.35, 0.06, 0.25, 0.35, \n0.15, 0.35, 0.3, 0, 0.3, 0.38, 0.3, 0.1, 0.2, 0.1, 0.25, 0.2, \n0.3, 0.4, 0.3, 0.4, 0.2, 0.2, 0.05, 0.1, 0.35, 0.1, 0, 0.25, \n0.2, 0.25, 0.05, 0.35, 0.3, 0.25, 0.2, 0.27, 0.35, 0.15, 0.25, \n0.1, 0.2, 0.25, 0.05, 0.1, 0.45, 0.3, 0.36, 0.3, 0.44, 0.15, \n0.2, 0.11, 0.25, 0.2, 0.05, 0.45, 0, 0.4, 0.25, 0.6, 0.6, 0.55, \n0.71, 0.67, 0.5, 0.5, 0.55, 0.68, 0.55, 0.4, 0.68, 0.5, 0.6, \n0.53, 0.6, 0.65, 0.53, 0.65, 0.65, 0.65, 0.6, 0.55, 0.5, 0.55, \n0.6, 0.75, 0.65, 0.45, 0.5, 0.5, 0.65, 0.45, 0.6, 0.65, 0.65, \n0.45), tbMean = c(2.56, 3.89, 2.67, 2.33, 4.89, 1.44, 2.44, 2.44, \nNA, NA, NA, NA, NA, 3.44, 1.22, 3.11, 4, 4.11, 3, 2, 2.78, 2.67, \n3.44, 3.33, 3.33, 3.78, 3.89, 2.11, 4.56, 4, 1, 3.22, 3.33, 2.89, \n1.44, 3.11, 2.67, 3.33, 3.44, 1.33, 2.78, 2.67, 3.33, 2, 2.44, \n3.89, 2.44, 3.78, 3.67, 3.56, 3.56, 3.78, 1.78, 2.11, 3.33, 3.11, \n2.67, 2.44, 3.56, 1.67, NA, 2.67, 4.44, 4.89, 4.56, 3.89, 4.44, \n4.11, 3.67, 3.44, 4.44, 5, 3.78, 4.78, NA, NA, NA, NA, NA, 3.44, \n4, 4.56, 4.11, 4, 3.78, 5.11, 3.56, 2.89, 3.11, 3.11, 4.33, 3.56, \n5.11, 3.33, 4.11, 4.44, 4.67, 4, 4.56, 4.67), pbMean = c(2, 3.67, \n4, 4.5, 2.17, 1, 3.5, 2.33, NA, NA, NA, NA, NA, 1.5, 3.67, 3, \n3.5, 2.5, 2.17, 2, 1, 3.67, 2.33, 1.67, 2, 2, 3.17, 2.17, 1, \n3.83, 1, 2.33, 2.67, 3, 1, 3.33, 2, 3, 1.83, 1.17, 1, 2, 2.33, \n2.17, 2.17, 2.83, 2.67, 2.67, 1, 2.17, 1.67, 3.33, 1.33, 2.17, \n2.17, 1.17, 2.33, 1.83, 2.17, 1, NA, 1.5, 1.2, 3.17, 4.67, 1.33, \n2.83, 2.67, 2, 4.33, 3, 3, 5, 3.33, NA, NA, NA, NA, NA, 4.5, \n1.5, 4, 5.17, 3.33, 3.33, 3.67, 4.5, 2, 3.17, 3.67, 4.83, 4.33, \n3.67, 3.83, 5.17, 3, 2.33, 2.33, 4, 1.33), acssMean = c(2.29, \n1.86, 1.14, 2, 1.14, NA, 2, 3.29, NA, NA, NA, NA, NA, NA, 1.57, \n2.33, 3.43, 0.14, 1.43, 1.57, 2.29, 1.29, 0.29, 1.43, 0.57, 0.43, \n2.29, NA, 2.57, 1.71, 2.43, 1.43, 2.71, 2.29, 2.29, 1.86, 0.86, \n3.71, 1.57, NA, 2.29, 1, 2.71, 2, 0, 1.43, 2.71, NA, NA, NA, \n1.86, NA, 1.83, 2, 3.43, 0, 3.43, 0.86, NA, NA, NA, 2.14, NA, \n3.43, 4, 3.14, 3.29, 2.83, 1.71, 1.86, 2.14, 1.33, 1.71, 1.57, \nNA, NA, NA, NA, NA, 2.71, 1.29, 3.57, 2.29, 0.14, 1.71, 0.14, \n2.86, 2.71, 1.43, 1.71, 0.86, 2.33, 2.43, 1.71, 2.57, 1.14, 3.43, \n2.86, 3.57, 1.86), mssi1_1 = c(NA, 0, 0, 1, 1, 0, 2, 2, 0, 0, \n0, 0, 0, NA, 0, 1, 0, 0, 0, 0, 0, 1, NA, 0, 0, 1, 1, 1, 2, 1, \n0, 0, NA, 1, 0, 0, 0, 0, 1, 1, 1, 0, 0, 0, 2, 1, 0, 0, 0, 0, \n0, 1, 0, 0, 0, 1, 1, 0, 1, 0, 0, 0, 0, 0, 1, 0, 2, 1, 1, 2, 1, \n1, 1, NA, 0, 0, 0, 0, 2, 0, 0, 0, 2, 0, 0, 0, 1, 0, 1, 1, 2, \n0, 1, 1, 1, 0, 0, 0, 1, 1), mssi1_2 = c(NA, 1, 0, 1, 1, 0, 1, \n2, 1, 1, 0, 0, 2, NA, 1, 1, 0, 0, 0, 0, 0, 1, NA, 0, 0, 2, 1, \n0, 2, 1, 0, 1, NA, 0, 0, 0, 0, 0, 1, 0, 0, 0, 0, 0, 1, 1, 0, \n0, 0, 0, 0, 1, 0, 0, 0, 0, 1, 0, 0, 0, 0, 1, 0, 0, 1, 1, 2, 1, \n1, 1, 0, 1, 1, NA, 0, 0, 0, 0, 2, 1, 1, 1, 2, 0, 1, 0, 1, 1, \n0, 0, 2, 0, 1, 1, 1, 0, 0, 0, 1, 1), mssi1_3 = c(NA, 0, 0, 0, \n0, 0, 2, 0, 0, 0, 0, 0, 0, NA, 0, 0, 0, 0, 0, 0, 0, 0, NA, 0, \n0, 0, 0, 0, 2, 0, 0, 0, NA, 0, 0, 0, 0, 0, 0, 0, 0, 0, 0, 0, \n0, 0, 0, 0, 0, 0, 0, 0, 0, 0, NA, 0, 0, 0, 1, 0, 0, 0, 0, 0, \n0, 0, 0, 0, 0, 0, 0, 0, 0, NA, 0, 0, 0, 0, 0, 0, 0, 0, 1, 0, \n0, 0, 0, 0, 0, 0, 0, 0, 1, 0, 0, 0, 0, 0, 0, 0), mssi1_4 = c(NA, \n0, 0, 0, 0, 0, 1, 2, 1, 0, 0, 0, 0, NA, 0, 0, 0, 0, 0, 0, 0, \n2, NA, 0, 0, 0, 0, 0, 1, 0, 0, 0, NA, 0, 0, 0, 0, 0, 0, 0, 0, \n0, 0, 0, 1, 2, 0, 0, 0, 0, 0, 0, 0, 0, NA, 0, 0, 0, 0, 0, 0, \n0, 0, 0, 0, 0, 0, 0, 0, 1, 0, 0, 0, NA, 0, 0, 0, 0, 1, 0, 0, \n0, 0, 0, 0, 0, 0, 0, 0, 0, 0, 0, 0, 0, 0, 0, 1, 0, 0, 0), mssi1_5 = c(NA, \nNA, NA, NA, NA, NA, 2, 1, NA, NA, NA, NA, NA, NA, NA, NA, NA, \nNA, NA, NA, NA, 1, NA, NA, NA, 1, NA, NA, 1, NA, NA, NA, NA, \nNA, NA, NA, NA, NA, NA, NA, NA, NA, NA, NA, 0, 0, NA, NA, NA, \nNA, NA, NA, NA, NA, NA, NA, NA, NA, 1, NA, NA, NA, 0, NA, NA, \nNA, 0, NA, NA, 1, 2, NA, NA, NA, NA, NA, NA, NA, 3, NA, NA, NA, \n2, NA, NA, NA, NA, NA, NA, NA, 2, NA, 1, NA, 2, NA, NA, NA, NA, \nNA), mssi1_6 = c(NA, NA, NA, NA, NA, NA, 1, 1, NA, NA, NA, NA, \n0, NA, NA, NA, NA, NA, NA, NA, NA, 1, NA, NA, NA, 1, NA, NA, \n1, NA, NA, NA, NA, NA, NA, NA, NA, NA, NA, NA, NA, NA, NA, NA, \n0, 0, NA, NA, NA, NA, NA, NA, NA, NA, NA, NA, NA, NA, 1, NA, \nNA, NA, NA, NA, NA, NA, 1, NA, NA, 1, 0, NA, NA, NA, NA, NA, \nNA, NA, 3, NA, NA, NA, 1, NA, NA, NA, NA, NA, NA, NA, 2, NA, \n1, NA, 0, NA, NA, NA, NA, NA), mssi1_7 = c(NA, NA, NA, NA, NA, \nNA, 2, 1, NA, NA, NA, NA, 0, NA, NA, NA, NA, NA, NA, NA, NA, \n2, NA, NA, NA, 2, NA, NA, 2, NA, NA, NA, NA, NA, NA, NA, NA, \nNA, NA, NA, NA, NA, NA, NA, 2, 0, NA, NA, NA, NA, NA, NA, NA, \nNA, NA, NA, NA, NA, 0, NA, NA, NA, NA, NA, NA, NA, 2, NA, NA, \n2, 1, NA, NA, NA, NA, NA, NA, NA, 2, NA, NA, NA, 1, NA, NA, NA, \nNA, NA, NA, NA, 2, NA, 1, NA, 2, NA, NA, NA, NA, NA), mssi1_8 = c(NA, \nNA, NA, NA, NA, NA, 1, 1, NA, NA, NA, NA, 0, NA, NA, NA, NA, \nNA, NA, NA, NA, 0, NA, NA, NA, 1, NA, NA, 2, NA, NA, NA, NA, \nNA, NA, NA, NA, NA, NA, NA, NA, NA, NA, NA, 0, 1, NA, NA, NA, \nNA, NA, NA, NA, NA, NA, NA, NA, NA, 0, NA, NA, NA, NA, NA, NA, \nNA, 3, NA, NA, 1, 1, NA, NA, NA, NA, NA, NA, NA, 0, NA, NA, NA, \n1, NA, NA, NA, NA, NA, NA, NA, 0, NA, 2, NA, 1, NA, NA, NA, NA, \nNA), mssi1_9 = c(NA, NA, NA, NA, NA, NA, 2, 2, NA, NA, NA, NA, \n2, NA, NA, NA, NA, NA, NA, NA, NA, 1, NA, NA, NA, 1, NA, NA, \n2, NA, NA, NA, NA, NA, NA, NA, NA, NA, NA, NA, NA, NA, NA, NA, \n1, 1, NA, NA, NA, NA, NA, NA, NA, NA, NA, NA, NA, NA, 0, NA, \nNA, NA, NA, NA, NA, NA, 3, NA, NA, 1, 1, NA, NA, NA, NA, NA, \nNA, NA, NA, NA, NA, NA, 1, NA, NA, NA, NA, NA, NA, NA, 2, NA, \n1, NA, 1, NA, NA, NA, NA, NA), mssi1_10 = c(NA, NA, NA, NA, NA, \nNA, 2, 0, NA, NA, NA, NA, 2, NA, NA, NA, NA, NA, NA, NA, NA, \n0, NA, NA, NA, 1, NA, NA, 2, NA, NA, NA, NA, NA, NA, NA, NA, \nNA, NA, NA, NA, NA, NA, NA, 0, 0, NA, NA, NA, NA, NA, NA, NA, \nNA, NA, NA, NA, NA, 1, NA, NA, NA, NA, NA, NA, NA, 0, NA, NA, \n1, 2, NA, NA, NA, NA, NA, NA, NA, 2, NA, NA, NA, 2, NA, NA, NA, \nNA, NA, NA, NA, 0, NA, NA, NA, 1, NA, NA, NA, NA, NA), mssi1_11 = c(NA, \nNA, NA, NA, NA, NA, 3, 1, NA, NA, NA, NA, 2, NA, NA, NA, NA, \nNA, NA, NA, NA, 0, NA, NA, NA, 0, NA, NA, 2, NA, NA, NA, NA, \nNA, NA, NA, NA, NA, NA, NA, NA, NA, NA, NA, 0, 0, NA, NA, NA, \nNA, NA, NA, NA, NA, NA, NA, NA, NA, 1, NA, NA, NA, NA, NA, NA, \nNA, 0, NA, NA, 1, 2, NA, NA, NA, NA, NA, NA, NA, 2, NA, NA, NA, \n0, NA, NA, NA, NA, NA, NA, NA, 1, NA, NA, NA, 1, NA, NA, NA, \nNA, NA), mssi1_12 = c(NA, NA, NA, NA, NA, NA, 1, 2, NA, NA, NA, \nNA, 3, NA, NA, NA, NA, NA, NA, NA, NA, 1, NA, NA, NA, 0, NA, \nNA, 2, NA, NA, NA, NA, NA, NA, NA, NA, NA, NA, NA, NA, NA, NA, \nNA, 0, 0, NA, NA, NA, NA, NA, NA, NA, NA, NA, NA, NA, NA, 0, \nNA, NA, NA, NA, NA, NA, NA, 2, NA, NA, 1, 1, NA, NA, NA, NA, \nNA, NA, NA, NA, NA, NA, NA, 1, NA, NA, NA, NA, NA, NA, NA, 1, \nNA, NA, NA, 0, NA, NA, NA, NA, NA), mssi1_13 = c(NA, NA, NA, \nNA, NA, NA, 1, 3, NA, NA, NA, NA, 3, NA, NA, NA, NA, NA, NA, \nNA, NA, 0, NA, NA, NA, 1, NA, NA, 2, NA, NA, NA, NA, NA, NA, \nNA, NA, NA, NA, NA, NA, NA, NA, NA, 0, 1, NA, NA, NA, NA, NA, \nNA, NA, NA, NA, NA, NA, NA, 0, NA, NA, NA, NA, NA, NA, NA, 3, \nNA, NA, 1, 1, NA, NA, NA, NA, NA, NA, NA, NA, NA, NA, NA, 1, \nNA, NA, NA, NA, NA, NA, NA, 1, NA, NA, NA, 0, NA, NA, NA, NA, \nNA), mssi1_14 = c(NA, NA, NA, NA, NA, NA, 1, 0, NA, NA, NA, NA, \n0, NA, NA, NA, NA, NA, NA, NA, NA, 0, NA, NA, NA, 1, NA, NA, \n1, NA, NA, NA, NA, NA, NA, NA, NA, NA, NA, NA, NA, NA, NA, NA, \n0, 1, NA, NA, NA, NA, NA, NA, NA, NA, NA, NA, NA, NA, 0, NA, \nNA, NA, NA, NA, NA, NA, 1, NA, NA, 0, NA, NA, NA, NA, NA, NA, \nNA, NA, NA, NA, NA, NA, 1, NA, NA, NA, NA, NA, NA, NA, 1, NA, \n0, NA, 0, NA, NA, NA, NA, NA), mssi1_15 = c(NA, NA, NA, NA, NA, \nNA, 0, 0, NA, NA, NA, NA, 0, NA, NA, NA, NA, NA, NA, NA, NA, \n1, NA, NA, NA, 0, NA, NA, 0, NA, NA, NA, NA, NA, NA, NA, NA, \nNA, NA, NA, NA, NA, NA, NA, 0, 0, NA, NA, NA, NA, NA, NA, NA, \nNA, NA, NA, NA, NA, 0, NA, NA, NA, NA, NA, NA, NA, 0, NA, NA, \n0, NA, NA, NA, NA, NA, NA, NA, NA, NA, NA, NA, NA, 0, NA, NA, \nNA, NA, NA, NA, NA, 0, NA, 0, NA, 0, NA, NA, NA, NA, NA), mssi1_16 = c(NA, \nNA, NA, NA, NA, NA, 0, 0, NA, NA, NA, NA, 0, NA, NA, NA, NA, \nNA, NA, NA, NA, 0, NA, NA, NA, 0, NA, NA, 0, NA, NA, NA, NA, \nNA, NA, NA, NA, NA, NA, NA, NA, NA, NA, NA, 0, 0, NA, NA, NA, \nNA, NA, NA, NA, NA, NA, NA, NA, NA, 0, NA, NA, NA, NA, NA, NA, \nNA, 0, NA, NA, 0, NA, NA, NA, NA, NA, NA, NA, NA, NA, NA, NA, \nNA, 0, NA, NA, NA, NA, NA, NA, NA, 0, NA, 0, NA, 0, NA, NA, NA, \nNA, NA), mssi1_17 = c(NA, NA, NA, NA, NA, NA, 0, 0, NA, NA, NA, \nNA, 0, NA, NA, NA, NA, NA, NA, NA, NA, 0, NA, NA, NA, 3, NA, \nNA, 0, NA, NA, NA, NA, NA, NA, NA, NA, NA, NA, NA, NA, NA, NA, \nNA, 0, 0, NA, NA, NA, NA, NA, NA, NA, NA, NA, NA, NA, NA, 0, \nNA, NA, NA, NA, NA, NA, NA, 0, NA, NA, 0, NA, NA, NA, NA, NA, \nNA, NA, NA, NA, NA, NA, NA, 0, NA, NA, NA, NA, NA, NA, NA, 0, \nNA, 0, NA, 0, NA, NA, NA, NA, NA), mssi1_18 = c(NA, NA, NA, NA, \nNA, NA, 0, 0, NA, NA, NA, NA, 0, NA, NA, NA, NA, NA, NA, NA, \nNA, 0, NA, NA, NA, 0, NA, NA, 0, NA, NA, NA, NA, NA, NA, NA, \nNA, NA, NA, NA, NA, NA, NA, NA, 0, 0, NA, NA, NA, NA, NA, NA, \nNA, NA, NA, NA, NA, NA, 0, NA, NA, NA, NA, NA, NA, NA, 0, NA, \nNA, 0, NA, NA, NA, NA, NA, NA, NA, NA, 0, NA, NA, NA, 0, NA, \nNA, NA, NA, NA, NA, NA, 0, NA, 0, NA, 0, NA, NA, NA, NA, NA)), row.names = c(NA, \n-100L), class = c(\"tbl_df\", \"tbl\", \"data.frame\"))  \n</code></pre>\n\n<p>I am using the following code:  </p>\n\n<pre><code>library(dplyr) \n\ndf2 &lt;- df2 %&gt;%\n  select(., mssi1_5) %&gt;%  # replace to your needs\n  mutate_if(is.numeric, funs(if_else(is.na(.), 0, 1))) %&gt;%\n  bind_cols(df2, mssiMiss = .) # this is throwing an error\n</code></pre>\n\n<p>Whilst this seems to give me the result I want (<code>0</code> if cell <code>mssi1_5</code> is <code>NA</code>, <code>1</code> otherwise). The column name that is created is not what I had asked for. Instead, the column name seems to be duplicated and named <code>mssi1_51</code>. </p>\n\n<pre><code>dput(head(df2,1))  \n\nstructure(list(uci = \"10001h\", ID = 1, Class = 1, age = 14, sex = 0, \nbhsMean = 0.47, tbMean = 2.56, pbMean = 2, acssMean = 2.29, \nmssi1_1 = NA_real_, mssi1_2 = NA_real_, mssi1_3 = NA_real_, \nmssi1_4 = NA_real_, mssi1_5 = NA_real_, mssi1_6 = NA_real_, \nmssi1_7 = NA_real_, mssi1_8 = NA_real_, mssi1_9 = NA_real_, \nmssi1_10 = NA_real_, mssi1_11 = NA_real_, mssi1_12 = NA_real_, \nmssi1_13 = NA_real_, mssi1_14 = NA_real_, mssi1_15 = NA_real_, \nmssi1_16 = NA_real_, mssi1_17 = NA_real_, mssi1_18 = NA_real_, \nmssi1_51 = 0), row.names = c(NA, -1L), class = c(\"tbl_df\", \n\"tbl\", \"data.frame\"))\n</code></pre>\n\n<p>I can of course rename the header and the following seems to work: </p>\n\n<pre><code>df3 &lt;- df2\ncolnames(df3)[colnames(df3)==\"mssi1_51\"] &lt;- \"mssiMiss\"\ndput(head(df3, 1))\n\nstructure(list(uci = \"10001h\", ID = 1, Class = 1, age = 14, sex = 0, \nbhsMean = 0.47, tbMean = 2.56, pbMean = 2, acssMean = 2.29, \nmssi1_1 = NA_real_, mssi1_2 = NA_real_, mssi1_3 = NA_real_, \nmssi1_4 = NA_real_, mssi1_5 = NA_real_, mssi1_6 = NA_real_, \nmssi1_7 = NA_real_, mssi1_8 = NA_real_, mssi1_9 = NA_real_, \nmssi1_10 = NA_real_, mssi1_11 = NA_real_, mssi1_12 = NA_real_, \nmssi1_13 = NA_real_, mssi1_14 = NA_real_, mssi1_15 = NA_real_, \nmssi1_16 = NA_real_, mssi1_17 = NA_real_, mssi1_18 = NA_real_, \nmssiMiss = 0, mssi1_52 = 0, mssi1_53 = 0), row.names = c(NA, \n-1L), class = c(\"tbl_df\", \"tbl\", \"data.frame\"))\n</code></pre>\n\n<p>But I feel this is inefficient. What am I doing wrong? How can I get the column name I want instead of having to rename. Is there a better way to acehive what without creating this filtering variable? </p>\n\n<p><em><strong>Apologies in advance if any of this is long-winded or confusing</strong>. Please let me know if you need more info.</em></p>\n\n<p><strong>Any help is greatly appreciated and I thank you in advance!!</strong>  </p>\n"
        },
        {
            "tags": [
                "sql",
                "sql-server",
                "sql-server-2008-r2"
            ],
            "owner": {
                "reputation": 363,
                "user_id": 3997016,
                "user_type": "registered",
                "accept_rate": 44,
                "profile_image": "https://www.gravatar.com/avatar/865d574edcd5db845bd599f6154b9de5?s=128&d=identicon&r=PG&f=1",
                "display_name": "deepak",
                "link": "https://stackoverflow.com/users/3997016/deepak"
            },
            "is_answered": true,
            "view_count": 33,
            "accepted_answer_id": 50355800,
            "answer_count": 2,
            "score": 1,
            "last_activity_date": 1526430898,
            "creation_date": 1526403990,
            "last_edit_date": 1526430898,
            "question_id": 50355777,
            "body_markdown": "I have following data in table :\r\n\r\n    qty\t     dttime\r\n    15.83\t2015-04-28 18:58:25.000\r\n    3.78\t2015-04-28 18:58:27.000\r\n    29.39\t2015-04-28 18:59:41.000\r\n    25.6\t2015-04-29 19:01:23.000\r\n    2.39\t2015-04-29 19:04:24.000\r\n    8.9\t    2015-04-30 19:07:25.000\r\n    8.18\t2015-04-30 19:10:32.000\r\n    1.92\t2015-04-30 19:13:48.000\r\n\r\nNow i want to do sum of qty date wise and show output like below :\r\n\r\n    qty\t     dttime\r\n    \r\n    49\t    2015-04-28 \r\n    27.99\t2015-04-29 \r\n    19      2015-04-30\r\n\r\n\r\nHow can i do sum of all these data and order it by date wise ?",
            "link": "https://stackoverflow.com/questions/50355777/how-do-sum-of-column-with-date-wise",
            "title": "How do sum of column with date wise",
            "body": "<p>I have following data in table :</p>\n\n<pre><code>qty      dttime\n15.83   2015-04-28 18:58:25.000\n3.78    2015-04-28 18:58:27.000\n29.39   2015-04-28 18:59:41.000\n25.6    2015-04-29 19:01:23.000\n2.39    2015-04-29 19:04:24.000\n8.9     2015-04-30 19:07:25.000\n8.18    2015-04-30 19:10:32.000\n1.92    2015-04-30 19:13:48.000\n</code></pre>\n\n<p>Now i want to do sum of qty date wise and show output like below :</p>\n\n<pre><code>qty      dttime\n\n49      2015-04-28 \n27.99   2015-04-29 \n19      2015-04-30\n</code></pre>\n\n<p>How can i do sum of all these data and order it by date wise ?</p>\n"
        }
    ],
    "has_more": true,
    "quota_max": 300,
    "quota_remaining": 299
}