{
    "items": [
        {
            "tags": [
                "javascript",
                "jquery",
                "html",
                "css"
            ],
            "owner": {
                "reputation": 278,
                "user_id": 7535533,
                "user_type": "registered",
                "accept_rate": 67,
                "profile_image": "https://www.gravatar.com/avatar/14d60dc8d53015b9176d27601da13b1b?s=128&d=identicon&r=PG&f=1",
                "display_name": "PerrinPrograms",
                "link": "https://stackoverflow.com/users/7535533/perrinprograms"
            },
            "is_answered": true,
            "view_count": 37,
            "accepted_answer_id": 49928919,
            "answer_count": 2,
            "score": 0,
            "last_activity_date": 1524167254,
            "creation_date": 1524165801,
            "question_id": 49928743,
            "body_markdown": "I&#39;m having an issue resetting a div&#39;s left position with jquery after an animation. I&#39;m trying to animate a div from off the screen(left) to on the screen. However, I only want to trigger this animation if the value of scrollTop of the window is greater than a certain value. once the value of scrollTop is less than the value, I want the div&#39;s position to change so that it is offscreen again. This is working but only sometimes and I&#39;m not sure why. I am also setting the position of the div to absolute at the same time I am setting it to go off the screen and this change always works!. Below is the code as well as the CSS of the div I&#39;m trying to animate. Thank you!\r\n\r\n**Function to change position on scroll**\r\n       \r\n    $(window).scroll(function() {\r\n     if( $(this).scrollTop() &gt; 500 {  \t   \r\n      $(&quot;.animated-logo&quot;).css({position:&#39;fixed&#39;});\r\n      $(&quot;.animated-logo&quot;).animate({left: &#39;20px&#39;},500);\r\n      } \r\n     else{\r\n      $(&#39;.animated-logo&#39;).css({position: &#39;absolute&#39;,left:&#39;-150px&#39;}); \r\n      }\r\n    });\r\n **CSS for the animated-logo element**\r\n\r\n     \r\n    .animated-logo\r\n    {\t\r\n      position:absolute; \r\n      top:0; \r\n      left:-150px; \r\n      width:100px; \r\n      z-index:2;    \r\n    }",
            "link": "https://stackoverflow.com/questions/49928743/reset-of-divs-position-only-working-sometimes",
            "title": "reset of div&#39;s position only working sometimes",
            "body": "<p>I'm having an issue resetting a div's left position with jquery after an animation. I'm trying to animate a div from off the screen(left) to on the screen. However, I only want to trigger this animation if the value of scrollTop of the window is greater than a certain value. once the value of scrollTop is less than the value, I want the div's position to change so that it is offscreen again. This is working but only sometimes and I'm not sure why. I am also setting the position of the div to absolute at the same time I am setting it to go off the screen and this change always works!. Below is the code as well as the CSS of the div I'm trying to animate. Thank you!</p>\n\n<p><strong>Function to change position on scroll</strong></p>\n\n<pre><code>$(window).scroll(function() {\n if( $(this).scrollTop() &gt; 500 {       \n  $(\".animated-logo\").css({position:'fixed'});\n  $(\".animated-logo\").animate({left: '20px'},500);\n  } \n else{\n  $('.animated-logo').css({position: 'absolute',left:'-150px'}); \n  }\n});\n</code></pre>\n\n<p><strong>CSS for the animated-logo element</strong></p>\n\n<pre><code>.animated-logo\n{   \n  position:absolute; \n  top:0; \n  left:-150px; \n  width:100px; \n  z-index:2;    \n}\n</code></pre>\n"
        },
        {
            "tags": [
                "kdb"
            ],
            "owner": {
                "reputation": 47,
                "user_id": 9525111,
                "user_type": "registered",
                "profile_image": "https://www.gravatar.com/avatar/ff69e051951acff73d93ca1a71e43922?s=128&d=identicon&r=PG&f=1",
                "display_name": "user9525111",
                "link": "https://stackoverflow.com/users/9525111/user9525111"
            },
            "is_answered": true,
            "view_count": 62,
            "accepted_answer_id": 49928593,
            "answer_count": 2,
            "score": 0,
            "last_activity_date": 1524167250,
            "creation_date": 1524163662,
            "question_id": 49928176,
            "body_markdown": "    q)sym:`a`b`c\r\n    q)t:([] s:`g`v; p:2?10.)\r\n\r\nSelecting the variable `sym` works fine in the following query :\r\n\r\n    q)select sym from t\r\n\r\nHowever it throws an error while selecting with a table column, I am not able to figure out the reason\r\n\r\n    q)select sym, p from t",
            "link": "https://stackoverflow.com/questions/49928176/q-kdb-selecting-a-variable-in-query",
            "title": "q/kdb Selecting a variable in query",
            "body": "<pre><code>q)sym:`a`b`c\nq)t:([] s:`g`v; p:2?10.)\n</code></pre>\n\n<p>Selecting the variable <code>sym</code> works fine in the following query :</p>\n\n<pre><code>q)select sym from t\n</code></pre>\n\n<p>However it throws an error while selecting with a table column, I am not able to figure out the reason</p>\n\n<pre><code>q)select sym, p from t\n</code></pre>\n"
        },
        {
            "tags": [
                "python",
                "tkinter"
            ],
            "owner": {
                "reputation": 114,
                "user_id": 7281675,
                "user_type": "registered",
                "accept_rate": 60,
                "profile_image": "https://www.gravatar.com/avatar/e5051a7115b414b6f7f069073dfc12de?s=128&d=identicon&r=PG&f=1",
                "display_name": "keramat",
                "link": "https://stackoverflow.com/users/7281675/keramat"
            },
            "is_answered": true,
            "view_count": 198,
            "bounty_amount": 50,
            "bounty_closes_date": 1524726785,
            "answer_count": 2,
            "score": 1,
            "last_activity_date": 1524167244,
            "creation_date": 1506405108,
            "last_edit_date": 1506407114,
            "question_id": 46418726,
            "body_markdown": "I am writing a GUI program using python with tkinter. I want to put menu items from right to left. is it possible? I tried grid, but I get Error &#39;it&#39;s a top-level window&#39;.\r\n\r\n    import tkinter as tk\r\n    from tkinter import ttk\r\n    from tkinter import Menu\r\n    from tkinter import LEFT, RIGHT\r\n    from tkinter import W\r\n    menuBar = Menu(win)\r\n    win.config(menu=menuBar)\r\n    fileMenu = Menu(menuBar, tearoff=0).grid(sticky=W)\r\n    menuBar.add_cascade(label=&quot;File&quot;, menu=fileMenu)\r\n    fileMenu.add_command(label=&quot;New&quot;)",
            "link": "https://stackoverflow.com/questions/46418726/tkinter-right-to-left-menu",
            "title": "Tkinter right to left menu",
            "body": "<p>I am writing a GUI program using python with tkinter. I want to put menu items from right to left. is it possible? I tried grid, but I get Error 'it's a top-level window'.</p>\n\n<pre><code>import tkinter as tk\nfrom tkinter import ttk\nfrom tkinter import Menu\nfrom tkinter import LEFT, RIGHT\nfrom tkinter import W\nmenuBar = Menu(win)\nwin.config(menu=menuBar)\nfileMenu = Menu(menuBar, tearoff=0).grid(sticky=W)\nmenuBar.add_cascade(label=\"File\", menu=fileMenu)\nfileMenu.add_command(label=\"New\")\n</code></pre>\n"
        },
        {
            "tags": [
                "linux",
                "bash",
                "amazon-web-services",
                "amazon-ec2",
                "linux-kernel"
            ],
            "owner": {
                "reputation": 52,
                "user_id": 7907984,
                "user_type": "registered",
                "accept_rate": 83,
                "profile_image": "https://lh4.googleusercontent.com/-1QKNRr8AhFU/AAAAAAAAAAI/AAAAAAAAB3w/z2A0X0eSrf8/photo.jpg?sz=128",
                "display_name": "Nikhil.J",
                "link": "https://stackoverflow.com/users/7907984/nikhil-j"
            },
            "is_answered": false,
            "view_count": 350,
            "answer_count": 1,
            "score": 0,
            "last_activity_date": 1524167237,
            "creation_date": 1507800156,
            "question_id": 46705917,
            "body_markdown": "i have a aws linux instance,i am trying to start services from systemctl and systemd but both command is not there in system, my linux version is - \r\n\r\n    Linux ip-xx-x-x-xxx 4.9.51-10.52.amzn1.x86_64 #1 SMP Fri Sep 29 01:16:19 UTC 2017 x86_64 x86_64 x86_64 GNU/Linux",
            "link": "https://stackoverflow.com/questions/46705917/which-command-will-work-instead-of-systemctl-and-systemd-in-aws-linux-instance",
            "title": "Which command will work instead of systemctl and systemd in AWS linux instance?",
            "body": "<p>i have a aws linux instance,i am trying to start services from systemctl and systemd but both command is not there in system, my linux version is - </p>\n\n<pre><code>Linux ip-xx-x-x-xxx 4.9.51-10.52.amzn1.x86_64 #1 SMP Fri Sep 29 01:16:19 UTC 2017 x86_64 x86_64 x86_64 GNU/Linux\n</code></pre>\n"
        },
        {
            "tags": [
                "java",
                "maple"
            ],
            "owner": {
                "reputation": 1,
                "user_id": 9477688,
                "user_type": "registered",
                "profile_image": "https://lh3.googleusercontent.com/-XdUIqdMkCWA/AAAAAAAAAAI/AAAAAAAAAAA/4252rscbv5M/photo.jpg?sz=128",
                "display_name": "jai wilshere",
                "link": "https://stackoverflow.com/users/9477688/jai-wilshere"
            },
            "is_answered": false,
            "view_count": 73,
            "answer_count": 1,
            "score": 0,
            "last_activity_date": 1524167220,
            "creation_date": 1523504878,
            "last_edit_date": 1523509843,
            "question_id": 49787692,
            "body_markdown": "[test.java simple example for openmaple][1]\r\n\r\n\r\n  [1]: https://i.stack.imgur.com/5Lf04.png\r\n\r\nHello buddies!\r\n\r\nI have tried so many times to connect java to maple using **openmaple** but get below error. please help me, I&#39;m using **Eclipse** as java editor. thanks in advance\r\n\r\n\r\n\r\n    `java.lang.UnsatisfiedLinkError: no jopenmaple in java.library.pathError loading libraries: java.lang.UnsatisfiedLinkError: no jopenmaple in java.library.path\r\n\tat java.lang.ClassLoader.loadLibrary(Unknown Source)\r\n\tat java.lang.Runtime.loadLibrary0(Unknown Source)\r\n\tat java.lang.System.loadLibrary(Unknown Source)\r\n\tat com.maplesoft.openmaple.Engine.&lt;clinit&gt;(Unknown Source)\r\n\tat test.main(test.java:23)\r\n    Exception in thread &quot;main&quot; java.lang.UnsatisfiedLinkError: com.maplesoft.openmaple.Engine.getKernel([Ljava/lang/String;Lcom/maplesoft/openmaple/EngineCallBacks;Ljava/lang/Object;Ljava/lang/Object;)J\r\n    \tat com.maplesoft.openmaple.Engine.getKernel(Native Method)\r\n    \tat com.maplesoft.openmaple.Engine.&lt;init&gt;(Unknown Source)\r\n    \tat test.main(test.java:23)`\r\n\r\n",
            "link": "https://stackoverflow.com/questions/49787692/java-openmaple-connection-with-eclipse",
            "title": "java openmaple connection with eclipse",
            "body": "<p><a href=\"https://i.stack.imgur.com/5Lf04.png\" rel=\"nofollow noreferrer\">test.java simple example for openmaple</a></p>\n\n<p>Hello buddies!</p>\n\n<p>I have tried so many times to connect java to maple using <strong>openmaple</strong> but get below error. please help me, I'm using <strong>Eclipse</strong> as java editor. thanks in advance</p>\n\n<pre><code>`java.lang.UnsatisfiedLinkError: no jopenmaple in java.library.pathError loading libraries: java.lang.UnsatisfiedLinkError: no jopenmaple in java.library.path\nat java.lang.ClassLoader.loadLibrary(Unknown Source)\nat java.lang.Runtime.loadLibrary0(Unknown Source)\nat java.lang.System.loadLibrary(Unknown Source)\nat com.maplesoft.openmaple.Engine.&lt;clinit&gt;(Unknown Source)\nat test.main(test.java:23)\nException in thread \"main\" java.lang.UnsatisfiedLinkError: com.maplesoft.openmaple.Engine.getKernel([Ljava/lang/String;Lcom/maplesoft/openmaple/EngineCallBacks;Ljava/lang/Object;Ljava/lang/Object;)J\n    at com.maplesoft.openmaple.Engine.getKernel(Native Method)\n    at com.maplesoft.openmaple.Engine.&lt;init&gt;(Unknown Source)\n    at test.main(test.java:23)`\n</code></pre>\n"
        },
        {
            "tags": [
                "ionic-framework"
            ],
            "owner": {
                "reputation": 1,
                "user_id": 9671575,
                "user_type": "registered",
                "profile_image": "https://lh6.googleusercontent.com/-1kKApOQi8IY/AAAAAAAAAAI/AAAAAAAAAGg/xONpq4MFM5s/photo.jpg?sz=128",
                "display_name": "Jabc",
                "link": "https://stackoverflow.com/users/9671575/jabc"
            },
            "is_answered": false,
            "view_count": 11,
            "answer_count": 0,
            "score": 0,
            "last_activity_date": 1524167219,
            "creation_date": 1524167219,
            "question_id": 49929105,
            "body_markdown": "I&#39;m trying to create my first project in Ionic v3.20.0, but when I enter `ionic start nuevo` then it asks me if want to integrate Cordova with my project, I enter &quot;yes&quot;, aprox 10 minutes after &#39;Running command&#39; it throws me this error:\r\n\r\n    Running command - failed!\r\n    ERROR] An error occurred while running npm i (exit code 1):\r\n    \r\n    \r\n           npm WARN prefer global node-gyp@3.6.2 should be installed with -g\r\n    \r\n           &gt; node-sass@4.7.2 install C:\\Users\\JABC\\otro\\node_modules\\node-sass\r\n           &gt; node scripts/install.js\r\n    \r\n           Downloading binary from\r\n           https://github.com/sass/node-sass/releases/download/v4.7.2/win32-x64-51_\r\n    inding.node\r\n           Cannot download\r\n           &quot;https://github.com/sass/node-sass/releases/download/v4.7.2/win32-x64-51\r\n    binding.node&quot;:\r\n    \r\n    \r\n           ESOCKETTIMEDOUT\r\n    \r\n           Hint: If github.com is not accessible in your location\r\n                  try setting a proxy via HTTP_PROXY, e.g.\r\n    \r\n                  export HTTP_PROXY=http://example.com:1234\r\n    \r\n           or configure npm proxy via\r\n    \r\n                  npm config set proxy http://example.com:8080\r\n    \r\n           &gt; uglifyjs-webpack-plugin@0.4.6 postinstall\r\n           C:\\Users\\JABC\\otro\\node_modules\\uglifyjs-webpack-plugin\r\n           &gt; node lib/post_install.js\r\n    \r\n    \r\n           &gt; node-sass@4.7.2 postinstall C:\\Users\\JABC\\otro\\node_modules\\node-sass\r\n           &gt; node scripts/build.js\r\n    \r\n           Binary found at\r\n           C:\\Users\\JABC\\otro\\node_modules\\node-sass\\vendor\\win32-x64-51\\binding.no\r\n    e\r\n           Testing binary\r\n           Binary has a problem: Error: %1 no es una aplicaci&#243;n Win32 v&#225;lida.\r\n           \\\\?\\C:\\Users\\JABC\\otro\\node_modules\\node-sass\\vendor\\win32-x64-51\\bindin\r\n    .node\r\n                at Object.Module._extensions..node (module.js:598:18)\r\n                at Module.load (module.js:488:32)\r\n                at tryModuleLoad (module.js:447:12)\r\n                at Function.Module._load (module.js:439:3)\r\n                at Module.require (module.js:498:17)\r\n                at require (internal/module.js:20:19)\r\n                at module.exports\r\n           (C:\\Users\\JABC\\otro\\node_modules\\node-sass\\lib\\binding.js:19:10)\r\n                at Object.&lt;anonymous&gt;\r\n           (C:\\Users\\JABC\\otro\\node_modules\\node-sass\\lib\\index.js:14:35)\r\n                at Module._compile (module.js:571:32)\r\n                at Object.Module._extensions..js (module.js:580:10)\r\n           Building the binary locally\r\n           Building: C:\\Program Files\\nodejs\\node.exe\r\n           C:\\Users\\JABC\\otro\\node_modules\\node-gyp\\bin\\node-gyp.js rebuild\r\n           --verbose --libsass_ext= --libsass_cflags= --libsass_ldflags=\r\n           --libsass_library=\r\n           gyp info it worked if it ends with ok\r\n           gyp verb cli [ &#39;C:\\\\Program Files\\\\nodejs\\\\node.exe&#39;,\r\n           gyp verb cli\r\n           &#39;C:\\\\Users\\\\JABC\\\\otro\\\\node_modules\\\\node-gyp\\\\bin\\\\node-gyp.js&#39;,\r\n           gyp verb cli   &#39;rebuild&#39;,\r\n           gyp verb cli   &#39;--verbose&#39;,\r\n           gyp verb cli   &#39;--libsass_ext=&#39;,\r\n           gyp verb cli   &#39;--libsass_cflags=&#39;,\r\n           gyp verb cli   &#39;--libsass_ldflags=&#39;,\r\n           gyp verb cli   &#39;--libsass_library=&#39; ]\r\n           gyp info using node-gyp@3.6.2\r\n           gyp info using node@7.7.3 | win32 | x64\r\n           gyp verb command rebuild []\r\n           gyp verb command clean []\r\n           gyp verb clean removing &quot;build&quot; directory\r\n           gyp verb command configure []\r\n           gyp verb check python checking for Python executable &quot;python2&quot; in the\r\n           PATH\r\n           gyp verb `which` failed Error: not found: python2\r\n           gyp verb `which` failed     at getNotFoundError\r\n           (C:\\Users\\JABC\\otro\\node_modules\\which\\which.js:13:12)\r\n           gyp verb `which` failed     at F\r\n           (C:\\Users\\JABC\\otro\\node_modules\\which\\which.js:68:19)\r\n           gyp verb `which` failed     at E\r\n           (C:\\Users\\JABC\\otro\\node_modules\\which\\which.js:80:29)\r\n           gyp verb `which` failed     at\r\n           C:\\Users\\JABC\\otro\\node_modules\\which\\which.js:89:16\r\n           gyp verb `which` failed     at\r\n           C:\\Users\\JABC\\otro\\node_modules\\isexe\\index.js:42:5\r\n           gyp verb `which` failed     at\r\n           C:\\Users\\JABC\\otro\\node_modules\\isexe\\windows.js:36:5\r\n           gyp verb `which` failed     at FSReqWrap.oncomplete (fs.js:114:15)\r\n           gyp verb `which` failed  python2 { Error: not found: python2\r\n           gyp verb `which` failed     at getNotFoundError\r\n           (C:\\Users\\JABC\\otro\\node_modules\\which\\which.js:13:12)\r\n           gyp verb `which` failed     at F\r\n           (C:\\Users\\JABC\\otro\\node_modules\\which\\which.js:68:19)\r\n           gyp verb `which` failed     at E\r\n           (C:\\Users\\JABC\\otro\\node_modules\\which\\which.js:80:29)\r\n           gyp verb `which` failed     at\r\n           C:\\Users\\JABC\\otro\\node_modules\\which\\which.js:89:16\r\n           gyp verb `which` failed     at\r\n           C:\\Users\\JABC\\otro\\node_modules\\isexe\\index.js:42:5\r\n           gyp verb `which` failed     at\r\n           C:\\Users\\JABC\\otro\\node_modules\\isexe\\windows.js:36:5\r\n           gyp verb `which` failed     at FSReqWrap.oncomplete (fs.js:114:15)\r\n           gyp verb `which` failed   stack: &#39;Error: not found: python2\\n    at\r\n           getNotFoundError\r\n           (C:\\\\Users\\\\JABC\\\\otro\\\\node_modules\\\\which\\\\which.js:13:12)\\n    at F\r\n           (C:\\\\Users\\\\JABC\\\\otro\\\\node_modules\\\\which\\\\which.js:68:19)\\n    at E\r\n           (C:\\\\Users\\\\JABC\\\\otro\\\\node_modules\\\\which\\\\which.js:80:29)\\n    at\r\n           C:\\\\Users\\\\JABC\\\\otro\\\\node_modules\\\\which\\\\which.js:89:16\\n    at\r\n           C:\\\\Users\\\\JABC\\\\otro\\\\node_modules\\\\isexe\\\\index.js:42:5\\n    at\r\n           C:\\\\Users\\\\JABC\\\\otro\\\\node_modules\\\\isexe\\\\windows.js:36:5\\n    at\r\n           FSReqWrap.oncomplete (fs.js:114:15)&#39;,\r\n           gyp verb `which` failed   code: &#39;ENOENT&#39; }\r\n           gyp verb check python checking for Python executable &quot;python&quot; in the\r\n           PATH\r\n           gyp verb `which` failed Error: not found: python\r\n           gyp verb `which` failed     at getNotFoundError\r\n           (C:\\Users\\JABC\\otro\\node_modules\\which\\which.js:13:12)\r\n           gyp verb `which` failed     at F\r\n           (C:\\Users\\JABC\\otro\\node_modules\\which\\which.js:68:19)\r\n           gyp verb `which` failed     at E\r\n           (C:\\Users\\JABC\\otro\\node_modules\\which\\which.js:80:29)\r\n           gyp verb `which` failed     at\r\n           C:\\Users\\JABC\\otro\\node_modules\\which\\which.js:89:16\r\n           gyp verb `which` failed     at\r\n           C:\\Users\\JABC\\otro\\node_modules\\isexe\\index.js:42:5\r\n           gyp verb `which` failed     at\r\n           C:\\Users\\JABC\\otro\\node_modules\\isexe\\windows.js:36:5\r\n           gyp verb `which` failed     at FSReqWrap.oncomplete (fs.js:114:15)\r\n           gyp verb `which` failed  python { Error: not found: python\r\n           gyp verb `which` failed     at getNotFoundError\r\n           (C:\\Users\\JABC\\otro\\node_modules\\which\\which.js:13:12)\r\n           gyp verb `which` failed     at F\r\n           (C:\\Users\\JABC\\otro\\node_modules\\which\\which.js:68:19)\r\n           gyp verb `which` failed     at E\r\n           (C:\\Users\\JABC\\otro\\node_modules\\which\\which.js:80:29)\r\n           gyp verb `which` failed     at\r\n           C:\\Users\\JABC\\otro\\node_modules\\which\\which.js:89:16\r\n           gyp verb `which` failed     at\r\n           C:\\Users\\JABC\\otro\\node_modules\\isexe\\index.js:42:5\r\n           gyp verb `which` failed     at\r\n           C:\\Users\\JABC\\otro\\node_modules\\isexe\\windows.js:36:5\r\n           gyp verb `which` failed     at FSReqWrap.oncomplete (fs.js:114:15)\r\n           gyp verb `which` failed   stack: &#39;Error: not found: python\\n    at\r\n           getNotFoundError\r\n           (C:\\\\Users\\\\JABC\\\\otro\\\\node_modules\\\\which\\\\which.js:13:12)\\n    at F\r\n           (C:\\\\Users\\\\JABC\\\\otro\\\\node_modules\\\\which\\\\which.js:68:19)\\n    at E\r\n           (C:\\\\Users\\\\JABC\\\\otro\\\\node_modules\\\\which\\\\which.js:80:29)\\n    at\r\n           C:\\\\Users\\\\JABC\\\\otro\\\\node_modules\\\\which\\\\which.js:89:16\\n    at\r\n           C:\\\\Users\\\\JABC\\\\otro\\\\node_modules\\\\isexe\\\\index.js:42:5\\n    at\r\n           C:\\\\Users\\\\JABC\\\\otro\\\\node_modules\\\\isexe\\\\windows.js:36:5\\n    at\r\n           FSReqWrap.oncomplete (fs.js:114:15)&#39;,\r\n           gyp verb `which` failed   code: &#39;ENOENT&#39; }\r\n           gyp verb could not find &quot;python&quot;. checking python launcher\r\n           gyp verb could not find &quot;python&quot;. guessing location\r\n           gyp verb ensuring that file exists: C:\\Python27\\python.exe\r\n           gyp ERR! configure error\r\n           gyp ERR! stack Error: Can&#39;t find Python executable &quot;python&quot;, you can set\r\n    \r\n           the PYTHON env variable.\r\n           gyp ERR! stack     at PythonFinder.failNoPython\r\n           (C:\\Users\\JABC\\otro\\node_modules\\node-gyp\\lib\\configure.js:483:19)\r\n           gyp ERR! stack     at PythonFinder.&lt;anonymous&gt;\r\n           (C:\\Users\\JABC\\otro\\node_modules\\node-gyp\\lib\\configure.js:508:16)\r\n           gyp ERR! stack     at\r\n           C:\\Users\\JABC\\otro\\node_modules\\graceful-fs\\polyfills.js:284:29\r\n           gyp ERR! stack     at FSReqWrap.oncomplete (fs.js:114:15)\r\n           gyp ERR! System Windows_NT 6.1.7601\r\n           gyp ERR! command &quot;C:\\\\Program Files\\\\nodejs\\\\node.exe&quot;\r\n           &quot;C:\\\\Users\\\\JABC\\\\otro\\\\node_modules\\\\node-gyp\\\\bin\\\\node-gyp.js&quot;\r\n           &quot;rebuild&quot; &quot;--verbose&quot; &quot;--libsass_ext=&quot; &quot;--libsass_cflags=&quot;\r\n           &quot;--libsass_ldflags=&quot; &quot;--libsass_library=&quot;\r\n           gyp ERR! cwd C:\\Users\\JABC\\otro\\node_modules\\node-sass\r\n           gyp ERR! node -v v7.7.3\r\n           gyp ERR! node-gyp -v v3.6.2\r\n           gyp ERR! not ok\r\n           Build failed with error code: 1\r\n           npm WARN optional SKIPPING OPTIONAL DEPENDENCY: fsevents@^1.0.0\r\n           (node_modules\\chokidar\\node_modules\\fsevents):\r\n           npm WARN notsup SKIPPING OPTIONAL DEPENDENCY: Unsupported platform for\r\n           fsevents@1.1.3: wanted {&quot;os&quot;:&quot;darwin&quot;,&quot;arch&quot;:&quot;any&quot;} (current:\r\n           {&quot;os&quot;:&quot;win32&quot;,&quot;arch&quot;:&quot;x64&quot;})\r\n           npm WARN optional SKIPPING OPTIONAL DEPENDENCY: fsevents@^1.1.2\r\n           (node_modules\\watchpack\\node_modules\\chokidar\\node_modules\\fsevents):\r\n           npm WARN notsup SKIPPING OPTIONAL DEPENDENCY: Unsupported platform for\r\n           fsevents@1.1.3: wanted {&quot;os&quot;:&quot;darwin&quot;,&quot;arch&quot;:&quot;any&quot;} (current:\r\n           {&quot;os&quot;:&quot;win32&quot;,&quot;arch&quot;:&quot;x64&quot;})\r\n           npm WARN Error: EPERM: operation not permitted, scandir\r\n           &#39;C:\\Users\\JABC\\otro\\node_modules\\yargs-parser\\node_modules&#39;\r\n           npm WARN  { Error: EPERM: operation not permitted, scandir\r\n           &#39;C:\\Users\\JABC\\otro\\node_modules\\yargs-parser\\node_modules&#39;\r\n           npm WARN   errno: -4048,\r\n           npm WARN   code: &#39;EPERM&#39;,\r\n           npm WARN   syscall: &#39;scandir&#39;,\r\n           npm WARN   path:\r\n           &#39;C:\\\\Users\\\\JABC\\\\otro\\\\node_modules\\\\yargs-parser\\\\node_modules&#39; }\r\n           npm ERR! Windows_NT 6.1.7601\r\n           npm ERR! argv &quot;C:\\\\Program Files\\\\nodejs\\\\node.exe&quot; &quot;C:\\\\Program\r\n           Files\\\\nodejs\\\\node_modules\\\\npm\\\\bin\\\\npm-cli.js&quot; &quot;i&quot;\r\n           npm ERR! node v7.7.3\r\n           npm ERR! npm  v4.1.2\r\n           npm ERR! code ELIFECYCLE\r\n    \r\n           npm ERR! node-sass@4.7.2 postinstall: `node scripts/build.js`\r\n           npm ERR! Exit status 1\r\n           npm ERR!\r\n           npm ERR! Failed at the node-sass@4.7.2 postinstall script &#39;node\r\n           scripts/build.js&#39;.\r\n           npm ERR! Make sure you have the latest version of node.js and npm\r\n           installed.\r\n           npm ERR! If you do, this is most likely a problem with the node-sass\r\n           package,\r\n           npm ERR! not with npm itself.\r\n           npm ERR! Tell the author that this fails on your system:\r\n           npm ERR!     node scripts/build.js\r\n           npm ERR! You can get information on how to open an issue for this\r\n           project with:\r\n           npm ERR!     npm bugs node-sass\r\n           npm ERR! Or if that isn&#39;t available, you can get their info via:\r\n           npm ERR!     npm owner ls node-sass\r\n           npm ERR! There is likely additional logging output above.\r\n    \r\n           npm ERR! Please include the following file with any support request:\r\n           npm ERR!     C:\\Users\\JABC\\otro\\npm-debug.log\r\n\r\nI don&#39;t know what it means.\r\nI have installed Git too.\r\nI don&#39;t know what to do.\r\n\r\nPD: If I create the project without Cordova, it creates the project without any problem.",
            "link": "https://stackoverflow.com/questions/49929105/i-have-an-error-with-ionic-start",
            "title": "I have an error with &quot;ionic start&quot;",
            "body": "<p>I'm trying to create my first project in Ionic v3.20.0, but when I enter <code>ionic start nuevo</code> then it asks me if want to integrate Cordova with my project, I enter \"yes\", aprox 10 minutes after 'Running command' it throws me this error:</p>\n\n<pre><code>Running command - failed!\nERROR] An error occurred while running npm i (exit code 1):\n\n\n       npm WARN prefer global node-gyp@3.6.2 should be installed with -g\n\n       &gt; node-sass@4.7.2 install C:\\Users\\JABC\\otro\\node_modules\\node-sass\n       &gt; node scripts/install.js\n\n       Downloading binary from\n       https://github.com/sass/node-sass/releases/download/v4.7.2/win32-x64-51_\ninding.node\n       Cannot download\n       \"https://github.com/sass/node-sass/releases/download/v4.7.2/win32-x64-51\nbinding.node\":\n\n\n       ESOCKETTIMEDOUT\n\n       Hint: If github.com is not accessible in your location\n              try setting a proxy via HTTP_PROXY, e.g.\n\n              export HTTP_PROXY=http://example.com:1234\n\n       or configure npm proxy via\n\n              npm config set proxy http://example.com:8080\n\n       &gt; uglifyjs-webpack-plugin@0.4.6 postinstall\n       C:\\Users\\JABC\\otro\\node_modules\\uglifyjs-webpack-plugin\n       &gt; node lib/post_install.js\n\n\n       &gt; node-sass@4.7.2 postinstall C:\\Users\\JABC\\otro\\node_modules\\node-sass\n       &gt; node scripts/build.js\n\n       Binary found at\n       C:\\Users\\JABC\\otro\\node_modules\\node-sass\\vendor\\win32-x64-51\\binding.no\ne\n       Testing binary\n       Binary has a problem: Error: %1 no es una aplicación Win32 válida.\n       \\\\?\\C:\\Users\\JABC\\otro\\node_modules\\node-sass\\vendor\\win32-x64-51\\bindin\n.node\n            at Object.Module._extensions..node (module.js:598:18)\n            at Module.load (module.js:488:32)\n            at tryModuleLoad (module.js:447:12)\n            at Function.Module._load (module.js:439:3)\n            at Module.require (module.js:498:17)\n            at require (internal/module.js:20:19)\n            at module.exports\n       (C:\\Users\\JABC\\otro\\node_modules\\node-sass\\lib\\binding.js:19:10)\n            at Object.&lt;anonymous&gt;\n       (C:\\Users\\JABC\\otro\\node_modules\\node-sass\\lib\\index.js:14:35)\n            at Module._compile (module.js:571:32)\n            at Object.Module._extensions..js (module.js:580:10)\n       Building the binary locally\n       Building: C:\\Program Files\\nodejs\\node.exe\n       C:\\Users\\JABC\\otro\\node_modules\\node-gyp\\bin\\node-gyp.js rebuild\n       --verbose --libsass_ext= --libsass_cflags= --libsass_ldflags=\n       --libsass_library=\n       gyp info it worked if it ends with ok\n       gyp verb cli [ 'C:\\\\Program Files\\\\nodejs\\\\node.exe',\n       gyp verb cli\n       'C:\\\\Users\\\\JABC\\\\otro\\\\node_modules\\\\node-gyp\\\\bin\\\\node-gyp.js',\n       gyp verb cli   'rebuild',\n       gyp verb cli   '--verbose',\n       gyp verb cli   '--libsass_ext=',\n       gyp verb cli   '--libsass_cflags=',\n       gyp verb cli   '--libsass_ldflags=',\n       gyp verb cli   '--libsass_library=' ]\n       gyp info using node-gyp@3.6.2\n       gyp info using node@7.7.3 | win32 | x64\n       gyp verb command rebuild []\n       gyp verb command clean []\n       gyp verb clean removing \"build\" directory\n       gyp verb command configure []\n       gyp verb check python checking for Python executable \"python2\" in the\n       PATH\n       gyp verb `which` failed Error: not found: python2\n       gyp verb `which` failed     at getNotFoundError\n       (C:\\Users\\JABC\\otro\\node_modules\\which\\which.js:13:12)\n       gyp verb `which` failed     at F\n       (C:\\Users\\JABC\\otro\\node_modules\\which\\which.js:68:19)\n       gyp verb `which` failed     at E\n       (C:\\Users\\JABC\\otro\\node_modules\\which\\which.js:80:29)\n       gyp verb `which` failed     at\n       C:\\Users\\JABC\\otro\\node_modules\\which\\which.js:89:16\n       gyp verb `which` failed     at\n       C:\\Users\\JABC\\otro\\node_modules\\isexe\\index.js:42:5\n       gyp verb `which` failed     at\n       C:\\Users\\JABC\\otro\\node_modules\\isexe\\windows.js:36:5\n       gyp verb `which` failed     at FSReqWrap.oncomplete (fs.js:114:15)\n       gyp verb `which` failed  python2 { Error: not found: python2\n       gyp verb `which` failed     at getNotFoundError\n       (C:\\Users\\JABC\\otro\\node_modules\\which\\which.js:13:12)\n       gyp verb `which` failed     at F\n       (C:\\Users\\JABC\\otro\\node_modules\\which\\which.js:68:19)\n       gyp verb `which` failed     at E\n       (C:\\Users\\JABC\\otro\\node_modules\\which\\which.js:80:29)\n       gyp verb `which` failed     at\n       C:\\Users\\JABC\\otro\\node_modules\\which\\which.js:89:16\n       gyp verb `which` failed     at\n       C:\\Users\\JABC\\otro\\node_modules\\isexe\\index.js:42:5\n       gyp verb `which` failed     at\n       C:\\Users\\JABC\\otro\\node_modules\\isexe\\windows.js:36:5\n       gyp verb `which` failed     at FSReqWrap.oncomplete (fs.js:114:15)\n       gyp verb `which` failed   stack: 'Error: not found: python2\\n    at\n       getNotFoundError\n       (C:\\\\Users\\\\JABC\\\\otro\\\\node_modules\\\\which\\\\which.js:13:12)\\n    at F\n       (C:\\\\Users\\\\JABC\\\\otro\\\\node_modules\\\\which\\\\which.js:68:19)\\n    at E\n       (C:\\\\Users\\\\JABC\\\\otro\\\\node_modules\\\\which\\\\which.js:80:29)\\n    at\n       C:\\\\Users\\\\JABC\\\\otro\\\\node_modules\\\\which\\\\which.js:89:16\\n    at\n       C:\\\\Users\\\\JABC\\\\otro\\\\node_modules\\\\isexe\\\\index.js:42:5\\n    at\n       C:\\\\Users\\\\JABC\\\\otro\\\\node_modules\\\\isexe\\\\windows.js:36:5\\n    at\n       FSReqWrap.oncomplete (fs.js:114:15)',\n       gyp verb `which` failed   code: 'ENOENT' }\n       gyp verb check python checking for Python executable \"python\" in the\n       PATH\n       gyp verb `which` failed Error: not found: python\n       gyp verb `which` failed     at getNotFoundError\n       (C:\\Users\\JABC\\otro\\node_modules\\which\\which.js:13:12)\n       gyp verb `which` failed     at F\n       (C:\\Users\\JABC\\otro\\node_modules\\which\\which.js:68:19)\n       gyp verb `which` failed     at E\n       (C:\\Users\\JABC\\otro\\node_modules\\which\\which.js:80:29)\n       gyp verb `which` failed     at\n       C:\\Users\\JABC\\otro\\node_modules\\which\\which.js:89:16\n       gyp verb `which` failed     at\n       C:\\Users\\JABC\\otro\\node_modules\\isexe\\index.js:42:5\n       gyp verb `which` failed     at\n       C:\\Users\\JABC\\otro\\node_modules\\isexe\\windows.js:36:5\n       gyp verb `which` failed     at FSReqWrap.oncomplete (fs.js:114:15)\n       gyp verb `which` failed  python { Error: not found: python\n       gyp verb `which` failed     at getNotFoundError\n       (C:\\Users\\JABC\\otro\\node_modules\\which\\which.js:13:12)\n       gyp verb `which` failed     at F\n       (C:\\Users\\JABC\\otro\\node_modules\\which\\which.js:68:19)\n       gyp verb `which` failed     at E\n       (C:\\Users\\JABC\\otro\\node_modules\\which\\which.js:80:29)\n       gyp verb `which` failed     at\n       C:\\Users\\JABC\\otro\\node_modules\\which\\which.js:89:16\n       gyp verb `which` failed     at\n       C:\\Users\\JABC\\otro\\node_modules\\isexe\\index.js:42:5\n       gyp verb `which` failed     at\n       C:\\Users\\JABC\\otro\\node_modules\\isexe\\windows.js:36:5\n       gyp verb `which` failed     at FSReqWrap.oncomplete (fs.js:114:15)\n       gyp verb `which` failed   stack: 'Error: not found: python\\n    at\n       getNotFoundError\n       (C:\\\\Users\\\\JABC\\\\otro\\\\node_modules\\\\which\\\\which.js:13:12)\\n    at F\n       (C:\\\\Users\\\\JABC\\\\otro\\\\node_modules\\\\which\\\\which.js:68:19)\\n    at E\n       (C:\\\\Users\\\\JABC\\\\otro\\\\node_modules\\\\which\\\\which.js:80:29)\\n    at\n       C:\\\\Users\\\\JABC\\\\otro\\\\node_modules\\\\which\\\\which.js:89:16\\n    at\n       C:\\\\Users\\\\JABC\\\\otro\\\\node_modules\\\\isexe\\\\index.js:42:5\\n    at\n       C:\\\\Users\\\\JABC\\\\otro\\\\node_modules\\\\isexe\\\\windows.js:36:5\\n    at\n       FSReqWrap.oncomplete (fs.js:114:15)',\n       gyp verb `which` failed   code: 'ENOENT' }\n       gyp verb could not find \"python\". checking python launcher\n       gyp verb could not find \"python\". guessing location\n       gyp verb ensuring that file exists: C:\\Python27\\python.exe\n       gyp ERR! configure error\n       gyp ERR! stack Error: Can't find Python executable \"python\", you can set\n\n       the PYTHON env variable.\n       gyp ERR! stack     at PythonFinder.failNoPython\n       (C:\\Users\\JABC\\otro\\node_modules\\node-gyp\\lib\\configure.js:483:19)\n       gyp ERR! stack     at PythonFinder.&lt;anonymous&gt;\n       (C:\\Users\\JABC\\otro\\node_modules\\node-gyp\\lib\\configure.js:508:16)\n       gyp ERR! stack     at\n       C:\\Users\\JABC\\otro\\node_modules\\graceful-fs\\polyfills.js:284:29\n       gyp ERR! stack     at FSReqWrap.oncomplete (fs.js:114:15)\n       gyp ERR! System Windows_NT 6.1.7601\n       gyp ERR! command \"C:\\\\Program Files\\\\nodejs\\\\node.exe\"\n       \"C:\\\\Users\\\\JABC\\\\otro\\\\node_modules\\\\node-gyp\\\\bin\\\\node-gyp.js\"\n       \"rebuild\" \"--verbose\" \"--libsass_ext=\" \"--libsass_cflags=\"\n       \"--libsass_ldflags=\" \"--libsass_library=\"\n       gyp ERR! cwd C:\\Users\\JABC\\otro\\node_modules\\node-sass\n       gyp ERR! node -v v7.7.3\n       gyp ERR! node-gyp -v v3.6.2\n       gyp ERR! not ok\n       Build failed with error code: 1\n       npm WARN optional SKIPPING OPTIONAL DEPENDENCY: fsevents@^1.0.0\n       (node_modules\\chokidar\\node_modules\\fsevents):\n       npm WARN notsup SKIPPING OPTIONAL DEPENDENCY: Unsupported platform for\n       fsevents@1.1.3: wanted {\"os\":\"darwin\",\"arch\":\"any\"} (current:\n       {\"os\":\"win32\",\"arch\":\"x64\"})\n       npm WARN optional SKIPPING OPTIONAL DEPENDENCY: fsevents@^1.1.2\n       (node_modules\\watchpack\\node_modules\\chokidar\\node_modules\\fsevents):\n       npm WARN notsup SKIPPING OPTIONAL DEPENDENCY: Unsupported platform for\n       fsevents@1.1.3: wanted {\"os\":\"darwin\",\"arch\":\"any\"} (current:\n       {\"os\":\"win32\",\"arch\":\"x64\"})\n       npm WARN Error: EPERM: operation not permitted, scandir\n       'C:\\Users\\JABC\\otro\\node_modules\\yargs-parser\\node_modules'\n       npm WARN  { Error: EPERM: operation not permitted, scandir\n       'C:\\Users\\JABC\\otro\\node_modules\\yargs-parser\\node_modules'\n       npm WARN   errno: -4048,\n       npm WARN   code: 'EPERM',\n       npm WARN   syscall: 'scandir',\n       npm WARN   path:\n       'C:\\\\Users\\\\JABC\\\\otro\\\\node_modules\\\\yargs-parser\\\\node_modules' }\n       npm ERR! Windows_NT 6.1.7601\n       npm ERR! argv \"C:\\\\Program Files\\\\nodejs\\\\node.exe\" \"C:\\\\Program\n       Files\\\\nodejs\\\\node_modules\\\\npm\\\\bin\\\\npm-cli.js\" \"i\"\n       npm ERR! node v7.7.3\n       npm ERR! npm  v4.1.2\n       npm ERR! code ELIFECYCLE\n\n       npm ERR! node-sass@4.7.2 postinstall: `node scripts/build.js`\n       npm ERR! Exit status 1\n       npm ERR!\n       npm ERR! Failed at the node-sass@4.7.2 postinstall script 'node\n       scripts/build.js'.\n       npm ERR! Make sure you have the latest version of node.js and npm\n       installed.\n       npm ERR! If you do, this is most likely a problem with the node-sass\n       package,\n       npm ERR! not with npm itself.\n       npm ERR! Tell the author that this fails on your system:\n       npm ERR!     node scripts/build.js\n       npm ERR! You can get information on how to open an issue for this\n       project with:\n       npm ERR!     npm bugs node-sass\n       npm ERR! Or if that isn't available, you can get their info via:\n       npm ERR!     npm owner ls node-sass\n       npm ERR! There is likely additional logging output above.\n\n       npm ERR! Please include the following file with any support request:\n       npm ERR!     C:\\Users\\JABC\\otro\\npm-debug.log\n</code></pre>\n\n<p>I don't know what it means.\nI have installed Git too.\nI don't know what to do.</p>\n\n<p>PD: If I create the project without Cordova, it creates the project without any problem.</p>\n"
        },
        {
            "tags": [
                "notepad"
            ],
            "owner": {
                "reputation": 1,
                "user_id": 9671329,
                "user_type": "registered",
                "profile_image": "https://lh3.googleusercontent.com/-XdUIqdMkCWA/AAAAAAAAAAI/AAAAAAAAAAA/4252rscbv5M/photo.jpg?sz=128",
                "display_name": "Death Note",
                "link": "https://stackoverflow.com/users/9671329/death-note"
            },
            "is_answered": false,
            "view_count": 12,
            "answer_count": 0,
            "score": -1,
            "last_activity_date": 1524167216,
            "creation_date": 1524161045,
            "last_edit_date": 1524167216,
            "question_id": 49927469,
            "body_markdown": "Can anyone help me? I want to remove the numbers behind the second dot (188.249. to remove behind second number)\r\n\r\n    188.249.168.222\r\n\r\nI want it to look like this\r\n\r\n    188.249.\r\n\r\nThank you",
            "link": "https://stackoverflow.com/questions/49927469/edit-from-where-you-want-in-notepad-help-need",
            "title": "Edit from where you want in notepad help need?",
            "body": "<p>Can anyone help me? I want to remove the numbers behind the second dot (188.249. to remove behind second number)</p>\n\n<pre><code>188.249.168.222\n</code></pre>\n\n<p>I want it to look like this</p>\n\n<pre><code>188.249.\n</code></pre>\n\n<p>Thank you</p>\n"
        },
        {
            "tags": [
                "django",
                "static",
                "http-status-code-404",
                "virtualenv"
            ],
            "owner": {
                "reputation": 1,
                "user_id": 9666331,
                "user_type": "registered",
                "profile_image": "https://www.gravatar.com/avatar/1de80e4b5ab378f0796003cabc4b66bf?s=128&d=identicon&r=PG&f=1",
                "display_name": "D.B",
                "link": "https://stackoverflow.com/users/9666331/d-b"
            },
            "is_answered": false,
            "view_count": 34,
            "answer_count": 1,
            "score": 0,
            "last_activity_date": 1524167216,
            "creation_date": 1524082990,
            "last_edit_date": 1524167216,
            "question_id": 49908437,
            "body_markdown": "So I&#39;m trying to push my website into production, but I have encountered a problem while in the virtual environment, where my static files are not being found (404 errors). \r\n\r\nIn the settings.py file, I have `STATIC_ROOT = os.path.join(BASE_DIR, &#39;static/&#39;)`.\r\n\r\nIn the file /etc/nginx/sites-available/django, I have modified the static files location, to look like this:\r\n\r\n    location /static {\r\n         alias /home/user/myproject/static;\r\n    }\r\n\r\nIn the directory /home/user/myproject, I have another directory called `static`, and inside are several directories holding the actual static files.\r\n\r\ni.e. /home/user/myproject/static/shopApp/shop_app.css\r\n\r\nor\r\n\r\ni.e. /home/user/myproject/static/officeApp/office_app.css\r\n\r\nWhat I am trying to see is if any of my configurations are set up badly. I am very new to django and web development, so I would appreciate any of your help!\r\n\r\nEDIT: After doing some research I think I have the same problem as the guy from stackoverflow in this link: https://stackoverflow.com/questions/26237936/fetching-static-files-failed-with-404-in-nginx. \r\n\r\nI think the second answer might solve my issue but I don&#39;t know where to apply the command `chown www-data:www-data .`",
            "link": "https://stackoverflow.com/questions/49908437/django-static-files-not-appearing-with-virtual-environment",
            "title": "django static files not appearing with virtual environment",
            "body": "<p>So I'm trying to push my website into production, but I have encountered a problem while in the virtual environment, where my static files are not being found (404 errors). </p>\n\n<p>In the settings.py file, I have <code>STATIC_ROOT = os.path.join(BASE_DIR, 'static/')</code>.</p>\n\n<p>In the file /etc/nginx/sites-available/django, I have modified the static files location, to look like this:</p>\n\n<pre><code>location /static {\n     alias /home/user/myproject/static;\n}\n</code></pre>\n\n<p>In the directory /home/user/myproject, I have another directory called <code>static</code>, and inside are several directories holding the actual static files.</p>\n\n<p>i.e. /home/user/myproject/static/shopApp/shop_app.css</p>\n\n<p>or</p>\n\n<p>i.e. /home/user/myproject/static/officeApp/office_app.css</p>\n\n<p>What I am trying to see is if any of my configurations are set up badly. I am very new to django and web development, so I would appreciate any of your help!</p>\n\n<p>EDIT: After doing some research I think I have the same problem as the guy from stackoverflow in this link: <a href=\"https://stackoverflow.com/questions/26237936/fetching-static-files-failed-with-404-in-nginx\">Fetching static files failed with 404 in nginx</a>. </p>\n\n<p>I think the second answer might solve my issue but I don't know where to apply the command <code>chown www-data:www-data .</code></p>\n"
        },
        {
            "tags": [
                "javascript",
                "jquery",
                "firebase",
                "firebase-database"
            ],
            "owner": {
                "reputation": 10,
                "user_id": 5486472,
                "user_type": "registered",
                "profile_image": "https://www.gravatar.com/avatar/4bedb65bdc4df57583c19b0f2e52c85e?s=128&d=identicon&r=PG&f=1",
                "display_name": "Dawesy",
                "link": "https://stackoverflow.com/users/5486472/dawesy"
            },
            "is_answered": true,
            "view_count": 22,
            "answer_count": 1,
            "score": 0,
            "last_activity_date": 1524167201,
            "creation_date": 1524163538,
            "last_edit_date": 1524167201,
            "question_id": 49928147,
            "body_markdown": "I&#39;m currently in the proccess of making a web application for a university project and I need some help in retrieving a value in the Firebase database. Here is the structure:\r\n\r\n[![enter image description here][1]][1]\r\n\r\n\r\nWhat im trying to do is see if a specific uid is present anywhere unfer the ref &#39;addresses&#39;\r\n\r\nthis is my code:\r\n\r\n    var refAdd = firebase.database().ref().child(&#39;addresses&#39;);\r\n    refAdd.orderByChild(&quot;uid&quot;).equalTo(user.uid).once(&quot;value&quot;, function(snapshot){\r\n      console.log(&quot;(snapshot) request found for &quot; + snapshot.key);\r\n\t\tsnapshot.forEach(function(child) {\r\n\t\t\tconsole.log(&quot;request found for &quot; + child.key);\r\n\t\t});\r\n\t});\r\n\r\nSo what I&#39;m trying to do here is see if ther current user UID is present under &#39;addresses&#39;, if it is then log the push key value where it&#39;s located.\r\n\r\nAnyone one have any idea on how to go about it?\r\n\r\n\r\n  [1]: https://i.stack.imgur.com/vg0NO.png",
            "link": "https://stackoverflow.com/questions/49928147/retrieve-value-in-firebase-for-web-app-javascript",
            "title": "Retrieve Value in Firebase for Web App - JavaScript",
            "body": "<p>I'm currently in the proccess of making a web application for a university project and I need some help in retrieving a value in the Firebase database. Here is the structure:</p>\n\n<p><a href=\"https://i.stack.imgur.com/vg0NO.png\" rel=\"nofollow noreferrer\"><img src=\"https://i.stack.imgur.com/vg0NO.png\" alt=\"enter image description here\"></a></p>\n\n<p>What im trying to do is see if a specific uid is present anywhere unfer the ref 'addresses'</p>\n\n<p>this is my code:</p>\n\n<pre><code>var refAdd = firebase.database().ref().child('addresses');\nrefAdd.orderByChild(\"uid\").equalTo(user.uid).once(\"value\", function(snapshot){\n  console.log(\"(snapshot) request found for \" + snapshot.key);\n    snapshot.forEach(function(child) {\n        console.log(\"request found for \" + child.key);\n    });\n});\n</code></pre>\n\n<p>So what I'm trying to do here is see if ther current user UID is present under 'addresses', if it is then log the push key value where it's located.</p>\n\n<p>Anyone one have any idea on how to go about it?</p>\n"
        },
        {
            "tags": [
                "ms-word",
                "footer"
            ],
            "owner": {
                "reputation": 66,
                "user_id": 1773179,
                "user_type": "registered",
                "accept_rate": 10,
                "profile_image": "https://www.gravatar.com/avatar/849dfaadede64adb011421dcbed8779c?s=128&d=identicon&r=PG",
                "display_name": "user1773179",
                "link": "https://stackoverflow.com/users/1773179/user1773179"
            },
            "is_answered": false,
            "view_count": 10,
            "answer_count": 0,
            "score": 0,
            "last_activity_date": 1524167200,
            "creation_date": 1524166457,
            "last_edit_date": 1524167200,
            "question_id": 49928921,
            "body_markdown": "I have a document that contains a table with a variable number of rows (populated by an external app). In the footer is another table (not variable number of rows) - this is actually the area where the customer signs, and has a bit of legal verbiage.\r\n\r\nI want the footer to appear only on the last page, so I wrapped it in \r\n\r\n    { IF { PAGE } = { NUMPAGES } &quot;\r\n    \r\n    table is here\r\n    \r\n    &quot; }​\r\n\r\nThe problem is that the footer appears fine if the table in the body doesn&#39;t have many rows. It also appears fine if the table in the body has sufficiently many rows that part of it appears on the second page (then the footer table appears on the second page only).\r\n\r\nBut if the body table has enough rows that the footer table can&#39;t fit on page 1 (but not enough rows that some of the body table is pushed to page 2) the footer table doesn&#39;t appear at all.\r\n\r\nThe question is - how do I make it so that if the body table is too big for the footer table to fit on the first page, the footer table prints on the second page?",
            "link": "https://stackoverflow.com/questions/49928921/ms-word-footer-on-last-page-only-not-working",
            "title": "MS Word - Footer On Last Page Only Not Working",
            "body": "<p>I have a document that contains a table with a variable number of rows (populated by an external app). In the footer is another table (not variable number of rows) - this is actually the area where the customer signs, and has a bit of legal verbiage.</p>\n\n<p>I want the footer to appear only on the last page, so I wrapped it in </p>\n\n<pre><code>{ IF { PAGE } = { NUMPAGES } \"\n\ntable is here\n\n\" }​\n</code></pre>\n\n<p>The problem is that the footer appears fine if the table in the body doesn't have many rows. It also appears fine if the table in the body has sufficiently many rows that part of it appears on the second page (then the footer table appears on the second page only).</p>\n\n<p>But if the body table has enough rows that the footer table can't fit on page 1 (but not enough rows that some of the body table is pushed to page 2) the footer table doesn't appear at all.</p>\n\n<p>The question is - how do I make it so that if the body table is too big for the footer table to fit on the first page, the footer table prints on the second page?</p>\n"
        },
        {
            "tags": [
                "regex",
                "xslt"
            ],
            "owner": {
                "reputation": 235,
                "user_id": 3193697,
                "user_type": "registered",
                "accept_rate": 91,
                "profile_image": "https://i.stack.imgur.com/3XiSM.png?s=128&g=1",
                "display_name": "Ferestes",
                "link": "https://stackoverflow.com/users/3193697/ferestes"
            },
            "is_answered": true,
            "view_count": 55,
            "answer_count": 1,
            "score": 2,
            "last_activity_date": 1524167197,
            "creation_date": 1524077611,
            "last_edit_date": 1524167197,
            "question_id": 49907038,
            "body_markdown": "This may be an odd question but I am curious if there might be a solution. I have a deeply nested and complex XML-File, e.g. OOXML and I try to analyze its text with some regex. \r\n\r\nTo analyze the document&#39;s text I would like to (1) store all the text nodes in a variable, (2) run some regex and (3) write all the text nodes back to their origin elements. Obviously the last part is the problem and I have no idea if it is even possible.\r\n\r\n(simplified) XML: \r\n\r\n    &lt;?xml version=&quot;1.0&quot; encoding=&quot;UTF-8&quot;?&gt;\r\n    &lt;body&gt;\r\n        &lt;p&gt;\r\n            &lt;t&gt;foo &lt;/t&gt;\r\n            &lt;t&gt;some text &lt;/t&gt;\r\n            &lt;t&gt;\r\n                &lt;i&gt;number&lt;/i&gt;\r\n                &lt;b&gt;\r\n                    &lt;nr&gt;5&lt;/nr&gt;\r\n                &lt;/b&gt;\r\n            &lt;/t&gt;\r\n            &lt;t&gt;more &lt;/t&gt;\r\n            &lt;t&gt;text&lt;/t&gt;\r\n        &lt;/p&gt;\r\n    &lt;/body&gt;\r\n\r\nXSLT\r\n\r\n    &lt;?xml version=&quot;1.0&quot; encoding=&quot;UTF-8&quot;?&gt;\r\n    &lt;xsl:stylesheet xmlns:xsl=&quot;http://www.w3.org/1999/XSL/Transform&quot;\r\n        xmlns:xs=&quot;http://www.w3.org/2001/XMLSchema&quot; exclude-result-prefixes=&quot;xs&quot; version=&quot;2.0&quot;&gt;\r\n        &lt;xsl:template match=&quot;p&quot;&gt;\r\n            &lt;xsl:variable name=&quot;plain&quot; select=&quot;normalize-space(string-join(t//text(), &#39;&#39;))&quot;/&gt;\r\n            &lt;xsl:analyze-string select=&quot;$plain&quot; regex=&quot;foo( .* )number (\\d)&quot;&gt;\r\n                &lt;xsl:matching-substring&gt;\r\n                    &lt;xsl:value-of select=&quot;&#39;bar&#39;, regex-group(1), &#39;nr.&#39;, regex-group(2)&quot;/&gt;\r\n                &lt;/xsl:matching-substring&gt;\r\n                &lt;xsl:non-matching-substring&gt;\r\n                    &lt;xsl:value-of select=&quot;.&quot;/&gt;\r\n                &lt;/xsl:non-matching-substring&gt;\r\n            &lt;/xsl:analyze-string&gt;\r\n        &lt;/xsl:template&gt;\r\n    &lt;/xsl:stylesheet&gt;\r\n\r\nWanted output would be something like:\r\n\r\n    &lt;?xml version=&quot;1.0&quot; encoding=&quot;UTF-8&quot;?&gt;\r\n    &lt;body&gt;\r\n        &lt;p&gt;\r\n            &lt;t&gt;bar &lt;/t&gt;\r\n            &lt;t&gt;some text &lt;/t&gt;\r\n            &lt;t&gt;\r\n                &lt;i&gt;nr. &lt;/i&gt;\r\n                &lt;b&gt;\r\n                    &lt;nr&gt;5&lt;/nr&gt;\r\n                &lt;/b&gt;\r\n            &lt;/t&gt;\r\n            &lt;t&gt;more &lt;/t&gt;\r\n            &lt;t&gt;text&lt;/t&gt;\r\n        &lt;/p&gt;\r\n    &lt;/body&gt;\r\n\r\nI know that in this case a template matching on `t` and some XPath checking the `preceding` and `following` axes could do the job. But when the XML gets much more complicated, it is very annoying.",
            "link": "https://stackoverflow.com/questions/49907038/analyze-string-nested-to-plain-back-to-nested",
            "title": "analyze-string: Nested to plain back to nested",
            "body": "<p>This may be an odd question but I am curious if there might be a solution. I have a deeply nested and complex XML-File, e.g. OOXML and I try to analyze its text with some regex. </p>\n\n<p>To analyze the document's text I would like to (1) store all the text nodes in a variable, (2) run some regex and (3) write all the text nodes back to their origin elements. Obviously the last part is the problem and I have no idea if it is even possible.</p>\n\n<p>(simplified) XML: </p>\n\n<pre><code>&lt;?xml version=\"1.0\" encoding=\"UTF-8\"?&gt;\n&lt;body&gt;\n    &lt;p&gt;\n        &lt;t&gt;foo &lt;/t&gt;\n        &lt;t&gt;some text &lt;/t&gt;\n        &lt;t&gt;\n            &lt;i&gt;number&lt;/i&gt;\n            &lt;b&gt;\n                &lt;nr&gt;5&lt;/nr&gt;\n            &lt;/b&gt;\n        &lt;/t&gt;\n        &lt;t&gt;more &lt;/t&gt;\n        &lt;t&gt;text&lt;/t&gt;\n    &lt;/p&gt;\n&lt;/body&gt;\n</code></pre>\n\n<p>XSLT</p>\n\n<pre><code>&lt;?xml version=\"1.0\" encoding=\"UTF-8\"?&gt;\n&lt;xsl:stylesheet xmlns:xsl=\"http://www.w3.org/1999/XSL/Transform\"\n    xmlns:xs=\"http://www.w3.org/2001/XMLSchema\" exclude-result-prefixes=\"xs\" version=\"2.0\"&gt;\n    &lt;xsl:template match=\"p\"&gt;\n        &lt;xsl:variable name=\"plain\" select=\"normalize-space(string-join(t//text(), ''))\"/&gt;\n        &lt;xsl:analyze-string select=\"$plain\" regex=\"foo( .* )number (\\d)\"&gt;\n            &lt;xsl:matching-substring&gt;\n                &lt;xsl:value-of select=\"'bar', regex-group(1), 'nr.', regex-group(2)\"/&gt;\n            &lt;/xsl:matching-substring&gt;\n            &lt;xsl:non-matching-substring&gt;\n                &lt;xsl:value-of select=\".\"/&gt;\n            &lt;/xsl:non-matching-substring&gt;\n        &lt;/xsl:analyze-string&gt;\n    &lt;/xsl:template&gt;\n&lt;/xsl:stylesheet&gt;\n</code></pre>\n\n<p>Wanted output would be something like:</p>\n\n<pre><code>&lt;?xml version=\"1.0\" encoding=\"UTF-8\"?&gt;\n&lt;body&gt;\n    &lt;p&gt;\n        &lt;t&gt;bar &lt;/t&gt;\n        &lt;t&gt;some text &lt;/t&gt;\n        &lt;t&gt;\n            &lt;i&gt;nr. &lt;/i&gt;\n            &lt;b&gt;\n                &lt;nr&gt;5&lt;/nr&gt;\n            &lt;/b&gt;\n        &lt;/t&gt;\n        &lt;t&gt;more &lt;/t&gt;\n        &lt;t&gt;text&lt;/t&gt;\n    &lt;/p&gt;\n&lt;/body&gt;\n</code></pre>\n\n<p>I know that in this case a template matching on <code>t</code> and some XPath checking the <code>preceding</code> and <code>following</code> axes could do the job. But when the XML gets much more complicated, it is very annoying.</p>\n"
        },
        {
            "tags": [
                "python"
            ],
            "owner": {
                "reputation": 2948,
                "user_id": 1432980,
                "user_type": "registered",
                "accept_rate": 73,
                "profile_image": "https://www.gravatar.com/avatar/e646027bcc545177a971230c1e23134a?s=128&d=identicon&r=PG",
                "display_name": "lapots",
                "link": "https://stackoverflow.com/users/1432980/lapots"
            },
            "is_answered": true,
            "view_count": 19677,
            "protected_date": 1524168848,
            "accepted_answer_id": 27703120,
            "answer_count": 1,
            "score": 1,
            "last_activity_date": 1524167192,
            "creation_date": 1419931606,
            "question_id": 27702727,
            "body_markdown": "I&#39;ve got simple `python` functions.\r\n\r\n\tdef readMainTemplate(templateFile):\r\n\t\ttemplate = open(templateFile, &#39;r&#39;)\r\n\t\tdata = template.read()\r\n\t\tindex1 = data.index[&#39;[&#39;] #originally I passed it into data[]\r\n\t\tindex2 = data.index[&#39;]&#39;]\r\n\t\ttemplate.close()\r\n\t\treturn data[index1:index2]\r\n\t\t\r\n\tdef writeMainTemplate(template, name):\r\n\t\tfile = open(name, &#39;w&#39;)\r\n\t\tfile.write(template)\r\n\t\tfile.close()\r\n\t\t\r\n\t#runMainTemplate(&#39;main.template&#39;)\r\n\tdef runMainTemplate(template):\r\n\t\tcode = readMainTemplate(template)\r\n\t\twriteMainTemplate(code, &#39;main.cpp&#39;)\r\n\r\n\r\nThey basically suppose to read from file some kind of template(something like this)\r\n\r\n\t--template &quot;main&quot;\r\n\t[\r\n\t\t\t#include &lt;iostream&gt;\r\n\t\t\t\r\n\t\t\tusing namespace std;\r\n\t\t\t\r\n\t\t\tint main()\r\n\t\t\t{\r\n\t\t\t\treturn 0;\r\n\t\t\t}\r\n\t]\r\n\r\nand then write it to file(basically generating `main.cpp` template)\r\n\r\nI run it from command line using this command\r\n\r\n    python -c &quot;from genmain import runMainTemplate; runMainTemplate(&#39;main.template&#39;)&quot;\r\n\r\nbut I&#39;ve got this error\r\n\r\n\tTraceback (most recent call last):\r\n\t  File &quot;&lt;string&gt;&quot;, line 1, in &lt;module&gt;\r\n\t  File &quot;genmain.py&quot;, line 18, in runMainTemplate\r\n\t\tcode = readMainTemplate(template)\r\n\t  File &quot;genmain.py&quot;, line 6, in readMainTemplate\r\n\t\tindex1 = data.index[&#39;[&#39;] #originally I passed it into data[]\r\n\tTypeError: &#39;builtin_function_or_method&#39; object has no attribute &#39;__getitem__&#39;\r\n\r\nI thought that `data = template.read()` supposed to return `string` and string should allow to perform operation slicing `[:]`. \r\n\r\n**But why there is an error?**\r\n\r\n*Also a question*: **where I should put `python` scripts in order to run it anywhere in filesystem?(I want to generate file anywhere in the filesystem in the current folder by providing path to the template)**",
            "link": "https://stackoverflow.com/questions/27702727/typeerror-builtin-function-or-method-object-has-no-attribute-getitem",
            "title": "TypeError: &#39;builtin_function_or_method&#39; object has no attribute &#39;__getitem__&#39;",
            "body": "<p>I've got simple <code>python</code> functions.</p>\n\n<pre><code>def readMainTemplate(templateFile):\n    template = open(templateFile, 'r')\n    data = template.read()\n    index1 = data.index['['] #originally I passed it into data[]\n    index2 = data.index[']']\n    template.close()\n    return data[index1:index2]\n\ndef writeMainTemplate(template, name):\n    file = open(name, 'w')\n    file.write(template)\n    file.close()\n\n#runMainTemplate('main.template')\ndef runMainTemplate(template):\n    code = readMainTemplate(template)\n    writeMainTemplate(code, 'main.cpp')\n</code></pre>\n\n<p>They basically suppose to read from file some kind of template(something like this)</p>\n\n<pre><code>--template \"main\"\n[\n        #include &lt;iostream&gt;\n\n        using namespace std;\n\n        int main()\n        {\n            return 0;\n        }\n]\n</code></pre>\n\n<p>and then write it to file(basically generating <code>main.cpp</code> template)</p>\n\n<p>I run it from command line using this command</p>\n\n<pre><code>python -c \"from genmain import runMainTemplate; runMainTemplate('main.template')\"\n</code></pre>\n\n<p>but I've got this error</p>\n\n<pre><code>Traceback (most recent call last):\n  File \"&lt;string&gt;\", line 1, in &lt;module&gt;\n  File \"genmain.py\", line 18, in runMainTemplate\n    code = readMainTemplate(template)\n  File \"genmain.py\", line 6, in readMainTemplate\n    index1 = data.index['['] #originally I passed it into data[]\nTypeError: 'builtin_function_or_method' object has no attribute '__getitem__'\n</code></pre>\n\n<p>I thought that <code>data = template.read()</code> supposed to return <code>string</code> and string should allow to perform operation slicing <code>[:]</code>. </p>\n\n<p><strong>But why there is an error?</strong></p>\n\n<p><em>Also a question</em>: <strong>where I should put <code>python</code> scripts in order to run it anywhere in filesystem?(I want to generate file anywhere in the filesystem in the current folder by providing path to the template)</strong></p>\n"
        },
        {
            "tags": [
                "assembly",
                "x86",
                "nested-loops"
            ],
            "owner": {
                "reputation": 3,
                "user_id": 9532465,
                "user_type": "registered",
                "profile_image": "https://lh3.googleusercontent.com/-XdUIqdMkCWA/AAAAAAAAAAI/AAAAAAAAAAA/4252rscbv5M/photo.jpg?sz=128",
                "display_name": "Ryan",
                "link": "https://stackoverflow.com/users/9532465/ryan"
            },
            "is_answered": false,
            "view_count": 25,
            "answer_count": 0,
            "score": -2,
            "last_activity_date": 1524167172,
            "creation_date": 1524167172,
            "question_id": 49929096,
            "body_markdown": "I&#39;m having a tough time understanding nested loops in assembly.    \r\n\r\n\r\n    int main() {\r\n  \r\n    int count=0;\r\n  \r\n    for(int day=0; day&lt;7; day++)\r\n     for(int hour=0; hour&lt;24; hour++)\r\n      for(int min=0; min&lt;60; min++)\r\n        for(int sec=0; sec&lt;60; sec++)\r\n        \r\n        {\r\n          cout&lt;&lt;day&lt;&lt;&quot;:&quot;&lt;&lt;hour&lt;&lt;&quot;:&quot;&lt;&lt;min&lt;&lt;&quot;:&quot;&lt;&lt;sec&lt;&lt;endl;\r\n          count++;\r\n        }\r\n      cout &lt;&lt;&quot;count: &quot;&lt;&lt; count&lt;&lt;endl&lt;&lt;endl;\r\n      \r\n      return 0;\r\n}\r\n\r\nI want this expression in assembly language. Thanks!\r\n\r\n",
            "link": "https://stackoverflow.com/questions/49929096/nested-loops-in-assembly",
            "title": "Nested loops in assembly",
            "body": "<p>I'm having a tough time understanding nested loops in assembly.    </p>\n\n<pre><code>int main() {\n\nint count=0;\n\nfor(int day=0; day&lt;7; day++)\n for(int hour=0; hour&lt;24; hour++)\n  for(int min=0; min&lt;60; min++)\n    for(int sec=0; sec&lt;60; sec++)\n\n    {\n      cout&lt;&lt;day&lt;&lt;\":\"&lt;&lt;hour&lt;&lt;\":\"&lt;&lt;min&lt;&lt;\":\"&lt;&lt;sec&lt;&lt;endl;\n      count++;\n    }\n  cout &lt;&lt;\"count: \"&lt;&lt; count&lt;&lt;endl&lt;&lt;endl;\n\n  return 0;\n</code></pre>\n\n<p>}</p>\n\n<p>I want this expression in assembly language. Thanks!</p>\n"
        },
        {
            "tags": [
                "java",
                "android",
                "unit-testing",
                "mocking",
                "dagger-2"
            ],
            "owner": {
                "reputation": 1029,
                "user_id": 3214565,
                "user_type": "registered",
                "accept_rate": 71,
                "profile_image": "https://i.stack.imgur.com/S4f12.jpg?s=128&g=1",
                "display_name": "Andritchi Alexei",
                "link": "https://stackoverflow.com/users/3214565/andritchi-alexei"
            },
            "is_answered": true,
            "view_count": 25,
            "answer_count": 1,
            "score": 1,
            "last_activity_date": 1524167169,
            "creation_date": 1524069215,
            "last_edit_date": 1524069814,
            "question_id": 49904769,
            "body_markdown": "I&#39;m trying to unit test a simple repository but it gives me a `NullPointerException`. The repository contains one method which depends on a webService. The webService is working fine (I successfully tested). I&#39;m using Retrofit for webService and Dagger for dependency injection. Below is my code:\r\n\r\n**webService**:\r\n\r\n    public interface UserWebService {\r\n        @GET(USER_ENDPOINT)\r\n        Call&lt;UserResponse&gt; getUser();\r\n    }\r\n\r\n**Repository**:\r\n\r\n    public class UserRepository {\r\n        @Inject\r\n        UserWebService mUserWebService;\r\n\r\n        public void getUserEmail() throws IOException {       \r\n          mUserWebService.getUser().execute().body().getUser().getEmail();\r\n        }\r\n    }\r\n\r\n**Unit Test**:\r\n\r\n    public class UserRepositoryTest {\r\n        @Mock\r\n        private UserWebService mUserWebService;\r\n    \r\n        @Test\r\n        public void getUserEmail() throws IOException {\r\n            when(mUserWebService.getUser().execute().body().getUser().getEmail())\r\n                    .thenReturn(&quot;some@email.com&quot;);\r\n    \r\n        }\r\n    }\r\n\r\n P.S. The `NullPointerException` is thrown because of `mUserWebService` which is understandable but how can I test this unit anyway?",
            "link": "https://stackoverflow.com/questions/49904769/how-to-unit-test-a-simple-repository-that-contains-a-dagger-injection",
            "title": "How to unit test a simple repository that contains a dagger injection?",
            "body": "<p>I'm trying to unit test a simple repository but it gives me a <code>NullPointerException</code>. The repository contains one method which depends on a webService. The webService is working fine (I successfully tested). I'm using Retrofit for webService and Dagger for dependency injection. Below is my code:</p>\n\n<p><strong>webService</strong>:</p>\n\n<pre><code>public interface UserWebService {\n    @GET(USER_ENDPOINT)\n    Call&lt;UserResponse&gt; getUser();\n}\n</code></pre>\n\n<p><strong>Repository</strong>:</p>\n\n<pre><code>public class UserRepository {\n    @Inject\n    UserWebService mUserWebService;\n\n    public void getUserEmail() throws IOException {       \n      mUserWebService.getUser().execute().body().getUser().getEmail();\n    }\n}\n</code></pre>\n\n<p><strong>Unit Test</strong>:</p>\n\n<pre><code>public class UserRepositoryTest {\n    @Mock\n    private UserWebService mUserWebService;\n\n    @Test\n    public void getUserEmail() throws IOException {\n        when(mUserWebService.getUser().execute().body().getUser().getEmail())\n                .thenReturn(\"some@email.com\");\n\n    }\n}\n</code></pre>\n\n<p>P.S. The <code>NullPointerException</code> is thrown because of <code>mUserWebService</code> which is understandable but how can I test this unit anyway?</p>\n"
        },
        {
            "tags": [
                "php",
                "openssl",
                "aes",
                "cmac"
            ],
            "owner": {
                "reputation": 28,
                "user_id": 8048001,
                "user_type": "registered",
                "accept_rate": 60,
                "profile_image": "https://www.gravatar.com/avatar/2d570ec7294e4c47ca050c440a1c46db?s=128&d=identicon&r=PG&f=1",
                "display_name": "杨苏杭",
                "link": "https://stackoverflow.com/users/8048001/%e6%9d%a8%e8%8b%8f%e6%9d%ad"
            },
            "is_answered": false,
            "view_count": 15,
            "answer_count": 0,
            "score": -1,
            "last_activity_date": 1524167158,
            "creation_date": 1524037591,
            "last_edit_date": 1524167158,
            "question_id": 49894008,
            "body_markdown": "My project is a tcp server, receive binary data. For data secure we decide use aes128 mode cmac. But I found openssl didn&#39;t has mode cmac.\r\n\r\nI knew cmac was base on cbc.right? \r\n\r\nMy question:\r\n\r\nThe function openssl_encrypt($data,$method,$password).the $data must be a binary data ? My server receive data use unpack(&#39;H*&#39;,$buffer) to trans to hex string.\r\n\r\nHow to use openssl to achieve mode cmac?",
            "link": "https://stackoverflow.com/questions/49894008/how-to-use-aes128-cmac-with-php-7-1",
            "title": "How to use aes128_cmac with PHP 7.1?",
            "body": "<p>My project is a tcp server, receive binary data. For data secure we decide use aes128 mode cmac. But I found openssl didn't has mode cmac.</p>\n\n<p>I knew cmac was base on cbc.right? </p>\n\n<p>My question:</p>\n\n<p>The function openssl_encrypt($data,$method,$password).the $data must be a binary data ? My server receive data use unpack('H*',$buffer) to trans to hex string.</p>\n\n<p>How to use openssl to achieve mode cmac?</p>\n"
        },
        {
            "tags": [
                "java",
                "android",
                "orm",
                "greendao"
            ],
            "owner": {
                "reputation": 1138,
                "user_id": 1066579,
                "user_type": "registered",
                "accept_rate": 71,
                "profile_image": "https://i.stack.imgur.com/RfZIk.jpg?s=128&g=1",
                "display_name": "NrNazifi",
                "link": "https://stackoverflow.com/users/1066579/nrnazifi"
            },
            "is_answered": true,
            "view_count": 2890,
            "answer_count": 3,
            "score": 4,
            "last_activity_date": 1524167157,
            "creation_date": 1342953776,
            "question_id": 11599589,
            "body_markdown": "I use ORM GreenDAO for DAL layer of my Android app. I&#39;ve a problem in one to one relation between two tables. for example:\r\n\r\n    Entity page = schema.addEntity(&quot;Page&quot;);\r\n    Entity bookmark = schema.addEntity(&quot;Bookmark&quot;);\r\n    \r\n    Property pageIdProperty = bookmark.addLongProperty(&quot;pageId&quot;).getProperty();\r\n    \r\n    bookmark.addToOne(page, pageIdProperty); // any bookmark related to a page\r\n    page.addToOne(bookmark, pageIdProperty); // any page can has a bookmark\r\n\r\nIs this relation mistake?\r\n \r\nWhen I define it, I can&#39;t call `page.getBookmark()` in the **Page Class**\r\n\r\nIf this is true, Does any way I can make it bidirectional for one to one relationship?",
            "link": "https://stackoverflow.com/questions/11599589/how-to-make-a-bidirectional-one-to-one-relation-by-greendao",
            "title": "How to make a bidirectional one-to-one relation by GreenDAO?",
            "body": "<p>I use ORM GreenDAO for DAL layer of my Android app. I've a problem in one to one relation between two tables. for example:</p>\n\n<pre><code>Entity page = schema.addEntity(\"Page\");\nEntity bookmark = schema.addEntity(\"Bookmark\");\n\nProperty pageIdProperty = bookmark.addLongProperty(\"pageId\").getProperty();\n\nbookmark.addToOne(page, pageIdProperty); // any bookmark related to a page\npage.addToOne(bookmark, pageIdProperty); // any page can has a bookmark\n</code></pre>\n\n<p>Is this relation mistake?</p>\n\n<p>When I define it, I can't call <code>page.getBookmark()</code> in the <strong>Page Class</strong></p>\n\n<p>If this is true, Does any way I can make it bidirectional for one to one relationship?</p>\n"
        },
        {
            "tags": [
                "c#",
                "asp.net-web-api",
                "swagger",
                "swashbuckle"
            ],
            "owner": {
                "reputation": 3695,
                "user_id": 385024,
                "user_type": "registered",
                "accept_rate": 84,
                "profile_image": "https://www.gravatar.com/avatar/8b0d01fdd39f2ffa4792e82a0728c18e?s=128&d=identicon&r=PG",
                "display_name": "mutex",
                "link": "https://stackoverflow.com/users/385024/mutex"
            },
            "is_answered": true,
            "view_count": 4608,
            "accepted_answer_id": 41006116,
            "answer_count": 6,
            "score": 6,
            "last_activity_date": 1524167154,
            "creation_date": 1481061636,
            "question_id": 41005730,
            "body_markdown": "I&#39;m using Swashbuckle to generate swagger documentation\\UI for a webapi2 project.  Our models are shared with some legacy interfaces so there are a couple of properties I want to ignore on the models.  I can&#39;t use JsonIgnore attribute because the legacy interfaces also need to serialize to JSON so I don&#39;t want to ignore the properties globally, just in the Swashbuckle configuration.\r\n\r\nI found a method of doing this documented here:\r\n\r\nhttps://github.com/domaindrivendev/Swashbuckle/issues/73\r\n\r\nBut this appears to be out of date with the current Swashbuckle release. \r\n\r\nThe method recommended for the old version of Swashbuckle is using an IModelFilter implementation as follows:\r\n\r\n\r\n    public class OmitIgnoredProperties : IModelFilter\r\n    {\r\n        public void Apply(DataType model, DataTypeRegistry dataTypeRegistry, Type type)\r\n        {\r\n            var ignoredProperties = // use reflection to find any properties on type decorated with the ignore attributes\r\n            foreach (var prop in ignoredProperties)\r\n            {\r\n                model.Properties.Remove(prop.Name);\r\n            }\r\n        }\r\n    }\r\n    \r\n    SwaggerSpecConfig.Customize(c =&gt; c.ModelFilter&lt;OmitIgnoredProperties&gt;());\r\n\r\nBut I&#39;m unsure how to configure Swashbuckle to use the IModelFilter in the current version?  I&#39;m using Swashbuckle 5.5.3. \r\n",
            "link": "https://stackoverflow.com/questions/41005730/how-to-configure-swashbuckle-to-ignore-property-on-model",
            "title": "How to configure Swashbuckle to ignore property on model",
            "body": "<p>I'm using Swashbuckle to generate swagger documentation\\UI for a webapi2 project.  Our models are shared with some legacy interfaces so there are a couple of properties I want to ignore on the models.  I can't use JsonIgnore attribute because the legacy interfaces also need to serialize to JSON so I don't want to ignore the properties globally, just in the Swashbuckle configuration.</p>\n\n<p>I found a method of doing this documented here:</p>\n\n<p><a href=\"https://github.com/domaindrivendev/Swashbuckle/issues/73\" rel=\"noreferrer\">https://github.com/domaindrivendev/Swashbuckle/issues/73</a></p>\n\n<p>But this appears to be out of date with the current Swashbuckle release. </p>\n\n<p>The method recommended for the old version of Swashbuckle is using an IModelFilter implementation as follows:</p>\n\n<pre><code>public class OmitIgnoredProperties : IModelFilter\n{\n    public void Apply(DataType model, DataTypeRegistry dataTypeRegistry, Type type)\n    {\n        var ignoredProperties = // use reflection to find any properties on type decorated with the ignore attributes\n        foreach (var prop in ignoredProperties)\n        {\n            model.Properties.Remove(prop.Name);\n        }\n    }\n}\n\nSwaggerSpecConfig.Customize(c =&gt; c.ModelFilter&lt;OmitIgnoredProperties&gt;());\n</code></pre>\n\n<p>But I'm unsure how to configure Swashbuckle to use the IModelFilter in the current version?  I'm using Swashbuckle 5.5.3. </p>\n"
        },
        {
            "tags": [
                "json",
                "ajax",
                "api",
                "auto",
                "api-key"
            ],
            "owner": {
                "reputation": 7,
                "user_id": 8190515,
                "user_type": "registered",
                "accept_rate": 75,
                "profile_image": "https://lh5.googleusercontent.com/-bW8hqwAwTmk/AAAAAAAAAAI/AAAAAAAAAK8/ISRJZV_CSuQ/photo.jpg?sz=128",
                "display_name": "adnan hajar",
                "link": "https://stackoverflow.com/users/8190515/adnan-hajar"
            },
            "is_answered": false,
            "view_count": 6,
            "answer_count": 0,
            "score": 0,
            "last_activity_date": 1524167137,
            "creation_date": 1524167137,
            "question_id": 49929083,
            "body_markdown": "As of February Edmunds stopped offering it&#39;s API&#39;s for the public.\r\n\r\nHence, I&#39;ve been trying to find an alternative for there [GET MAINTENANCE SCHEDULE BY CAR MODEL YEAR ID][1] API with no luck. Link [here][1]\r\n\r\nI&#39;m hopping to see if anyone in the community knows of any service or hack that can return to me the maintenance schedule of a car.\r\n\r\n  [1]: http://edmundsapi-preprod.github.io/api-documentation/vehicle/service_maintenance/v1/02_actionrepository/findbymodelyearid/api-request",
            "link": "https://stackoverflow.com/questions/49929083/edmunds-service-api-alternative",
            "title": "Edmunds Service api alternative",
            "body": "<p>As of February Edmunds stopped offering it's API's for the public.</p>\n\n<p>Hence, I've been trying to find an alternative for there <a href=\"http://edmundsapi-preprod.github.io/api-documentation/vehicle/service_maintenance/v1/02_actionrepository/findbymodelyearid/api-request\" rel=\"nofollow noreferrer\">GET MAINTENANCE SCHEDULE BY CAR MODEL YEAR ID</a> API with no luck. Link <a href=\"http://edmundsapi-preprod.github.io/api-documentation/vehicle/service_maintenance/v1/02_actionrepository/findbymodelyearid/api-request\" rel=\"nofollow noreferrer\">here</a></p>\n\n<p>I'm hopping to see if anyone in the community knows of any service or hack that can return to me the maintenance schedule of a car.</p>\n"
        },
        {
            "tags": [
                "python",
                "python-3.x",
                "msgpack",
                "tarantool"
            ],
            "owner": {
                "reputation": 26,
                "user_id": 6415687,
                "user_type": "registered",
                "accept_rate": 60,
                "profile_image": "https://i.stack.imgur.com/hO9LX.jpg?s=128&g=1",
                "display_name": "UGeorge",
                "link": "https://stackoverflow.com/users/6415687/ugeorge"
            },
            "is_answered": false,
            "view_count": 6,
            "answer_count": 0,
            "score": 0,
            "last_activity_date": 1524167136,
            "creation_date": 1524167136,
            "question_id": 49929082,
            "body_markdown": "i&#39;m having troubles with storing data in tarantool. In documentation stated that tarantool uses msgpack Data Types(https://tarantool.io/doc/1.7/book/box/data_model.html#data-types) . Msgpack has NULL, however python does not have NULL, also it seems like msgpack-python doesn&#39;t have it also. So how do i pass a NULL in that case? Also if in schema specified string type and i will try to pass NULL, there will be error? Thanks for the help and ideas beforehand!",
            "link": "https://stackoverflow.com/questions/49929082/insert-null-values-in-tarantool-using-python",
            "title": "insert NULL values in tarantool using python",
            "body": "<p>i'm having troubles with storing data in tarantool. In documentation stated that tarantool uses msgpack Data Types(<a href=\"https://tarantool.io/doc/1.7/book/box/data_model.html#data-types\" rel=\"nofollow noreferrer\">https://tarantool.io/doc/1.7/book/box/data_model.html#data-types</a>) . Msgpack has NULL, however python does not have NULL, also it seems like msgpack-python doesn't have it also. So how do i pass a NULL in that case? Also if in schema specified string type and i will try to pass NULL, there will be error? Thanks for the help and ideas beforehand!</p>\n"
        },
        {
            "tags": [
                "odoo-9"
            ],
            "owner": {
                "reputation": 43,
                "user_id": 3728652,
                "user_type": "registered",
                "profile_image": "https://i.stack.imgur.com/a46LH.jpg?s=128&g=1",
                "display_name": "Smbugua",
                "link": "https://stackoverflow.com/users/3728652/smbugua"
            },
            "is_answered": false,
            "view_count": 8,
            "answer_count": 0,
            "score": 0,
            "last_activity_date": 1524167130,
            "creation_date": 1524167130,
            "question_id": 49929079,
            "body_markdown": "[![Odoo error][1]][1]\r\n\r\nI get the below error when i try to reconcile my bank in Odoo 9.\r\nwhen i click the bank button it does not reconcile\r\n \r\n\r\n     [1]: https://i.stack.imgur.com/PgLmT.png\r\n    Gwtting an error when i try to renconsile odoo bank.\r\n        Odoo Server Error\r\n    Traceback (most recent call last):\r\n      File &quot;/odoo/odoo-server/openerp/http.py&quot;, line 650, in _handle_exception\r\n        return super(JsonRequest, self)._handle_exception(exception)\r\n      File &quot;/odoo/odoo-server/openerp/http.py&quot;, line 687, in dispatch\r\n        result = self._call_function(**self.params)\r\n      File &quot;/odoo/odoo-server/openerp/http.py&quot;, line 323, in _call_function\r\n        return checked_call(self.db, *args, **kwargs)\r\n      File &quot;/odoo/odoo-server/openerp/service/model.py&quot;, line 118, in wrapper\r\n        return f(dbname, *args, **kwargs)\r\n      File &quot;/odoo/odoo-server/openerp/http.py&quot;, line 316, in checked_call\r\n        result = self.endpoint(*a, **kw)\r\n      File &quot;/odoo/odoo-server/openerp/http.py&quot;, line 966, in __call__\r\n        return self.method(*args, **kw)\r\n      File &quot;/odoo/odoo-server/openerp/http.py&quot;, line 516, in response_wrap\r\n        response = f(*args, **kw)\r\n      File &quot;/odoo/odoo-server/addons/web/controllers/main.py&quot;, line 895, in call_kw\r\n        return self._call_kw(model, method, args, kwargs)\r\n      File &quot;/odoo/odoo-server/addons/web/controllers/main.py&quot;, line 887, in _call_kw\r\n        return getattr(request.registry.get(model), method)(request.cr, request.uid, *args, **kwargs)\r\n      File &quot;/odoo/odoo-server/openerp/api.py&quot;, line 250, in wrapper\r\n        return old_api(self, *args, **kwargs)\r\n      File &quot;/odoo/odoo-server/openerp/addons/base/res/res_currency.py&quot;, line 252, in get_format_currencies_js_function\r\n        function = &quot;if (arguments[1] === false || arguments[1] === undefined) {&quot; + \r\n             company_currency_format + &quot; }&quot; + function\r\n                UnboundLocalError: local variable &#39;company_currency_format&#39; referenced before c \r\n              assignment",
            "link": "https://stackoverflow.com/questions/49929079/renconsile-error-on-odoo-server",
            "title": "Renconsile error on Odoo server",
            "body": "<p>[![Odoo error][1]][1]</p>\n\n<p>I get the below error when i try to reconcile my bank in Odoo 9.\nwhen i click the bank button it does not reconcile</p>\n\n<pre><code> [1]: https://i.stack.imgur.com/PgLmT.png\nGwtting an error when i try to renconsile odoo bank.\n    Odoo Server Error\nTraceback (most recent call last):\n  File \"/odoo/odoo-server/openerp/http.py\", line 650, in _handle_exception\n    return super(JsonRequest, self)._handle_exception(exception)\n  File \"/odoo/odoo-server/openerp/http.py\", line 687, in dispatch\n    result = self._call_function(**self.params)\n  File \"/odoo/odoo-server/openerp/http.py\", line 323, in _call_function\n    return checked_call(self.db, *args, **kwargs)\n  File \"/odoo/odoo-server/openerp/service/model.py\", line 118, in wrapper\n    return f(dbname, *args, **kwargs)\n  File \"/odoo/odoo-server/openerp/http.py\", line 316, in checked_call\n    result = self.endpoint(*a, **kw)\n  File \"/odoo/odoo-server/openerp/http.py\", line 966, in __call__\n    return self.method(*args, **kw)\n  File \"/odoo/odoo-server/openerp/http.py\", line 516, in response_wrap\n    response = f(*args, **kw)\n  File \"/odoo/odoo-server/addons/web/controllers/main.py\", line 895, in call_kw\n    return self._call_kw(model, method, args, kwargs)\n  File \"/odoo/odoo-server/addons/web/controllers/main.py\", line 887, in _call_kw\n    return getattr(request.registry.get(model), method)(request.cr, request.uid, *args, **kwargs)\n  File \"/odoo/odoo-server/openerp/api.py\", line 250, in wrapper\n    return old_api(self, *args, **kwargs)\n  File \"/odoo/odoo-server/openerp/addons/base/res/res_currency.py\", line 252, in get_format_currencies_js_function\n    function = \"if (arguments[1] === false || arguments[1] === undefined) {\" + \n         company_currency_format + \" }\" + function\n            UnboundLocalError: local variable 'company_currency_format' referenced before c \n          assignment\n</code></pre>\n"
        },
        {
            "tags": [
                "java",
                "spring-boot",
                "swagger"
            ],
            "owner": {
                "reputation": 24,
                "user_id": 9608620,
                "user_type": "registered",
                "profile_image": "https://lh3.googleusercontent.com/-XdUIqdMkCWA/AAAAAAAAAAI/AAAAAAAAAAA/4252rscbv5M/photo.jpg?sz=128",
                "display_name": "Erent",
                "link": "https://stackoverflow.com/users/9608620/erent"
            },
            "is_answered": false,
            "view_count": 13,
            "answer_count": 0,
            "score": 0,
            "last_activity_date": 1524167128,
            "creation_date": 1524167128,
            "question_id": 49929078,
            "body_markdown": "I am still new to springboot and java development and i just tried deploying my api to a server&#39;s virtual machine. My API is a springboot rest API and i started it using :\r\n\r\n`nohup java -Dspring.profiles.active=prod -jar nameOfYourJar.jar &amp;`\r\n\r\nWhen i test if the API is running using `lsof -i :portNumber` i can see that its running on the server with a specific PID. However when i try to check swagger which is part of the API on the port which my API is running, nothing shows i get the erro : This site cannot be reached error.\r\n\r\nIs there any other way to view my endpoints . I tried ipAddress:port/swagger-ui.html and its not working",
            "link": "https://stackoverflow.com/questions/49929078/unable-to-find-api-endpoints-after-running-jar-file-on-linux-server-centos-6-9",
            "title": "Unable to find API endpoints after running jar file on linux server centos 6.9",
            "body": "<p>I am still new to springboot and java development and i just tried deploying my api to a server's virtual machine. My API is a springboot rest API and i started it using :</p>\n\n<p><code>nohup java -Dspring.profiles.active=prod -jar nameOfYourJar.jar &amp;</code></p>\n\n<p>When i test if the API is running using <code>lsof -i :portNumber</code> i can see that its running on the server with a specific PID. However when i try to check swagger which is part of the API on the port which my API is running, nothing shows i get the erro : This site cannot be reached error.</p>\n\n<p>Is there any other way to view my endpoints . I tried ipAddress:port/swagger-ui.html and its not working</p>\n"
        },
        {
            "tags": [
                "android"
            ],
            "owner": {
                "reputation": 1,
                "user_id": 9468064,
                "user_type": "registered",
                "profile_image": "https://www.gravatar.com/avatar/d1d6115f56104c3ab3bcc2c668de1fdc?s=128&d=identicon&r=PG&f=1",
                "display_name": "Ramesh",
                "link": "https://stackoverflow.com/users/9468064/ramesh"
            },
            "is_answered": false,
            "view_count": 30,
            "answer_count": 1,
            "score": -1,
            "last_activity_date": 1524167113,
            "creation_date": 1524030088,
            "last_edit_date": 1524167113,
            "question_id": 49891982,
            "body_markdown": "I am using RxJava 2 and retrofit library and wanted to execute more than 700 queries where each query is a retrofit API Call.\r\n\r\nHow can I achieve this in RXJava 2 using zip operator?",
            "link": "https://stackoverflow.com/questions/49891982/rxjava-2-observable-zip-and-retrofit",
            "title": "RxJava 2 Observable zip and Retrofit",
            "body": "<p>I am using RxJava 2 and retrofit library and wanted to execute more than 700 queries where each query is a retrofit API Call.</p>\n\n<p>How can I achieve this in RXJava 2 using zip operator?</p>\n"
        },
        {
            "tags": [
                "git",
                "intellij-idea",
                "version-control"
            ],
            "owner": {
                "reputation": 634,
                "user_id": 3689364,
                "user_type": "registered",
                "accept_rate": 80,
                "profile_image": "https://www.gravatar.com/avatar/85fd60a7c74c7224a11bbb0775dbc2be?s=128&d=identicon&r=PG",
                "display_name": "EliteRaceElephant",
                "link": "https://stackoverflow.com/users/3689364/eliteraceelephant"
            },
            "is_answered": true,
            "view_count": 21,
            "answer_count": 1,
            "score": 1,
            "last_activity_date": 1524167111,
            "creation_date": 1524166153,
            "last_edit_date": 1524167111,
            "question_id": 49928843,
            "body_markdown": "**Problem:** \r\n\r\nYou use the VCS system in Intellij and try to commit stuff. Commit fails and Intellij claims that index.lock exists. You check .git/index.lock in your repo directory and find out that it does indeed not exist.\r\n\r\n**Setup:** \r\n\r\n - Intellij Ultimate 2018.1\r\n - Java 8 project\r\n - Git 2.16.1\r\n - Windows 10\r\n\r\nI tried creating a an index.lock file manually and then deleting it with git bash and also with Windows cmd. Did not work. I checked that there were no other programs using git. I restarted my PC and made sure nothing used Git.\r\n\r\nI used Git Bash and committed manually without Intellij. Works perfectly fine. But after that the VCS commit in Intellij still claims that index.lock exists.\r\n\r\nSimilar questions that line out solutions that did not work: https://stackoverflow.com/questions/7860751/git-fatal-unable-to-create-path-my-project-git-index-lock-file-exists",
            "link": "https://stackoverflow.com/questions/49928843/intellij-claims-index-lock-exists-when-it-does-not",
            "title": "Intellij claims index.lock exists when it does not",
            "body": "<p><strong>Problem:</strong> </p>\n\n<p>You use the VCS system in Intellij and try to commit stuff. Commit fails and Intellij claims that index.lock exists. You check .git/index.lock in your repo directory and find out that it does indeed not exist.</p>\n\n<p><strong>Setup:</strong> </p>\n\n<ul>\n<li>Intellij Ultimate 2018.1</li>\n<li>Java 8 project</li>\n<li>Git 2.16.1</li>\n<li>Windows 10</li>\n</ul>\n\n<p>I tried creating a an index.lock file manually and then deleting it with git bash and also with Windows cmd. Did not work. I checked that there were no other programs using git. I restarted my PC and made sure nothing used Git.</p>\n\n<p>I used Git Bash and committed manually without Intellij. Works perfectly fine. But after that the VCS commit in Intellij still claims that index.lock exists.</p>\n\n<p>Similar questions that line out solutions that did not work: <a href=\"https://stackoverflow.com/questions/7860751/git-fatal-unable-to-create-path-my-project-git-index-lock-file-exists\">Git - fatal: Unable to create &#39;/path/my_project/.git/index.lock&#39;: File exists</a></p>\n"
        },
        {
            "tags": [
                "android",
                "kotlin",
                "slide",
                "fade",
                "android-transitions"
            ],
            "owner": {
                "reputation": 1618,
                "user_id": 3871859,
                "user_type": "registered",
                "accept_rate": 69,
                "profile_image": "https://i.stack.imgur.com/cOrTl.png?s=128&g=1",
                "display_name": "Artem",
                "link": "https://stackoverflow.com/users/3871859/artem"
            },
            "is_answered": false,
            "view_count": 19,
            "answer_count": 0,
            "score": 0,
            "last_activity_date": 1524167104,
            "creation_date": 1524167104,
            "question_id": 49929074,
            "body_markdown": "I work with `Android Transition API` and I got this &#39;bug&#39; - when I start my `TransitionSet` with only `Slide&#39;s` transitions all work fine, but if I add `Fade` transition for whole view my `Slide&#39;s` doesn&#39;t work and I see only `Fade` animation. \r\n\r\n**How to play Fade and Slide transition together?** And why my `Slide` not working with `Fade` transition?\r\n\r\nThis is my code:\r\n\r\n    val startTransition = TransitionSet()\r\n        startTransition.startDelay = 600L\r\n        startTransition.duration = 3000L\r\n\r\n        startTransition.addTransition(Slide(Gravity.START).addTarget(R.id.ivMenu))\r\n        val slide = Slide(Gravity.END)\r\n                .addTarget(R.id.ivSearch)\r\n                .addTarget(R.id.ivOptionMenu)\r\n        startTransition.addTransition(slide)\r\n\r\n        startTransition.addTransition(Fade()) // without this line slides work\r\n        startTransition.ordering = TransitionSet.ORDERING_TOGETHER // I set it!",
            "link": "https://stackoverflow.com/questions/49929074/how-to-play-fade-and-slide-transition-together-on-the-same-views",
            "title": "How to play Fade and Slide transition together on the same views?",
            "body": "<p>I work with <code>Android Transition API</code> and I got this 'bug' - when I start my <code>TransitionSet</code> with only <code>Slide's</code> transitions all work fine, but if I add <code>Fade</code> transition for whole view my <code>Slide's</code> doesn't work and I see only <code>Fade</code> animation. </p>\n\n<p><strong>How to play Fade and Slide transition together?</strong> And why my <code>Slide</code> not working with <code>Fade</code> transition?</p>\n\n<p>This is my code:</p>\n\n<pre><code>val startTransition = TransitionSet()\n    startTransition.startDelay = 600L\n    startTransition.duration = 3000L\n\n    startTransition.addTransition(Slide(Gravity.START).addTarget(R.id.ivMenu))\n    val slide = Slide(Gravity.END)\n            .addTarget(R.id.ivSearch)\n            .addTarget(R.id.ivOptionMenu)\n    startTransition.addTransition(slide)\n\n    startTransition.addTransition(Fade()) // without this line slides work\n    startTransition.ordering = TransitionSet.ORDERING_TOGETHER // I set it!\n</code></pre>\n"
        },
        {
            "tags": [
                "python",
                "pandas",
                "numpy",
                "tensorflow",
                "tensorflow-estimator"
            ],
            "owner": {
                "reputation": 3396,
                "user_id": 2182243,
                "user_type": "registered",
                "accept_rate": 67,
                "profile_image": "https://i.stack.imgur.com/REXWZ.jpg?s=128&g=1",
                "display_name": "Cybercop",
                "link": "https://stackoverflow.com/users/2182243/cybercop"
            },
            "is_answered": false,
            "view_count": 38,
            "answer_count": 1,
            "score": 2,
            "last_activity_date": 1524167101,
            "creation_date": 1522841346,
            "last_edit_date": 1524167101,
            "question_id": 49649836,
            "body_markdown": "I am trying to train a `DNNClassifier` in tensorflow \r\n\r\nHere is my code\r\n\r\n    train_input_fn = tf.estimator.inputs.pandas_input_fn(\r\n        x=X_train,\r\n        y=y_train,\r\n        batch_size=1000,\r\n        shuffle = True\r\n    )\r\n\r\n\r\n    nn_classifier = tf.estimator.DNNClassifier(hidden_units=[1300,1300,1300], feature_columns=X_train, n_classes=200)\r\n    nn_classifier.train(input_fn = train_input_fn,  steps=2000)\r\n\r\nHere is how `y_train` looks\r\n\r\n    [450 450 450 ... 327 327 327]\r\n\r\ntype : **numpy.ndarray**\r\n\r\nAnd here is how `X_train` looks\r\n\r\n    [[ 9.79285  11.659035  1.279528 ...  1.258979  1.063923 -2.45522 ]\r\n     [ 8.711333 13.92955   1.117603 ...  3.588921  1.231256 -3.180302]\r\n     [ 5.159803 14.059619  1.740708 ...  0.28172  -0.506701 -1.326669]\r\n     ...\r\n     [ 2.418473  0.542642 -3.658447 ...  4.631474  4.544892 -4.595605]\r\n     [ 6.51176   4.321688 -1.483697 ...  3.13299   5.476103 -2.833903]\r\n     [ 6.894113  5.986267 -1.178247 ...  2.305603  7.217919 -2.152574]]\r\n\r\ntype : **numpy.ndarray**\r\n\r\nError :\r\n\r\n    in pandas_input_fn(x, y, batch_size, num_epochs, shuffle, queue_capacity, num_threads, target_column)\r\n         85           &#39;Cannot use name %s for target column: DataFrame already has a &#39;\r\n         86           &#39;column with that name: %s&#39; % (target_column, x.columns))\r\n    ---&gt; 87     if not np.array_equal(x.index, y.index):\r\n         88       raise ValueError(&#39;Index for x and y are mismatched.\\nIndex for x: %s\\n&#39;\r\n         89                        &#39;Index for y: %s\\n&#39; % (x.index, y.index))\r\n\r\n\r\nUpdate 1: **Using numpy_input_fn**\r\n\r\n    train_input_fn= tf.estimator.inputs.numpy_input_fn(\r\n        x=X_train,\r\n        y=y_train,\r\n        batch_size=1000,\r\n        shuffle = True\r\n    )\r\n\r\nError:\r\n\r\n    INFO:tensorflow:Calling model_fn.\r\n    \r\n    ---------------------------------------------------------------------------\r\n    ValueError                                Traceback (most recent call last)\r\n    &lt;ipython-input-23-3b7c6b879e38&gt; in &lt;module&gt;()\r\n         10 start_time = time.time()\r\n         11 nn_classifier = tf.estimator.DNNClassifier(hidden_units=[1300,1300,1300], feature_columns=X_train, n_classes=200)\r\n    ---&gt; 12 nn_classifier.train(input_fn = train_input_fn,  steps=2000)\r\n         13 total_time = start_time - time.time()\r\n    \r\n    c:\\users\\appdata\\local\\programs\\python\\python36\\lib\\site-packages\\tensorflow\\python\\estimator\\estimator.py in train(self, input_fn, hooks, steps, max_steps, saving_listeners)\r\n        353 \r\n        354     saving_listeners = _check_listeners_type(saving_listeners)\r\n    --&gt; 355     loss = self._train_model(input_fn, hooks, saving_listeners)\r\n        356     logging.info(&#39;Loss for final step: %s.&#39;, loss)\r\n        357     return self\r\n    \r\n    c:\\users\\appdata\\local\\programs\\python\\python36\\lib\\site-packages\\tensorflow\\python\\estimator\\estimator.py in _train_model(self, input_fn, hooks, saving_listeners)\r\n        822       worker_hooks.extend(input_hooks)\r\n        823       estimator_spec = self._call_model_fn(\r\n    --&gt; 824           features, labels, model_fn_lib.ModeKeys.TRAIN, self.config)\r\n        825 \r\n        826       if self._warm_start_settings:\r\n    \r\n    c:\\users\\appdata\\local\\programs\\python\\python36\\lib\\site-packages\\tensorflow\\python\\estimator\\estimator.py in _call_model_fn(self, features, labels, mode, config)\r\n        803 \r\n        804     logging.info(&#39;Calling model_fn.&#39;)\r\n    --&gt; 805     model_fn_results = self._model_fn(features=features, **kwargs)\r\n        806     logging.info(&#39;Done calling model_fn.&#39;)\r\n        807 \r\n    \r\n    c:\\users\\appdata\\local\\programs\\python\\python36\\lib\\site-packages\\tensorflow\\python\\estimator\\canned\\dnn.py in _model_fn(features, labels, mode, config)\r\n        347           head=head,\r\n        348           hidden_units=hidden_units,\r\n    --&gt; 349           feature_columns=tuple(feature_columns or []),\r\n        350           optimizer=optimizer,\r\n        351           activation_fn=activation_fn,\r\n    \r\n    ValueError: The truth value of an array with more than one element is ambiguous. Use a.any() or a.all()\r\n\r\nAny clue what I am doing wrong?\r\n",
            "link": "https://stackoverflow.com/questions/49649836/tensorflow-dnnclassifier-error-wile-training-numpy-ndarray-has-no-attribute-in",
            "title": "Tensorflow DNNclassifier: error wile training (numpy.ndarray has no attribute index)",
            "body": "<p>I am trying to train a <code>DNNClassifier</code> in tensorflow </p>\n\n<p>Here is my code</p>\n\n<pre><code>train_input_fn = tf.estimator.inputs.pandas_input_fn(\n    x=X_train,\n    y=y_train,\n    batch_size=1000,\n    shuffle = True\n)\n\n\nnn_classifier = tf.estimator.DNNClassifier(hidden_units=[1300,1300,1300], feature_columns=X_train, n_classes=200)\nnn_classifier.train(input_fn = train_input_fn,  steps=2000)\n</code></pre>\n\n<p>Here is how <code>y_train</code> looks</p>\n\n<pre><code>[450 450 450 ... 327 327 327]\n</code></pre>\n\n<p>type : <strong>numpy.ndarray</strong></p>\n\n<p>And here is how <code>X_train</code> looks</p>\n\n<pre><code>[[ 9.79285  11.659035  1.279528 ...  1.258979  1.063923 -2.45522 ]\n [ 8.711333 13.92955   1.117603 ...  3.588921  1.231256 -3.180302]\n [ 5.159803 14.059619  1.740708 ...  0.28172  -0.506701 -1.326669]\n ...\n [ 2.418473  0.542642 -3.658447 ...  4.631474  4.544892 -4.595605]\n [ 6.51176   4.321688 -1.483697 ...  3.13299   5.476103 -2.833903]\n [ 6.894113  5.986267 -1.178247 ...  2.305603  7.217919 -2.152574]]\n</code></pre>\n\n<p>type : <strong>numpy.ndarray</strong></p>\n\n<p>Error :</p>\n\n<pre><code>in pandas_input_fn(x, y, batch_size, num_epochs, shuffle, queue_capacity, num_threads, target_column)\n     85           'Cannot use name %s for target column: DataFrame already has a '\n     86           'column with that name: %s' % (target_column, x.columns))\n---&gt; 87     if not np.array_equal(x.index, y.index):\n     88       raise ValueError('Index for x and y are mismatched.\\nIndex for x: %s\\n'\n     89                        'Index for y: %s\\n' % (x.index, y.index))\n</code></pre>\n\n<p>Update 1: <strong>Using numpy_input_fn</strong></p>\n\n<pre><code>train_input_fn= tf.estimator.inputs.numpy_input_fn(\n    x=X_train,\n    y=y_train,\n    batch_size=1000,\n    shuffle = True\n)\n</code></pre>\n\n<p>Error:</p>\n\n<pre><code>INFO:tensorflow:Calling model_fn.\n\n---------------------------------------------------------------------------\nValueError                                Traceback (most recent call last)\n&lt;ipython-input-23-3b7c6b879e38&gt; in &lt;module&gt;()\n     10 start_time = time.time()\n     11 nn_classifier = tf.estimator.DNNClassifier(hidden_units=[1300,1300,1300], feature_columns=X_train, n_classes=200)\n---&gt; 12 nn_classifier.train(input_fn = train_input_fn,  steps=2000)\n     13 total_time = start_time - time.time()\n\nc:\\users\\appdata\\local\\programs\\python\\python36\\lib\\site-packages\\tensorflow\\python\\estimator\\estimator.py in train(self, input_fn, hooks, steps, max_steps, saving_listeners)\n    353 \n    354     saving_listeners = _check_listeners_type(saving_listeners)\n--&gt; 355     loss = self._train_model(input_fn, hooks, saving_listeners)\n    356     logging.info('Loss for final step: %s.', loss)\n    357     return self\n\nc:\\users\\appdata\\local\\programs\\python\\python36\\lib\\site-packages\\tensorflow\\python\\estimator\\estimator.py in _train_model(self, input_fn, hooks, saving_listeners)\n    822       worker_hooks.extend(input_hooks)\n    823       estimator_spec = self._call_model_fn(\n--&gt; 824           features, labels, model_fn_lib.ModeKeys.TRAIN, self.config)\n    825 \n    826       if self._warm_start_settings:\n\nc:\\users\\appdata\\local\\programs\\python\\python36\\lib\\site-packages\\tensorflow\\python\\estimator\\estimator.py in _call_model_fn(self, features, labels, mode, config)\n    803 \n    804     logging.info('Calling model_fn.')\n--&gt; 805     model_fn_results = self._model_fn(features=features, **kwargs)\n    806     logging.info('Done calling model_fn.')\n    807 \n\nc:\\users\\appdata\\local\\programs\\python\\python36\\lib\\site-packages\\tensorflow\\python\\estimator\\canned\\dnn.py in _model_fn(features, labels, mode, config)\n    347           head=head,\n    348           hidden_units=hidden_units,\n--&gt; 349           feature_columns=tuple(feature_columns or []),\n    350           optimizer=optimizer,\n    351           activation_fn=activation_fn,\n\nValueError: The truth value of an array with more than one element is ambiguous. Use a.any() or a.all()\n</code></pre>\n\n<p>Any clue what I am doing wrong?</p>\n"
        },
        {
            "tags": [
                "java",
                "spring",
                "jpa"
            ],
            "owner": {
                "reputation": 3001,
                "user_id": 149374,
                "user_type": "registered",
                "accept_rate": 72,
                "profile_image": "https://www.gravatar.com/avatar/98ddd394f5a6530956dcf33ed72476cb?s=128&d=identicon&r=PG",
                "display_name": "NA.",
                "link": "https://stackoverflow.com/users/149374/na"
            },
            "is_answered": true,
            "view_count": 32782,
            "accepted_answer_id": 814495,
            "answer_count": 4,
            "score": 14,
            "last_activity_date": 1524167092,
            "creation_date": 1241255391,
            "question_id": 814474,
            "body_markdown": "I&#39;m using Spring with Hibernate as a JPA provider and are trying to get a @OneToMany (a contact having many phonenumbers) to save the foreign key in the phone numbers table. From my form i get a Contact object that have a list of Phone(numbers) in it. The Contact get persisted properly (Hibernate fetches an PK from the specified sequence). The list of Phone(numbers) also gets persisted with a correct PK, but there&#39;s no FK to the Contacts table. \r\n\r\n    public class Contact implements Serializable {\r\n    @OneToMany(mappedBy = &quot;contactId&quot;, cascade = CascadeType.ALL, fetch=FetchType.EAGER)\r\n    private List&lt;Phone&gt; phoneList;\r\n    }\r\n\r\n    public class Phone implements Serializable {\r\n    @JoinColumn(name = &quot;contact_id&quot;, referencedColumnName = &quot;contact_id&quot;)\r\n    @ManyToOne\r\n    private Contact contactId;\r\n    }\r\n\r\n    @Repository(&quot;contactDao&quot;)\r\n    @Transactional(readOnly = true)\r\n    public class ContactDaoImpl implements ContactDao {\r\n        @Transactional(readOnly = false, propagation = Propagation.REQUIRES_NEW)\r\n        public void save(Contact c) {\r\n        em.persist(c);\r\n        em.flush();\r\n        }\r\n    }\r\n\r\n\r\n    @Controller\r\n    public class ContactController {\r\n        @RequestMapping(value = &quot;/contact/new&quot;, method = RequestMethod.POST)\r\n        public ModelAndView newContact(Contact c) {\r\n        ModelAndView mv = new ModelAndView(&quot;contactForm&quot;);\r\n        contactDao.save(c);\r\n        mv.addObject(&quot;contact&quot;, c);\r\n        return mv;\r\n        }\r\n    }\r\n\r\nHopefully I got all of the relevant bits above, otherwise please let me know.",
            "link": "https://stackoverflow.com/questions/814474/jpa-not-saving-foreign-key-to-onetomany-relation",
            "title": "JPA not saving foreign key to @OneToMany relation",
            "body": "<p>I'm using Spring with Hibernate as a JPA provider and are trying to get a @OneToMany (a contact having many phonenumbers) to save the foreign key in the phone numbers table. From my form i get a Contact object that have a list of Phone(numbers) in it. The Contact get persisted properly (Hibernate fetches an PK from the specified sequence). The list of Phone(numbers) also gets persisted with a correct PK, but there's no FK to the Contacts table. </p>\n\n<pre><code>public class Contact implements Serializable {\n@OneToMany(mappedBy = \"contactId\", cascade = CascadeType.ALL, fetch=FetchType.EAGER)\nprivate List&lt;Phone&gt; phoneList;\n}\n\npublic class Phone implements Serializable {\n@JoinColumn(name = \"contact_id\", referencedColumnName = \"contact_id\")\n@ManyToOne\nprivate Contact contactId;\n}\n\n@Repository(\"contactDao\")\n@Transactional(readOnly = true)\npublic class ContactDaoImpl implements ContactDao {\n    @Transactional(readOnly = false, propagation = Propagation.REQUIRES_NEW)\n    public void save(Contact c) {\n    em.persist(c);\n    em.flush();\n    }\n}\n\n\n@Controller\npublic class ContactController {\n    @RequestMapping(value = \"/contact/new\", method = RequestMethod.POST)\n    public ModelAndView newContact(Contact c) {\n    ModelAndView mv = new ModelAndView(\"contactForm\");\n    contactDao.save(c);\n    mv.addObject(\"contact\", c);\n    return mv;\n    }\n}\n</code></pre>\n\n<p>Hopefully I got all of the relevant bits above, otherwise please let me know.</p>\n"
        },
        {
            "tags": [
                "php",
                "authentication",
                "google-authenticator"
            ],
            "owner": {
                "reputation": 431,
                "user_id": 3709060,
                "user_type": "registered",
                "accept_rate": 56,
                "profile_image": "https://www.gravatar.com/avatar/f0cdb05921b45491ac71d7a1051cb32e?s=128&d=identicon&r=PG&f=1",
                "display_name": "e_mam106",
                "link": "https://stackoverflow.com/users/3709060/e-mam106"
            },
            "is_answered": false,
            "view_count": 11,
            "answer_count": 0,
            "score": 0,
            "last_activity_date": 1524167087,
            "creation_date": 1524167087,
            "question_id": 49929068,
            "body_markdown": "How to correctly implement Google Authenticator\r\n\r\nI am trying to wrap my head around Google Authenticator implementation. I want to be able to replicate the iPhone google authenticator app, in other words I want my own app that spits out my gmail verification codes the same way that my iPhone app does it. I tried out this library that I can’t make it to work or there could be something I was doing incorrectly. https://github.com/PHPGangsta/GoogleAuthenticator\r\n\r\nHere are the steps I’ve taken:\r\n\r\n    1 - Went to accounts.google.com and scanned my barcode using my iPhone\r\n    2 - Saved the secret key\r\n    3 - And using the PHPGangsta library, generate 6 digit code with secret key \r\n    4 - Use code to sign in to my google account\r\n    5 - Sign in Failed \r\n    6 - Me sad\r\n\r\nHere is my code:\r\n\r\n    &lt;?php\r\n    require_once &#39;GoogleAuthenticator.php&#39;;\r\n    \r\n    $ga = new PHPGangsta_GoogleAuthenticator();\r\n    \r\n    $secret = &#39;mysecretkey1209312310293&#39;;\r\n    \r\n    echo &quot;Secret is: &quot;.$secret.&quot;\\n\\n&quot;;\r\n    \r\n    //not sure if this qrCodeUrl thing matters\r\n    $qrCodeUrl = $ga-&gt;getQRCodeGoogleUrl(&#39;my@google.com&#39;, $secret); \r\n    \r\n    echo &quot;Google Charts URL for the QR-Code: &quot;.$qrCodeUrl.&quot;\\n\\n&quot;;\r\n    \r\n    $oneCode = $ga-&gt;getCode($secret);\r\n    \r\n    echo &quot;Checking Code &#39;$oneCode&#39; and Secret &#39;$secret&#39;:\\n&quot;;\r\n    \r\n    $checkResult = $ga-&gt;verifyCode($secret, $oneCode, 2);    // 2 = 2*30sec clock tolerance\r\n    if ($checkResult) {\r\n        echo &#39;OK&#39;;\r\n    } else {\r\n        echo &#39;FAILED&#39;;\r\n    }\r\n\r\n",
            "link": "https://stackoverflow.com/questions/49929068/how-to-correctly-implement-google-authenticator",
            "title": "How to correctly implement Google Authenticator",
            "body": "<p>How to correctly implement Google Authenticator</p>\n\n<p>I am trying to wrap my head around Google Authenticator implementation. I want to be able to replicate the iPhone google authenticator app, in other words I want my own app that spits out my gmail verification codes the same way that my iPhone app does it. I tried out this library that I can’t make it to work or there could be something I was doing incorrectly. <a href=\"https://github.com/PHPGangsta/GoogleAuthenticator\" rel=\"nofollow noreferrer\">https://github.com/PHPGangsta/GoogleAuthenticator</a></p>\n\n<p>Here are the steps I’ve taken:</p>\n\n<pre><code>1 - Went to accounts.google.com and scanned my barcode using my iPhone\n2 - Saved the secret key\n3 - And using the PHPGangsta library, generate 6 digit code with secret key \n4 - Use code to sign in to my google account\n5 - Sign in Failed \n6 - Me sad\n</code></pre>\n\n<p>Here is my code:</p>\n\n<pre><code>&lt;?php\nrequire_once 'GoogleAuthenticator.php';\n\n$ga = new PHPGangsta_GoogleAuthenticator();\n\n$secret = 'mysecretkey1209312310293';\n\necho \"Secret is: \".$secret.\"\\n\\n\";\n\n//not sure if this qrCodeUrl thing matters\n$qrCodeUrl = $ga-&gt;getQRCodeGoogleUrl('my@google.com', $secret); \n\necho \"Google Charts URL for the QR-Code: \".$qrCodeUrl.\"\\n\\n\";\n\n$oneCode = $ga-&gt;getCode($secret);\n\necho \"Checking Code '$oneCode' and Secret '$secret':\\n\";\n\n$checkResult = $ga-&gt;verifyCode($secret, $oneCode, 2);    // 2 = 2*30sec clock tolerance\nif ($checkResult) {\n    echo 'OK';\n} else {\n    echo 'FAILED';\n}\n</code></pre>\n"
        },
        {
            "tags": [
                "swift",
                "pointers",
                "optional",
                "inout"
            ],
            "owner": {
                "reputation": 8638,
                "user_id": 179583,
                "user_type": "registered",
                "accept_rate": 35,
                "profile_image": "https://www.gravatar.com/avatar/d4df3d19d4f89cc9a151275748b1877b?s=128&d=identicon&r=PG",
                "display_name": "natevw",
                "link": "https://stackoverflow.com/users/179583/natevw"
            },
            "is_answered": true,
            "view_count": 27,
            "accepted_answer_id": 49929067,
            "answer_count": 1,
            "score": 2,
            "last_activity_date": 1524167082,
            "creation_date": 1524164735,
            "question_id": 49928472,
            "body_markdown": "It seems that Xcode 9.3 does fix [one issue I was having](https://stackoverflow.com/questions/48814508/are-implicitly-unwrapped-optionals-truly-optionals/48815104#48815104), but in Swift 4.1 the second half of this code still doesn&#39;t compile:\r\n\r\n    var obj: SomeClass!    ; class SomeClass {}\r\n    \r\n    func inoutFunc(_: inout SomeClass?) {}\r\n    inoutFunc(&amp;obj)     // works\r\n    \r\n    func pointerFunc(_: UnsafeMutablePointer&lt;SomeClass?&gt;) {}\r\n    pointerFunc(&amp;obj)  // &lt;-- COMPILER ERROR\r\n\r\nThe call to `inoutFunc` is now fine, but the call to `pointerFunc` still gives me an error:\r\n\r\n&gt; Cannot invoke &#39;pointerFunc&#39; with an argument list of type &#39;(inout SomeClass!)&#39;\r\n\r\nOr in the original context:\r\n\r\n&gt; Cannot pass immutable value of type &#39;ActualClass?&#39; as inout argument\r\n\r\nSimilar to my Swift 4.0 issue (where the `inoutFunc` didn&#39;t compile either) if I change the declaration to `var obj: SomeClass?` then the second function call compiles without complaint.\r\n\r\nIs this another lingering Swift bug related to Implicitly Unwrapped Optionals, or would this `UnsafeMutablePointer` situation not be expected to work like the `inout` version now does? Is there a relatively clean workaround?\r\n\r\n\r\n---\r\n\r\nBackground:\r\n\r\nIn the actual code, the `pointerFunc` call is an Apple framework function which either initializes the instance or returns an error status.\r\n\r\nSince I already `guard AppleFrameworkInitializer(&amp;obj) == noErr else { /* … */ }`, I don&#39;t want to deal with re-assigning from a temporary optional, or have to constantly unwrap `obj!` in all the code that follows.\r\n\r\nThat is, this seems like a legitimate use case for Implicitly Unwrapped Optionals and I&#39;m wondering why I still can&#39;t use one here.",
            "link": "https://stackoverflow.com/questions/49928472/why-cant-i-pass-an-implicitly-unwrapped-optional-as-an-unsafemutablepointer",
            "title": "Why can&#39;t I pass an implicitly unwrapped optional as an UnsafeMutablePointer?",
            "body": "<p>It seems that Xcode 9.3 does fix <a href=\"https://stackoverflow.com/questions/48814508/are-implicitly-unwrapped-optionals-truly-optionals/48815104#48815104\">one issue I was having</a>, but in Swift 4.1 the second half of this code still doesn't compile:</p>\n\n<pre><code>var obj: SomeClass!    ; class SomeClass {}\n\nfunc inoutFunc(_: inout SomeClass?) {}\ninoutFunc(&amp;obj)     // works\n\nfunc pointerFunc(_: UnsafeMutablePointer&lt;SomeClass?&gt;) {}\npointerFunc(&amp;obj)  // &lt;-- COMPILER ERROR\n</code></pre>\n\n<p>The call to <code>inoutFunc</code> is now fine, but the call to <code>pointerFunc</code> still gives me an error:</p>\n\n<blockquote>\n  <p>Cannot invoke 'pointerFunc' with an argument list of type '(inout SomeClass!)'</p>\n</blockquote>\n\n<p>Or in the original context:</p>\n\n<blockquote>\n  <p>Cannot pass immutable value of type 'ActualClass?' as inout argument</p>\n</blockquote>\n\n<p>Similar to my Swift 4.0 issue (where the <code>inoutFunc</code> didn't compile either) if I change the declaration to <code>var obj: SomeClass?</code> then the second function call compiles without complaint.</p>\n\n<p>Is this another lingering Swift bug related to Implicitly Unwrapped Optionals, or would this <code>UnsafeMutablePointer</code> situation not be expected to work like the <code>inout</code> version now does? Is there a relatively clean workaround?</p>\n\n<hr>\n\n<p>Background:</p>\n\n<p>In the actual code, the <code>pointerFunc</code> call is an Apple framework function which either initializes the instance or returns an error status.</p>\n\n<p>Since I already <code>guard AppleFrameworkInitializer(&amp;obj) == noErr else { /* … */ }</code>, I don't want to deal with re-assigning from a temporary optional, or have to constantly unwrap <code>obj!</code> in all the code that follows.</p>\n\n<p>That is, this seems like a legitimate use case for Implicitly Unwrapped Optionals and I'm wondering why I still can't use one here.</p>\n"
        },
        {
            "tags": [
                "jquery",
                "html",
                "css",
                "hover"
            ],
            "owner": {
                "reputation": 478,
                "user_id": 1142190,
                "user_type": "registered",
                "accept_rate": 67,
                "profile_image": "https://i.stack.imgur.com/61XUb.jpg?s=128&g=1",
                "display_name": "Tsukimoto Mitsumasa",
                "link": "https://stackoverflow.com/users/1142190/tsukimoto-mitsumasa"
            },
            "is_answered": true,
            "view_count": 124378,
            "accepted_answer_id": 11114577,
            "answer_count": 6,
            "score": 21,
            "last_activity_date": 1524167071,
            "creation_date": 1340176281,
            "last_edit_date": 1521649573,
            "question_id": 11114543,
            "body_markdown": "I would like to show and hide a div during hover and hover out.\r\n\r\nhere&#39;s what I&#39;ve done lately.\r\n\r\ncss\r\n\r\n    .flyout {\r\n\t    position: absolute;\r\n\t    width: 1000px;\r\n\t    height: 450px;\r\n\t    background: red;\r\n\t    overflow: hidden;\r\n\t    z-index: 10000;\r\n    }\r\n\r\n    .hidden {\r\n\t    visibility: hidden;\r\n    }\r\n\r\n\r\n\r\nhtml\r\n\r\n    &lt;div id=&quot;menu&quot; class=&quot;margint10 round-border&quot;&gt;\r\n\t\t\t\t\t&lt;a href=&quot;#&quot;&gt;&lt;img src=&quot;images/menu.jpg&quot; alt=&quot;&quot; id=&quot;menu_link&quot;/&gt;&lt;/a&gt;\r\n\t\t\t\t&lt;/div&gt;\r\n    &lt;div class=&quot;flyout hidden&quot;&gt;&amp;nbsp;&lt;/div&gt;\r\n\r\n\r\njavascript/jquery\r\n\r\n    $(&quot;#menu&quot;).hover(function(){\r\n\t\t$(&#39;.flyout&#39;).removeClass(&#39;hidden&#39;);\r\n\t},function(){\r\n\t\t$(&#39;.flyout&#39;).addClass(&#39;hidden&#39;);\r\n\t});\r\n\r\n\r\nMy problem is that when I hover on the menu id, the flyout div is blinking.\r\nwhy is that?",
            "link": "https://stackoverflow.com/questions/11114543/show-hide-a-div-on-hover-and-hover-out",
            "title": "show/hide a div on hover and hover out",
            "body": "<p>I would like to show and hide a div during hover and hover out.</p>\n\n<p>here's what I've done lately.</p>\n\n<p>css</p>\n\n<pre><code>.flyout {\n    position: absolute;\n    width: 1000px;\n    height: 450px;\n    background: red;\n    overflow: hidden;\n    z-index: 10000;\n}\n\n.hidden {\n    visibility: hidden;\n}\n</code></pre>\n\n<p>html</p>\n\n<pre><code>&lt;div id=\"menu\" class=\"margint10 round-border\"&gt;\n                &lt;a href=\"#\"&gt;&lt;img src=\"images/menu.jpg\" alt=\"\" id=\"menu_link\"/&gt;&lt;/a&gt;\n            &lt;/div&gt;\n&lt;div class=\"flyout hidden\"&gt;&amp;nbsp;&lt;/div&gt;\n</code></pre>\n\n<p>javascript/jquery</p>\n\n<pre><code>$(\"#menu\").hover(function(){\n    $('.flyout').removeClass('hidden');\n},function(){\n    $('.flyout').addClass('hidden');\n});\n</code></pre>\n\n<p>My problem is that when I hover on the menu id, the flyout div is blinking.\nwhy is that?</p>\n"
        },
        {
            "tags": [
                "android",
                "database",
                "parsing"
            ],
            "owner": {
                "reputation": 4,
                "user_id": 9582529,
                "user_type": "registered",
                "profile_image": "https://www.gravatar.com/avatar/b90ed775d3fe51fc8b12ea8ffb49a1aa?s=128&d=identicon&r=PG&f=1",
                "display_name": "Jacky Lim",
                "link": "https://stackoverflow.com/users/9582529/jacky-lim"
            },
            "is_answered": false,
            "view_count": 12,
            "answer_count": 0,
            "score": -1,
            "last_activity_date": 1524167065,
            "creation_date": 1524077000,
            "last_edit_date": 1524167065,
            "question_id": 49906872,
            "body_markdown": "I use Parse as back end. I wish to display all my items in parse server in a listview stated in xml. Based on the parse docs, it only provides way to display 1 object based on specified objectID. \r\n\r\nMay I know what is the correct way of listing all available objects and how to implement the display? Cause I am really stuck at displaying even a single object. Thanks",
            "link": "https://stackoverflow.com/questions/49906872/display-all-rows-in-parse-using-parse-query",
            "title": "Display all rows in Parse using parse query",
            "body": "<p>I use Parse as back end. I wish to display all my items in parse server in a listview stated in xml. Based on the parse docs, it only provides way to display 1 object based on specified objectID. </p>\n\n<p>May I know what is the correct way of listing all available objects and how to implement the display? Cause I am really stuck at displaying even a single object. Thanks</p>\n"
        }
    ],
    "has_more": true,
    "quota_max": 300,
    "quota_remaining": 157
}